#
# There is insufficient memory for the Java Runtime Environment to continue.
# Native memory allocation (mmap) failed to map 71303168 bytes for Failed to commit area from 0x0000000095100000 to 0x0000000099500000 of length 71303168.
# Possible reasons:
#   The system is out of physical RAM or swap space
#   The process is running with CompressedOops enabled, and the Java Heap may be blocking the growth of the native heap
# Possible solutions:
#   Reduce memory load on the system
#   Increase physical memory or swap space
#   Check if swap backing store is full
#   Decrease Java heap size (-Xmx/-Xms)
#   Decrease number of Java threads
#   Decrease Java thread stack sizes (-Xss)
#   Set larger code cache with -XX:ReservedCodeCacheSize=
#   JVM is running with Unscaled Compressed Oops mode in which the Java heap is
#     placed in the first 4GB address space. The Java Heap base address is the
#     maximum limit for the native heap growth. Please use -XX:HeapBaseMinAddress
#     to set the Java Heap base and to place the Java Heap above 4GB virtual address.
# This output file may be truncated or incomplete.
#
#  Out of Memory Error (./src/hotspot/os/windows/os_windows.cpp:3521), pid=13496, tid=4356
#
# JRE version: OpenJDK Runtime Environment (11.0.12+7) (build 11.0.12+7-b1504.28-7817840)
# Java VM: OpenJDK 64-Bit Server VM (11.0.12+7-b1504.28-7817840, mixed mode, tiered, compressed oops, g1 gc, windows-amd64)
# No core dump will be written. Minidumps are not enabled by default on client versions of Windows
#

---------------  S U M M A R Y ------------

Command Line: --add-opens=java.base/java.util=ALL-UNNAMED --add-opens=java.base/java.lang=ALL-UNNAMED --add-opens=java.base/java.lang.invoke=ALL-UNNAMED --add-opens=java.base/java.util=ALL-UNNAMED --add-opens=java.prefs/java.util.prefs=ALL-UNNAMED --add-opens=java.prefs/java.util.prefs=ALL-UNNAMED --add-opens=java.base/java.nio.charset=ALL-UNNAMED --add-opens=java.base/java.net=ALL-UNNAMED --add-opens=java.base/java.util.concurrent.atomic=ALL-UNNAMED -Xmx2048m -Dfile.encoding=UTF-8 -Duser.country=RU -Duser.language=ru -Duser.variant org.gradle.launcher.daemon.bootstrap.GradleDaemon 7.3.3

Host: Intel(R) Core(TM) i3-7020U CPU @ 2.30GHz, 4 cores, 7G,  Windows 10 , 64 bit Build 19041 (10.0.19041.5072)
Time: Tue Dec 10 03:33:57 2024 ќмское стандартное врем€ elapsed time: 39.175054 seconds (0d 0h 0m 39s)

---------------  T H R E A D  ---------------

Current thread (0x000001f96c198800):  VMThread "VM Thread" [stack: 0x000000c063800000,0x000000c063900000] [id=4356]

Stack: [0x000000c063800000,0x000000c063900000]
[error occurred during error reporting (printing stack bounds), id 0xc0000005, EXCEPTION_ACCESS_VIOLATION (0xc0000005) at pc=0x000001f9560b112d]

Native frames: (J=compiled Java code, j=interpreted, Vv=VM code, C=native code)
V  [jvm.dll+0x5fbcea]
V  [jvm.dll+0x731905]
V  [jvm.dll+0x732f1d]
V  [jvm.dll+0x733535]
V  [jvm.dll+0x7334eb]
V  [jvm.dll+0x5fb080]
V  [jvm.dll+0x5fb818]
C  [ntdll.dll+0xa28bf]
C  [ntdll.dll+0x52554]
C  [ntdll.dll+0xa13ce]
C  0x000001f9560b112d

VM_Operation (0x000000c066bf96c0): G1CollectForAllocation, mode: safepoint, requested by thread 0x000001f973a46800


---------------  P R O C E S S  ---------------

Threads class SMR info:
_java_thread_list=0x000001f9743a9180, length=88, elements={
0x000001f9525a6800, 0x000001f96c19c800, 0x000001f96c19e000, 0x000001f96cb33800,
0x000001f96c1b8800, 0x000001f96c1bb800, 0x000001f96c1be800, 0x000001f96c1cb000,
0x000001f96c1cc000, 0x000001f96cc82800, 0x000001f96eeeb800, 0x000001f96eeea000,
0x000001f96eee8800, 0x000001f96eeec800, 0x000001f96eeee000, 0x000001f96eeed800,
0x000001f96eeef000, 0x000001f96f14e000, 0x000001f96eeeb000, 0x000001f96eee9000,
0x000001f96f66a800, 0x000001f96f66d000, 0x000001f96f669000, 0x000001f96f66f800,
0x000001f96f669800, 0x000001f96f66b800, 0x000001f96f66c000, 0x000001f96f66e000,
0x000001f96f66e800, 0x000001f970788000, 0x000001f970784800, 0x000001f970784000,
0x000001f970785800, 0x000001f970789000, 0x000001f970783000, 0x000001f97078f800,
0x000001f97078a800, 0x000001f970789800, 0x000001f970790000, 0x000001f970791000,
0x000001f97078e800, 0x000001f97078d800, 0x000001f97078b000, 0x000001f97078c000,
0x000001f97078d000, 0x000001f973a42800, 0x000001f973a45000, 0x000001f973a46800,
0x000001f973a45800, 0x000001f973a40800, 0x000001f973a43000, 0x000001f973a47800,
0x000001f973a41800, 0x000001f973a44000, 0x000001f973a4e000, 0x000001f973a4d000,
0x000001f973a4a800, 0x000001f973a49000, 0x000001f973a4c000, 0x000001f973a48000,
0x000001f973a4e800, 0x000001f973a4f800, 0x000001f973a4b800, 0x000001f973a49800,
0x000001f96cc8c000, 0x000001f96cc8e800, 0x000001f96cc8e000, 0x000001f96cc8f800,
0x000001f96cc8d000, 0x000001f96cc92000, 0x000001f96cc95000, 0x000001f96cc96000,
0x000001f96cc92800, 0x000001f96cc93800, 0x000001f96cc94800, 0x000001f96cc90000,
0x000001f96cc91000, 0x000001f96cc97000, 0x000001f96cc97800, 0x000001f96cc99000,
0x000001f96cc9a000, 0x000001f96cc9b000, 0x000001f9788d0800, 0x000001f9788cd000,
0x000001f9788cc800, 0x000001f9788cf000, 0x000001f9788ce000, 0x000001f9788cb000
}

Java Threads: ( => current thread )
  0x000001f9525a6800 JavaThread "main" [_thread_blocked, id=2396, stack(0x000000c063200000,0x000000c063300000)]
  0x000001f96c19c800 JavaThread "Reference Handler" daemon [_thread_blocked, id=5144, stack(0x000000c063900000,0x000000c063a00000)]
  0x000001f96c19e000 JavaThread "Finalizer" daemon [_thread_blocked, id=11704, stack(0x000000c063a00000,0x000000c063b00000)]
  0x000001f96cb33800 JavaThread "Signal Dispatcher" daemon [_thread_blocked, id=9132, stack(0x000000c063b00000,0x000000c063c00000)]
  0x000001f96c1b8800 JavaThread "Attach Listener" daemon [_thread_blocked, id=5956, stack(0x000000c063c00000,0x000000c063d00000)]
  0x000001f96c1bb800 JavaThread "Service Thread" daemon [_thread_blocked, id=10524, stack(0x000000c063d00000,0x000000c063e00000)]
  0x000001f96c1be800 JavaThread "C2 CompilerThread0" daemon [_thread_in_native, id=11984, stack(0x000000c063e00000,0x000000c063f00000)]
  0x000001f96c1cb000 JavaThread "C1 CompilerThread0" daemon [_thread_blocked, id=1156, stack(0x000000c063f00000,0x000000c064000000)]
  0x000001f96c1cc000 JavaThread "Sweeper thread" daemon [_thread_blocked, id=7844, stack(0x000000c064000000,0x000000c064100000)]
  0x000001f96cc82800 JavaThread "Common-Cleaner" daemon [_thread_blocked, id=10260, stack(0x000000c064100000,0x000000c064200000)]
  0x000001f96eeeb800 JavaThread "Daemon health stats" [_thread_blocked, id=5716, stack(0x000000c064600000,0x000000c064700000)]
  0x000001f96eeea000 JavaThread "Incoming local TCP Connector on port 31625" [_thread_in_native, id=5712, stack(0x000000c064300000,0x000000c064400000)]
  0x000001f96eee8800 JavaThread "Daemon periodic checks" [_thread_blocked, id=12136, stack(0x000000c064700000,0x000000c064800000)]
  0x000001f96eeec800 JavaThread "Daemon" [_thread_blocked, id=5328, stack(0x000000c064800000,0x000000c064900000)]
  0x000001f96eeee000 JavaThread "Handler for socket connection from /127.0.0.1:31625 to /127.0.0.1:31626" [_thread_in_native, id=13832, stack(0x000000c064900000,0x000000c064a00000)]
  0x000001f96eeed800 JavaThread "Cancel handler" [_thread_blocked, id=5012, stack(0x000000c064a00000,0x000000c064b00000)]
  0x000001f96eeef000 JavaThread "Daemon worker" [_thread_blocked, id=1956, stack(0x000000c064b00000,0x000000c064c00000)]
  0x000001f96f14e000 JavaThread "C2 CompilerThread1" daemon [_thread_blocked, id=8796, stack(0x000000c064c00000,0x000000c064d00000)]
  0x000001f96eeeb000 JavaThread "Asynchronous log dispatcher for DefaultDaemonConnection: socket connection from /127.0.0.1:31625 to /127.0.0.1:31626" [_thread_blocked, id=5088, stack(0x000000c064d00000,0x000000c064e00000)]
  0x000001f96eee9000 JavaThread "Stdin handler" [_thread_blocked, id=4764, stack(0x000000c064e00000,0x000000c064f00000)]
  0x000001f96f66a800 JavaThread "Daemon client event forwarder" [_thread_blocked, id=4352, stack(0x000000c064f00000,0x000000c065000000)]
  0x000001f96f66d000 JavaThread "Cache worker for journal cache (C:\Users\Sultan\.gradle\caches\journal-1)" [_thread_blocked, id=10264, stack(0x000000c065100000,0x000000c065200000)]
  0x000001f96f669000 JavaThread "File lock request listener" [_thread_in_native, id=12712, stack(0x000000c065200000,0x000000c065300000)]
  0x000001f96f66f800 JavaThread "Cache worker for file hash cache (C:\Users\Sultan\.gradle\caches\7.3.3\fileHashes)" [_thread_blocked, id=11228, stack(0x000000c065300000,0x000000c065400000)]
  0x000001f96f669800 JavaThread "Cache worker for file hash cache (F:\NeobisProjects\JapanQuizy\.gradle\7.3.3\fileHashes)" [_thread_blocked, id=13836, stack(0x000000c065400000,0x000000c065500000)]
  0x000001f96f66b800 JavaThread "File watcher server" daemon [_thread_blocked, id=7312, stack(0x000000c065500000,0x000000c065600000)]
  0x000001f96f66c000 JavaThread "File watcher consumer" daemon [_thread_blocked, id=428, stack(0x000000c065600000,0x000000c065700000)]
  0x000001f96f66e000 JavaThread "Cache worker for checksums cache (F:\NeobisProjects\JapanQuizy\.gradle\7.3.3\checksums)" [_thread_blocked, id=1316, stack(0x000000c065700000,0x000000c065800000)]
  0x000001f96f66e800 JavaThread "Cache worker for cache directory md-supplier (C:\Users\Sultan\.gradle\caches\7.3.3\md-supplier)" [_thread_blocked, id=10972, stack(0x000000c065800000,0x000000c065900000)]
  0x000001f970788000 JavaThread "Cache worker for cache directory md-rule (C:\Users\Sultan\.gradle\caches\7.3.3\md-rule)" [_thread_blocked, id=12084, stack(0x000000c065900000,0x000000c065a00000)]
  0x000001f970784800 JavaThread "Cache worker for execution history cache (C:\Users\Sultan\.gradle\caches\7.3.3\executionHistory)" [_thread_blocked, id=13520, stack(0x000000c065a00000,0x000000c065b00000)]
  0x000001f970784000 JavaThread "jar transforms" [_thread_blocked, id=11088, stack(0x000000c065b00000,0x000000c065c00000)]
  0x000001f970785800 JavaThread "Cache worker for file content cache (C:\Users\Sultan\.gradle\caches\7.3.3\fileContent)" [_thread_blocked, id=13764, stack(0x000000c065c00000,0x000000c065d00000)]
  0x000001f970789000 JavaThread "jar transforms Thread 2" [_thread_blocked, id=4080, stack(0x000000c065d00000,0x000000c065e00000)]
  0x000001f970783000 JavaThread "Cache worker for dependencies-accessors (F:\NeobisProjects\JapanQuizy\.gradle\7.3.3\dependencies-accessors)" [_thread_blocked, id=13484, stack(0x000000c065e00000,0x000000c065f00000)]
  0x000001f97078f800 JavaThread "jar transforms Thread 3" [_thread_blocked, id=2784, stack(0x000000c065f00000,0x000000c066000000)]
  0x000001f97078a800 JavaThread "Cache worker for Build Output Cleanup Cache (F:\NeobisProjects\JapanQuizy\.gradle\buildOutputCleanup)" [_thread_blocked, id=13084, stack(0x000000c066000000,0x000000c066100000)]
  0x000001f970789800 JavaThread "Unconstrained build operations" [_thread_blocked, id=5536, stack(0x000000c066100000,0x000000c066200000)]
  0x000001f970790000 JavaThread "Unconstrained build operations Thread 2" [_thread_blocked, id=10744, stack(0x000000c066200000,0x000000c066300000)]
  0x000001f970791000 JavaThread "Unconstrained build operations Thread 3" [_thread_blocked, id=9860, stack(0x000000c066300000,0x000000c066400000)]
  0x000001f97078e800 JavaThread "Unconstrained build operations Thread 4" [_thread_blocked, id=13620, stack(0x000000c066400000,0x000000c066500000)]
  0x000001f97078d800 JavaThread "Unconstrained build operations Thread 5" [_thread_blocked, id=8116, stack(0x000000c066500000,0x000000c066600000)]
  0x000001f97078b000 JavaThread "Unconstrained build operations Thread 6" [_thread_blocked, id=7152, stack(0x000000c066600000,0x000000c066700000)]
  0x000001f97078c000 JavaThread "Unconstrained build operations Thread 7" [_thread_blocked, id=7916, stack(0x000000c066700000,0x000000c066800000)]
  0x000001f97078d000 JavaThread "Unconstrained build operations Thread 8" [_thread_blocked, id=13776, stack(0x000000c066800000,0x000000c066900000)]
  0x000001f973a42800 JavaThread "Unconstrained build operations Thread 9" [_thread_blocked, id=2188, stack(0x000000c066900000,0x000000c066a00000)]
  0x000001f973a45000 JavaThread "Unconstrained build operations Thread 10" [_thread_blocked, id=7596, stack(0x000000c066a00000,0x000000c066b00000)]
  0x000001f973a46800 JavaThread "Unconstrained build operations Thread 11" [_thread_blocked, id=3936, stack(0x000000c066b00000,0x000000c066c00000)]
  0x000001f973a45800 JavaThread "Unconstrained build operations Thread 12" [_thread_blocked, id=13436, stack(0x000000c066c00000,0x000000c066d00000)]
  0x000001f973a40800 JavaThread "Unconstrained build operations Thread 13" [_thread_blocked, id=7172, stack(0x000000c066d00000,0x000000c066e00000)]
  0x000001f973a43000 JavaThread "Unconstrained build operations Thread 14" [_thread_blocked, id=10444, stack(0x000000c066e00000,0x000000c066f00000)]
  0x000001f973a47800 JavaThread "Unconstrained build operations Thread 15" [_thread_blocked, id=8612, stack(0x000000c066f00000,0x000000c067000000)]
  0x000001f973a41800 JavaThread "Unconstrained build operations Thread 16" [_thread_blocked, id=11720, stack(0x000000c067000000,0x000000c067100000)]
  0x000001f973a44000 JavaThread "Unconstrained build operations Thread 17" [_thread_blocked, id=4844, stack(0x000000c067100000,0x000000c067200000)]
  0x000001f973a4e000 JavaThread "Unconstrained build operations Thread 18" [_thread_blocked, id=10920, stack(0x000000c067200000,0x000000c067300000)]
  0x000001f973a4d000 JavaThread "Unconstrained build operations Thread 19" [_thread_blocked, id=13380, stack(0x000000c067300000,0x000000c067400000)]
  0x000001f973a4a800 JavaThread "Unconstrained build operations Thread 20" [_thread_blocked, id=9848, stack(0x000000c067400000,0x000000c067500000)]
  0x000001f973a49000 JavaThread "Unconstrained build operations Thread 21" [_thread_blocked, id=1832, stack(0x000000c067500000,0x000000c067600000)]
  0x000001f973a4c000 JavaThread "Unconstrained build operations Thread 22" [_thread_blocked, id=9092, stack(0x000000c067600000,0x000000c067700000)]
  0x000001f973a48000 JavaThread "Unconstrained build operations Thread 23" [_thread_blocked, id=7380, stack(0x000000c067700000,0x000000c067800000)]
  0x000001f973a4e800 JavaThread "Unconstrained build operations Thread 24" [_thread_blocked, id=7624, stack(0x000000c067800000,0x000000c067900000)]
  0x000001f973a4f800 JavaThread "Unconstrained build operations Thread 25" [_thread_blocked, id=12620, stack(0x000000c067900000,0x000000c067a00000)]
  0x000001f973a4b800 JavaThread "Unconstrained build operations Thread 26" [_thread_blocked, id=5028, stack(0x000000c067a00000,0x000000c067b00000)]
  0x000001f973a49800 JavaThread "Unconstrained build operations Thread 27" [_thread_blocked, id=13112, stack(0x000000c067b00000,0x000000c067c00000)]
  0x000001f96cc8c000 JavaThread "Unconstrained build operations Thread 28" [_thread_blocked, id=13932, stack(0x000000c067c00000,0x000000c067d00000)]
  0x000001f96cc8e800 JavaThread "Unconstrained build operations Thread 29" [_thread_blocked, id=11892, stack(0x000000c067d00000,0x000000c067e00000)]
  0x000001f96cc8e000 JavaThread "Unconstrained build operations Thread 30" [_thread_blocked, id=10316, stack(0x000000c067e00000,0x000000c067f00000)]
  0x000001f96cc8f800 JavaThread "Unconstrained build operations Thread 31" [_thread_blocked, id=13128, stack(0x000000c067f00000,0x000000c068000000)]
  0x000001f96cc8d000 JavaThread "Unconstrained build operations Thread 32" [_thread_blocked, id=10900, stack(0x000000c068000000,0x000000c068100000)]
  0x000001f96cc92000 JavaThread "Unconstrained build operations Thread 33" [_thread_blocked, id=8424, stack(0x000000c068100000,0x000000c068200000)]
  0x000001f96cc95000 JavaThread "Unconstrained build operations Thread 34" [_thread_blocked, id=5368, stack(0x000000c068200000,0x000000c068300000)]
  0x000001f96cc96000 JavaThread "Unconstrained build operations Thread 35" [_thread_blocked, id=3720, stack(0x000000c068300000,0x000000c068400000)]
  0x000001f96cc92800 JavaThread "Unconstrained build operations Thread 36" [_thread_blocked, id=2232, stack(0x000000c068400000,0x000000c068500000)]
  0x000001f96cc93800 JavaThread "Unconstrained build operations Thread 37" [_thread_blocked, id=5236, stack(0x000000c068500000,0x000000c068600000)]
  0x000001f96cc94800 JavaThread "Unconstrained build operations Thread 38" [_thread_blocked, id=1296, stack(0x000000c068600000,0x000000c068700000)]
  0x000001f96cc90000 JavaThread "Unconstrained build operations Thread 39" [_thread_blocked, id=9868, stack(0x000000c068700000,0x000000c068800000)]
  0x000001f96cc91000 JavaThread "Unconstrained build operations Thread 40" [_thread_blocked, id=13264, stack(0x000000c068800000,0x000000c068900000)]
  0x000001f96cc97000 JavaThread "jar transforms Thread 4" [_thread_blocked, id=8240, stack(0x000000c068900000,0x000000c068a00000)]
  0x000001f96cc97800 JavaThread "Memory manager" [_thread_blocked, id=6328, stack(0x000000c068a00000,0x000000c068b00000)]
  0x000001f96cc99000 JavaThread "build event listener" [_thread_blocked, id=11840, stack(0x000000c068b00000,0x000000c068c00000)]
  0x000001f96cc9a000 JavaThread "pool-3-thread-1" [_thread_blocked, id=7444, stack(0x000000c068c00000,0x000000c068d00000)]
  0x000001f96cc9b000 JavaThread "build event listener" [_thread_blocked, id=912, stack(0x000000c068d00000,0x000000c068e00000)]
  0x000001f9788d0800 JavaThread "Execution worker for ':'" [_thread_blocked, id=11876, stack(0x000000c068e00000,0x000000c068f00000)]
  0x000001f9788cd000 JavaThread "Execution worker for ':' Thread 2" [_thread_blocked, id=9720, stack(0x000000c068f00000,0x000000c069000000)]
  0x000001f9788cc800 JavaThread "Execution worker for ':' Thread 3" [_thread_blocked, id=2776, stack(0x000000c069000000,0x000000c069100000)]
  0x000001f9788cf000 JavaThread "Cache worker for execution history cache (F:\NeobisProjects\JapanQuizy\.gradle\7.3.3\executionHistory)" [_thread_blocked, id=14108, stack(0x000000c069100000,0x000000c069200000)]
  0x000001f9788ce000 JavaThread "WorkerExecutor Queue" [_thread_blocked, id=256, stack(0x000000c069200000,0x000000c069300000)]
  0x000001f9788cb000 JavaThread "WorkerExecutor Queue Thread 2" [_thread_blocked, id=11956, stack(0x000000c069300000,0x000000c069400000)]

Other Threads:
=>0x000001f96c198800 VMThread "VM Thread" [stack: 0x000000c063800000,0x000000c063900000] [id=4356]
  0x000001f96ccae000 WatcherThread [stack: 0x000000c064200000,0x000000c064300000] [id=10560]
  0x000001f9525bf000 GCTaskThread "GC Thread#0" [stack: 0x000000c063300000,0x000000c063400000] [id=2524]
  0x000001f96d5c9800 GCTaskThread "GC Thread#1" [stack: 0x000000c064400000,0x000000c064500000] [id=11952]
  0x000001f96cf96000 GCTaskThread "GC Thread#2" [stack: 0x000000c064500000,0x000000c064600000] [id=8008]
  0x000001f96dd6e000 GCTaskThread "GC Thread#3" [stack: 0x000000c065000000,0x000000c065100000] [id=7796]
  0x000001f9525ef000 ConcurrentGCThread "G1 Main Marker" [stack: 0x000000c063400000,0x000000c063500000] [id=11292]
  0x000001f9525f0800 ConcurrentGCThread "G1 Conc#0" [stack: 0x000000c063500000,0x000000c063600000] [id=12408]
  0x000001f952672000 ConcurrentGCThread "G1 Refine#0" [stack: 0x000000c063600000,0x000000c063700000] [id=3024]
  0x000001f96bff0800 ConcurrentGCThread "G1 Young RemSet Sampling" [stack: 0x000000c063700000,0x000000c063800000] [id=13140]

Threads with active compile tasks:
C2 CompilerThread0  39188 16612       4       com.android.tools.r8.ir.regalloc.b::a (1832 bytes)
C1 CompilerThread0  39188 16723       2       com.android.tools.r8.graph.M::getAccessFlags (5 bytes)
C2 CompilerThread1  39188 16687       4       com.android.tools.r8.internal.Ql::a (1123 bytes)

VM state:at safepoint (normal execution)

VM Mutex/Monitor currently owned by a thread:  ([mutex/lock_event])
[0x000001f9525a1a70] Threads_lock - owner thread: 0x000001f96c198800
[0x000001f9525a1b00] Heap_lock - owner thread: 0x000001f973a46800

Heap address: 0x0000000080000000, size: 2048 MB, Compressed Oops mode: 32-bit
Narrow klass base: 0x0000000000000000, Narrow klass shift: 3
Compressed class space size: 1073741824 Address: 0x0000000100000000

Heap:
 garbage-first heap   total 414720K, used 156541K [0x0000000080000000, 0x0000000100000000)
  region size 1024K, 10 young (10240K), 10 survivors (10240K)
 Metaspace       used 109115K, capacity 111767K, committed 111880K, reserved 1146880K
  class space    used 13939K, capacity 15001K, committed 15052K, reserved 1048576K
Heap Regions: E=young(eden), S=young(survivor), O=old, HS=humongous(starts), HC=humongous(continues), CS=collection set, F=free, A=archive, TAMS=top-at-mark-start (previous, next)
|   0|0x0000000080000000, 0x0000000080100000, 0x0000000080100000|100%| O|  |TAMS 0x0000000080100000, 0x0000000080000000| Untracked 
|   1|0x0000000080100000, 0x0000000080200000, 0x0000000080200000|100%| O|  |TAMS 0x0000000080200000, 0x0000000080100000| Untracked 
|   2|0x0000000080200000, 0x0000000080300000, 0x0000000080300000|100%| O|  |TAMS 0x0000000080300000, 0x0000000080200000| Untracked 
|   3|0x0000000080300000, 0x0000000080400000, 0x0000000080400000|100%|HS|  |TAMS 0x0000000080400000, 0x0000000080300000| Complete 
|   4|0x0000000080400000, 0x0000000080500000, 0x0000000080500000|100%|HC|  |TAMS 0x0000000080500000, 0x0000000080400000| Complete 
|   5|0x0000000080500000, 0x0000000080600000, 0x0000000080600000|100%|HC|  |TAMS 0x0000000080600000, 0x0000000080500000| Complete 
|   6|0x0000000080600000, 0x0000000080700000, 0x0000000080700000|100%| O|  |TAMS 0x0000000080700000, 0x0000000080600000| Untracked 
|   7|0x0000000080700000, 0x0000000080800000, 0x0000000080800000|100%| O|  |TAMS 0x0000000080800000, 0x0000000080700000| Untracked 
|   8|0x0000000080800000, 0x0000000080900000, 0x0000000080900000|100%| O|  |TAMS 0x0000000080900000, 0x0000000080800000| Untracked 
|   9|0x0000000080900000, 0x0000000080a00000, 0x0000000080a00000|100%| O|  |TAMS 0x0000000080a00000, 0x0000000080900000| Untracked 
|  10|0x0000000080a00000, 0x0000000080b00000, 0x0000000080b00000|100%| O|  |TAMS 0x0000000080b00000, 0x0000000080a00000| Untracked 
|  11|0x0000000080b00000, 0x0000000080c00000, 0x0000000080c00000|100%| O|  |TAMS 0x0000000080c00000, 0x0000000080b00000| Untracked 
|  12|0x0000000080c00000, 0x0000000080d00000, 0x0000000080d00000|100%| O|  |TAMS 0x0000000080d00000, 0x0000000080c00000| Untracked 
|  13|0x0000000080d00000, 0x0000000080e00000, 0x0000000080e00000|100%| O|  |TAMS 0x0000000080e00000, 0x0000000080d00000| Untracked 
|  14|0x0000000080e00000, 0x0000000080f00000, 0x0000000080f00000|100%| O|  |TAMS 0x0000000080f00000, 0x0000000080e00000| Untracked 
|  15|0x0000000080f00000, 0x0000000081000000, 0x0000000081000000|100%| O|  |TAMS 0x0000000081000000, 0x0000000080f00000| Untracked 
|  16|0x0000000081000000, 0x0000000081100000, 0x0000000081100000|100%| O|  |TAMS 0x0000000081100000, 0x0000000081000000| Untracked 
|  17|0x0000000081100000, 0x0000000081200000, 0x0000000081200000|100%|HS|  |TAMS 0x0000000081200000, 0x0000000081100000| Complete 
|  18|0x0000000081200000, 0x0000000081300000, 0x0000000081300000|100%| O|  |TAMS 0x0000000081300000, 0x0000000081200000| Untracked 
|  19|0x0000000081300000, 0x0000000081400000, 0x0000000081400000|100%| O|  |TAMS 0x0000000081400000, 0x0000000081300000| Untracked 
|  20|0x0000000081400000, 0x0000000081500000, 0x0000000081500000|100%| O|  |TAMS 0x0000000081500000, 0x0000000081400000| Untracked 
|  21|0x0000000081500000, 0x0000000081600000, 0x0000000081600000|100%| O|  |TAMS 0x0000000081600000, 0x0000000081500000| Untracked 
|  22|0x0000000081600000, 0x0000000081700000, 0x0000000081700000|100%| O|  |TAMS 0x0000000081700000, 0x0000000081600000| Untracked 
|  23|0x0000000081700000, 0x0000000081800000, 0x0000000081800000|100%| O|  |TAMS 0x0000000081800000, 0x0000000081700000| Untracked 
|  24|0x0000000081800000, 0x0000000081900000, 0x0000000081900000|100%| O|  |TAMS 0x0000000081900000, 0x0000000081800000| Untracked 
|  25|0x0000000081900000, 0x0000000081a00000, 0x0000000081a00000|100%| O|  |TAMS 0x0000000081a00000, 0x0000000081900000| Untracked 
|  26|0x0000000081a00000, 0x0000000081b00000, 0x0000000081b00000|100%| O|  |TAMS 0x0000000081b00000, 0x0000000081a00000| Untracked 
|  27|0x0000000081b00000, 0x0000000081c00000, 0x0000000081c00000|100%| O|  |TAMS 0x0000000081c00000, 0x0000000081b00000| Untracked 
|  28|0x0000000081c00000, 0x0000000081d00000, 0x0000000081d00000|100%|HS|  |TAMS 0x0000000081d00000, 0x0000000081c00000| Complete 
|  29|0x0000000081d00000, 0x0000000081e00000, 0x0000000081e00000|100%|HS|  |TAMS 0x0000000081e00000, 0x0000000081d00000| Complete 
|  30|0x0000000081e00000, 0x0000000081f00000, 0x0000000081f00000|100%|HS|  |TAMS 0x0000000081f00000, 0x0000000081e00000| Complete 
|  31|0x0000000081f00000, 0x0000000082000000, 0x0000000082000000|100%|HC|  |TAMS 0x0000000082000000, 0x0000000081f00000| Complete 
|  32|0x0000000082000000, 0x0000000082100000, 0x0000000082100000|100%|HC|  |TAMS 0x0000000082100000, 0x0000000082000000| Complete 
|  33|0x0000000082100000, 0x0000000082200000, 0x0000000082200000|100%|HS|  |TAMS 0x0000000082200000, 0x0000000082100000| Complete 
|  34|0x0000000082200000, 0x0000000082300000, 0x0000000082300000|100%|HC|  |TAMS 0x0000000082300000, 0x0000000082200000| Complete 
|  35|0x0000000082300000, 0x0000000082400000, 0x0000000082400000|100%| O|  |TAMS 0x0000000082400000, 0x0000000082300000| Untracked 
|  36|0x0000000082400000, 0x0000000082500000, 0x0000000082500000|100%| O|  |TAMS 0x0000000082500000, 0x0000000082400000| Untracked 
|  37|0x0000000082500000, 0x0000000082600000, 0x0000000082600000|100%| O|  |TAMS 0x0000000082600000, 0x0000000082500000| Untracked 
|  38|0x0000000082600000, 0x0000000082700000, 0x0000000082700000|100%| O|  |TAMS 0x0000000082700000, 0x0000000082600000| Untracked 
|  39|0x0000000082700000, 0x0000000082800000, 0x0000000082800000|100%| O|  |TAMS 0x0000000082800000, 0x0000000082700000| Untracked 
|  40|0x0000000082800000, 0x0000000082900000, 0x0000000082900000|100%| O|  |TAMS 0x0000000082900000, 0x0000000082800000| Untracked 
|  41|0x0000000082900000, 0x0000000082a00000, 0x0000000082a00000|100%| O|  |TAMS 0x0000000082a00000, 0x0000000082900000| Untracked 
|  42|0x0000000082a00000, 0x0000000082b00000, 0x0000000082b00000|100%| O|  |TAMS 0x0000000082b00000, 0x0000000082a00000| Untracked 
|  43|0x0000000082b00000, 0x0000000082c00000, 0x0000000082c00000|100%| O|  |TAMS 0x0000000082c00000, 0x0000000082b00000| Untracked 
|  44|0x0000000082c00000, 0x0000000082d00000, 0x0000000082d00000|100%| O|  |TAMS 0x0000000082d00000, 0x0000000082c00000| Untracked 
|  45|0x0000000082d00000, 0x0000000082e00000, 0x0000000082e00000|100%| O|  |TAMS 0x0000000082e00000, 0x0000000082d00000| Untracked 
|  46|0x0000000082e00000, 0x0000000082f00000, 0x0000000082f00000|100%| O|  |TAMS 0x0000000082f00000, 0x0000000082e00000| Untracked 
|  47|0x0000000082f00000, 0x0000000083000000, 0x0000000083000000|100%| O|  |TAMS 0x0000000083000000, 0x0000000082f00000| Untracked 
|  48|0x0000000083000000, 0x0000000083100000, 0x0000000083100000|100%| O|  |TAMS 0x0000000083100000, 0x0000000083000000| Untracked 
|  49|0x0000000083100000, 0x0000000083200000, 0x0000000083200000|100%| O|  |TAMS 0x0000000083200000, 0x0000000083100000| Untracked 
|  50|0x0000000083200000, 0x0000000083300000, 0x0000000083300000|100%| O|  |TAMS 0x0000000083300000, 0x0000000083200000| Untracked 
|  51|0x0000000083300000, 0x0000000083400000, 0x0000000083400000|100%| O|  |TAMS 0x0000000083400000, 0x0000000083300000| Untracked 
|  52|0x0000000083400000, 0x0000000083500000, 0x0000000083500000|100%| O|  |TAMS 0x0000000083500000, 0x0000000083400000| Untracked 
|  53|0x0000000083500000, 0x0000000083600000, 0x0000000083600000|100%| O|  |TAMS 0x0000000083600000, 0x0000000083500000| Untracked 
|  54|0x0000000083600000, 0x0000000083700000, 0x0000000083700000|100%| O|  |TAMS 0x0000000083700000, 0x0000000083600000| Untracked 
|  55|0x0000000083700000, 0x0000000083800000, 0x0000000083800000|100%| O|  |TAMS 0x0000000083800000, 0x0000000083700000| Untracked 
|  56|0x0000000083800000, 0x0000000083900000, 0x0000000083900000|100%| O|  |TAMS 0x0000000083900000, 0x0000000083800000| Untracked 
|  57|0x0000000083900000, 0x0000000083a00000, 0x0000000083a00000|100%| O|  |TAMS 0x0000000083a00000, 0x0000000083900000| Untracked 
|  58|0x0000000083a00000, 0x0000000083b00000, 0x0000000083b00000|100%| O|  |TAMS 0x0000000083b00000, 0x0000000083a00000| Untracked 
|  59|0x0000000083b00000, 0x0000000083c00000, 0x0000000083c00000|100%| O|  |TAMS 0x0000000083c00000, 0x0000000083b00000| Untracked 
|  60|0x0000000083c00000, 0x0000000083d00000, 0x0000000083d00000|100%| O|  |TAMS 0x0000000083d00000, 0x0000000083c00000| Untracked 
|  61|0x0000000083d00000, 0x0000000083e00000, 0x0000000083e00000|100%| O|  |TAMS 0x0000000083e00000, 0x0000000083d00000| Untracked 
|  62|0x0000000083e00000, 0x0000000083f00000, 0x0000000083f00000|100%| O|  |TAMS 0x0000000083f00000, 0x0000000083e00000| Untracked 
|  63|0x0000000083f00000, 0x0000000084000000, 0x0000000084000000|100%| O|  |TAMS 0x0000000084000000, 0x0000000083f00000| Untracked 
|  64|0x0000000084000000, 0x0000000084100000, 0x0000000084100000|100%| O|  |TAMS 0x0000000084100000, 0x0000000084000000| Untracked 
|  65|0x0000000084100000, 0x0000000084200000, 0x0000000084200000|100%| O|  |TAMS 0x0000000084200000, 0x0000000084100000| Untracked 
|  66|0x0000000084200000, 0x0000000084300000, 0x0000000084300000|100%| O|  |TAMS 0x0000000084300000, 0x0000000084200000| Untracked 
|  67|0x0000000084300000, 0x0000000084400000, 0x0000000084400000|100%| O|  |TAMS 0x0000000084400000, 0x0000000084300000| Untracked 
|  68|0x0000000084400000, 0x0000000084500000, 0x0000000084500000|100%| O|  |TAMS 0x0000000084500000, 0x0000000084400000| Untracked 
|  69|0x0000000084500000, 0x0000000084600000, 0x0000000084600000|100%| O|  |TAMS 0x0000000084600000, 0x0000000084500000| Untracked 
|  70|0x0000000084600000, 0x0000000084700000, 0x0000000084700000|100%| O|  |TAMS 0x0000000084700000, 0x0000000084600000| Untracked 
|  71|0x0000000084700000, 0x0000000084800000, 0x0000000084800000|100%| O|  |TAMS 0x0000000084800000, 0x0000000084700000| Untracked 
|  72|0x0000000084800000, 0x0000000084900000, 0x0000000084900000|100%| O|  |TAMS 0x0000000084900000, 0x0000000084800000| Untracked 
|  73|0x0000000084900000, 0x0000000084a00000, 0x0000000084a00000|100%| O|  |TAMS 0x0000000084a00000, 0x0000000084900000| Untracked 
|  74|0x0000000084a00000, 0x0000000084b00000, 0x0000000084b00000|100%| O|  |TAMS 0x0000000084b00000, 0x0000000084a00000| Untracked 
|  75|0x0000000084b00000, 0x0000000084c00000, 0x0000000084c00000|100%| O|  |TAMS 0x0000000084c00000, 0x0000000084b00000| Untracked 
|  76|0x0000000084c00000, 0x0000000084d00000, 0x0000000084d00000|100%| O|  |TAMS 0x0000000084d00000, 0x0000000084c00000| Untracked 
|  77|0x0000000084d00000, 0x0000000084e00000, 0x0000000084e00000|100%| O|  |TAMS 0x0000000084e00000, 0x0000000084d00000| Untracked 
|  78|0x0000000084e00000, 0x0000000084f00000, 0x0000000084f00000|100%| O|  |TAMS 0x0000000084f00000, 0x0000000084e00000| Untracked 
|  79|0x0000000084f00000, 0x0000000085000000, 0x0000000085000000|100%| O|  |TAMS 0x0000000085000000, 0x0000000084f00000| Untracked 
|  80|0x0000000085000000, 0x0000000085100000, 0x0000000085100000|100%| O|  |TAMS 0x0000000085100000, 0x0000000085000000| Untracked 
|  81|0x0000000085100000, 0x0000000085200000, 0x0000000085200000|100%| O|  |TAMS 0x0000000085200000, 0x0000000085100000| Untracked 
|  82|0x0000000085200000, 0x0000000085300000, 0x0000000085300000|100%| O|  |TAMS 0x0000000085300000, 0x0000000085200000| Untracked 
|  83|0x0000000085300000, 0x0000000085400000, 0x0000000085400000|100%| O|  |TAMS 0x0000000085400000, 0x0000000085300000| Untracked 
|  84|0x0000000085400000, 0x0000000085500000, 0x0000000085500000|100%| O|  |TAMS 0x0000000085500000, 0x0000000085400000| Untracked 
|  85|0x0000000085500000, 0x0000000085600000, 0x0000000085600000|100%| O|  |TAMS 0x0000000085600000, 0x0000000085500000| Untracked 
|  86|0x0000000085600000, 0x0000000085700000, 0x0000000085700000|100%| O|  |TAMS 0x0000000085700000, 0x0000000085600000| Untracked 
|  87|0x0000000085700000, 0x0000000085800000, 0x0000000085800000|100%| O|  |TAMS 0x0000000085800000, 0x0000000085700000| Untracked 
|  88|0x0000000085800000, 0x0000000085900000, 0x0000000085900000|100%| O|  |TAMS 0x0000000085900000, 0x0000000085800000| Untracked 
|  89|0x0000000085900000, 0x0000000085a00000, 0x0000000085a00000|100%| O|  |TAMS 0x0000000085a00000, 0x0000000085900000| Untracked 
|  90|0x0000000085a00000, 0x0000000085b00000, 0x0000000085b00000|100%| O|  |TAMS 0x0000000085b00000, 0x0000000085a00000| Untracked 
|  91|0x0000000085b00000, 0x0000000085c00000, 0x0000000085c00000|100%| O|  |TAMS 0x0000000085c00000, 0x0000000085b00000| Untracked 
|  92|0x0000000085c00000, 0x0000000085d00000, 0x0000000085d00000|100%| O|  |TAMS 0x0000000085d00000, 0x0000000085c00000| Untracked 
|  93|0x0000000085d00000, 0x0000000085e00000, 0x0000000085e00000|100%| O|  |TAMS 0x0000000085e00000, 0x0000000085d00000| Untracked 
|  94|0x0000000085e00000, 0x0000000085f00000, 0x0000000085f00000|100%| O|  |TAMS 0x0000000085f00000, 0x0000000085e00000| Untracked 
|  95|0x0000000085f00000, 0x0000000086000000, 0x0000000086000000|100%| O|  |TAMS 0x0000000086000000, 0x0000000085f00000| Untracked 
|  96|0x0000000086000000, 0x0000000086100000, 0x0000000086100000|100%| O|  |TAMS 0x0000000086100000, 0x0000000086000000| Untracked 
|  97|0x0000000086100000, 0x0000000086200000, 0x0000000086200000|100%| O|  |TAMS 0x0000000086200000, 0x0000000086100000| Untracked 
|  98|0x0000000086200000, 0x0000000086300000, 0x0000000086300000|100%| O|  |TAMS 0x0000000086300000, 0x0000000086200000| Untracked 
|  99|0x0000000086300000, 0x0000000086400000, 0x0000000086400000|100%| O|  |TAMS 0x0000000086400000, 0x0000000086300000| Untracked 
| 100|0x0000000086400000, 0x0000000086500000, 0x0000000086500000|100%| O|  |TAMS 0x0000000086500000, 0x0000000086400000| Untracked 
| 101|0x0000000086500000, 0x0000000086600000, 0x0000000086600000|100%| O|  |TAMS 0x0000000086600000, 0x0000000086500000| Untracked 
| 102|0x0000000086600000, 0x0000000086700000, 0x0000000086700000|100%| O|  |TAMS 0x0000000086700000, 0x0000000086600000| Untracked 
| 103|0x0000000086700000, 0x0000000086800000, 0x0000000086800000|100%| O|  |TAMS 0x0000000086800000, 0x0000000086700000| Untracked 
| 104|0x0000000086800000, 0x0000000086900000, 0x0000000086900000|100%| O|  |TAMS 0x0000000086900000, 0x0000000086800000| Untracked 
| 105|0x0000000086900000, 0x0000000086a00000, 0x0000000086a00000|100%| O|  |TAMS 0x0000000086a00000, 0x0000000086900000| Untracked 
| 106|0x0000000086a00000, 0x0000000086b00000, 0x0000000086b00000|100%| O|  |TAMS 0x0000000086b00000, 0x0000000086a00000| Untracked 
| 107|0x0000000086b00000, 0x0000000086c00000, 0x0000000086c00000|100%| O|  |TAMS 0x0000000086c00000, 0x0000000086b00000| Untracked 
| 108|0x0000000086c00000, 0x0000000086d00000, 0x0000000086d00000|100%| O|  |TAMS 0x0000000086d00000, 0x0000000086c00000| Untracked 
| 109|0x0000000086d00000, 0x0000000086e00000, 0x0000000086e00000|100%| O|  |TAMS 0x0000000086e00000, 0x0000000086d00000| Untracked 
| 110|0x0000000086e00000, 0x0000000086f00000, 0x0000000086f00000|100%| O|  |TAMS 0x0000000086f00000, 0x0000000086e00000| Untracked 
| 111|0x0000000086f00000, 0x0000000087000000, 0x0000000087000000|100%| O|  |TAMS 0x0000000087000000, 0x0000000086f00000| Untracked 
| 112|0x0000000087000000, 0x0000000087100000, 0x0000000087100000|100%| O|  |TAMS 0x0000000087100000, 0x0000000087000000| Untracked 
| 113|0x0000000087100000, 0x0000000087200000, 0x0000000087200000|100%| O|  |TAMS 0x0000000087200000, 0x0000000087100000| Untracked 
| 114|0x0000000087200000, 0x0000000087300000, 0x0000000087300000|100%| O|  |TAMS 0x0000000087300000, 0x0000000087200000| Untracked 
| 115|0x0000000087300000, 0x0000000087400000, 0x0000000087400000|100%| O|  |TAMS 0x0000000087400000, 0x0000000087300000| Untracked 
| 116|0x0000000087400000, 0x0000000087500000, 0x0000000087500000|100%| O|  |TAMS 0x0000000087500000, 0x0000000087400000| Untracked 
| 117|0x0000000087500000, 0x0000000087600000, 0x0000000087600000|100%| O|  |TAMS 0x0000000087600000, 0x0000000087500000| Untracked 
| 118|0x0000000087600000, 0x0000000087700000, 0x0000000087700000|100%| O|  |TAMS 0x0000000087700000, 0x0000000087600000| Untracked 
| 119|0x0000000087700000, 0x0000000087800000, 0x0000000087800000|100%| O|  |TAMS 0x0000000087800000, 0x0000000087700000| Untracked 
| 120|0x0000000087800000, 0x0000000087900000, 0x0000000087900000|100%| O|  |TAMS 0x0000000087900000, 0x0000000087800000| Untracked 
| 121|0x0000000087900000, 0x0000000087a00000, 0x0000000087a00000|100%| O|  |TAMS 0x0000000087a00000, 0x0000000087900000| Untracked 
| 122|0x0000000087a00000, 0x0000000087b00000, 0x0000000087b00000|100%| O|  |TAMS 0x0000000087b00000, 0x0000000087a00000| Untracked 
| 123|0x0000000087b00000, 0x0000000087c00000, 0x0000000087c00000|100%| O|  |TAMS 0x0000000087c00000, 0x0000000087b00000| Untracked 
| 124|0x0000000087c00000, 0x0000000087d00000, 0x0000000087d00000|100%| O|  |TAMS 0x0000000087d00000, 0x0000000087c00000| Untracked 
| 125|0x0000000087d00000, 0x0000000087e00000, 0x0000000087e00000|100%| O|  |TAMS 0x0000000087e00000, 0x0000000087d00000| Untracked 
| 126|0x0000000087e00000, 0x0000000087f00000, 0x0000000087f00000|100%| O|  |TAMS 0x0000000087f00000, 0x0000000087e00000| Untracked 
| 127|0x0000000087f00000, 0x0000000088000000, 0x0000000088000000|100%| O|  |TAMS 0x0000000088000000, 0x0000000087f00000| Untracked 
| 128|0x0000000088000000, 0x0000000088100000, 0x0000000088100000|100%| O|  |TAMS 0x0000000088100000, 0x0000000088000000| Untracked 
| 129|0x0000000088100000, 0x0000000088200000, 0x0000000088200000|100%| O|  |TAMS 0x0000000088200000, 0x0000000088100000| Untracked 
| 130|0x0000000088200000, 0x0000000088300000, 0x0000000088300000|100%| O|  |TAMS 0x0000000088300000, 0x0000000088200000| Untracked 
| 131|0x0000000088300000, 0x0000000088400000, 0x0000000088400000|100%| O|  |TAMS 0x0000000088400000, 0x0000000088300000| Untracked 
| 132|0x0000000088400000, 0x0000000088500000, 0x0000000088500000|100%| O|  |TAMS 0x0000000088500000, 0x0000000088400000| Untracked 
| 133|0x0000000088500000, 0x0000000088600000, 0x0000000088600000|100%| O|  |TAMS 0x0000000088600000, 0x0000000088500000| Untracked 
| 134|0x0000000088600000, 0x0000000088700000, 0x0000000088700000|100%| O|  |TAMS 0x0000000088700000, 0x0000000088600000| Untracked 
| 135|0x0000000088700000, 0x0000000088800000, 0x0000000088800000|100%| O|  |TAMS 0x0000000088800000, 0x0000000088700000| Untracked 
| 136|0x0000000088800000, 0x0000000088900000, 0x0000000088900000|100%| O|  |TAMS 0x0000000088900000, 0x0000000088800000| Untracked 
| 137|0x0000000088900000, 0x0000000088a00000, 0x0000000088a00000|100%| O|  |TAMS 0x0000000088a00000, 0x0000000088900000| Untracked 
| 138|0x0000000088a00000, 0x0000000088b00000, 0x0000000088b00000|100%| O|  |TAMS 0x0000000088b00000, 0x0000000088a00000| Untracked 
| 139|0x0000000088b00000, 0x0000000088c00000, 0x0000000088c00000|100%| O|  |TAMS 0x0000000088c00000, 0x0000000088b00000| Untracked 
| 140|0x0000000088c00000, 0x0000000088d00000, 0x0000000088d00000|100%| O|  |TAMS 0x0000000088d00000, 0x0000000088c00000| Untracked 
| 141|0x0000000088d00000, 0x0000000088e00000, 0x0000000088e00000|100%| O|  |TAMS 0x0000000088d80000, 0x0000000088d00000| Untracked 
| 142|0x0000000088e00000, 0x0000000088f00000, 0x0000000088f00000|100%| O|  |TAMS 0x0000000088e00000, 0x0000000088e00000| Untracked 
| 143|0x0000000088f00000, 0x0000000088f68600, 0x0000000089000000| 40%| O|  |TAMS 0x0000000088f00000, 0x0000000088f00000| Untracked 
| 144|0x0000000089000000, 0x0000000089000000, 0x0000000089100000|  0%| F|  |TAMS 0x0000000089000000, 0x0000000089000000| Untracked 
| 145|0x0000000089100000, 0x0000000089100000, 0x0000000089200000|  0%| F|  |TAMS 0x0000000089100000, 0x0000000089100000| Untracked 
| 146|0x0000000089200000, 0x0000000089200000, 0x0000000089300000|  0%| F|  |TAMS 0x0000000089200000, 0x0000000089200000| Untracked 
| 147|0x0000000089300000, 0x0000000089300000, 0x0000000089400000|  0%| F|  |TAMS 0x0000000089300000, 0x0000000089300000| Untracked 
| 148|0x0000000089400000, 0x0000000089400000, 0x0000000089500000|  0%| F|  |TAMS 0x0000000089400000, 0x0000000089400000| Untracked 
| 149|0x0000000089500000, 0x0000000089500000, 0x0000000089600000|  0%| F|  |TAMS 0x0000000089500000, 0x0000000089500000| Untracked 
| 150|0x0000000089600000, 0x0000000089600000, 0x0000000089700000|  0%| F|  |TAMS 0x0000000089600000, 0x0000000089600000| Untracked 
| 151|0x0000000089700000, 0x0000000089700000, 0x0000000089800000|  0%| F|  |TAMS 0x0000000089700000, 0x0000000089700000| Untracked 
| 152|0x0000000089800000, 0x0000000089800000, 0x0000000089900000|  0%| F|  |TAMS 0x0000000089800000, 0x0000000089800000| Untracked 
| 153|0x0000000089900000, 0x0000000089900000, 0x0000000089a00000|  0%| F|  |TAMS 0x0000000089900000, 0x0000000089900000| Untracked 
| 154|0x0000000089a00000, 0x0000000089a00000, 0x0000000089b00000|  0%| F|  |TAMS 0x0000000089a00000, 0x0000000089a00000| Untracked 
| 155|0x0000000089b00000, 0x0000000089b00000, 0x0000000089c00000|  0%| F|  |TAMS 0x0000000089b00000, 0x0000000089b00000| Untracked 
| 156|0x0000000089c00000, 0x0000000089c00000, 0x0000000089d00000|  0%| F|  |TAMS 0x0000000089c00000, 0x0000000089c00000| Untracked 
| 157|0x0000000089d00000, 0x0000000089d00000, 0x0000000089e00000|  0%| F|  |TAMS 0x0000000089d00000, 0x0000000089d00000| Untracked 
| 158|0x0000000089e00000, 0x0000000089e00000, 0x0000000089f00000|  0%| F|  |TAMS 0x0000000089e00000, 0x0000000089e00000| Untracked 
| 159|0x0000000089f00000, 0x0000000089f00000, 0x000000008a000000|  0%| F|  |TAMS 0x0000000089f00000, 0x0000000089f00000| Untracked 
| 160|0x000000008a000000, 0x000000008a000000, 0x000000008a100000|  0%| F|  |TAMS 0x000000008a000000, 0x000000008a000000| Untracked 
| 161|0x000000008a100000, 0x000000008a100000, 0x000000008a200000|  0%| F|  |TAMS 0x000000008a100000, 0x000000008a100000| Untracked 
| 162|0x000000008a200000, 0x000000008a200000, 0x000000008a300000|  0%| F|  |TAMS 0x000000008a200000, 0x000000008a200000| Untracked 
| 163|0x000000008a300000, 0x000000008a300000, 0x000000008a400000|  0%| F|  |TAMS 0x000000008a300000, 0x000000008a300000| Untracked 
| 164|0x000000008a400000, 0x000000008a400000, 0x000000008a500000|  0%| F|  |TAMS 0x000000008a400000, 0x000000008a400000| Untracked 
| 165|0x000000008a500000, 0x000000008a500000, 0x000000008a600000|  0%| F|  |TAMS 0x000000008a500000, 0x000000008a500000| Untracked 
| 166|0x000000008a600000, 0x000000008a600000, 0x000000008a700000|  0%| F|  |TAMS 0x000000008a600000, 0x000000008a600000| Untracked 
| 167|0x000000008a700000, 0x000000008a700000, 0x000000008a800000|  0%| F|  |TAMS 0x000000008a700000, 0x000000008a700000| Untracked 
| 168|0x000000008a800000, 0x000000008a800000, 0x000000008a900000|  0%| F|  |TAMS 0x000000008a800000, 0x000000008a800000| Untracked 
| 169|0x000000008a900000, 0x000000008a900000, 0x000000008aa00000|  0%| F|  |TAMS 0x000000008a900000, 0x000000008a900000| Untracked 
| 170|0x000000008aa00000, 0x000000008aa00000, 0x000000008ab00000|  0%| F|  |TAMS 0x000000008aa00000, 0x000000008aa00000| Untracked 
| 171|0x000000008ab00000, 0x000000008ab00000, 0x000000008ac00000|  0%| F|  |TAMS 0x000000008ab00000, 0x000000008ab00000| Untracked 
| 172|0x000000008ac00000, 0x000000008ac00000, 0x000000008ad00000|  0%| F|  |TAMS 0x000000008ac00000, 0x000000008ac00000| Untracked 
| 173|0x000000008ad00000, 0x000000008ad00000, 0x000000008ae00000|  0%| F|  |TAMS 0x000000008ad00000, 0x000000008ad00000| Untracked 
| 174|0x000000008ae00000, 0x000000008ae00000, 0x000000008af00000|  0%| F|  |TAMS 0x000000008ae00000, 0x000000008ae00000| Untracked 
| 175|0x000000008af00000, 0x000000008af00000, 0x000000008b000000|  0%| F|  |TAMS 0x000000008af00000, 0x000000008af00000| Untracked 
| 176|0x000000008b000000, 0x000000008b000000, 0x000000008b100000|  0%| F|  |TAMS 0x000000008b000000, 0x000000008b000000| Untracked 
| 177|0x000000008b100000, 0x000000008b100000, 0x000000008b200000|  0%| F|  |TAMS 0x000000008b100000, 0x000000008b100000| Untracked 
| 178|0x000000008b200000, 0x000000008b200000, 0x000000008b300000|  0%| F|  |TAMS 0x000000008b200000, 0x000000008b200000| Untracked 
| 179|0x000000008b300000, 0x000000008b300000, 0x000000008b400000|  0%| F|  |TAMS 0x000000008b300000, 0x000000008b300000| Untracked 
| 180|0x000000008b400000, 0x000000008b476fc8, 0x000000008b500000| 46%| S|CS|TAMS 0x000000008b400000, 0x000000008b400000| Complete 
| 181|0x000000008b500000, 0x000000008b600000, 0x000000008b600000|100%| S|CS|TAMS 0x000000008b500000, 0x000000008b500000| Complete 
| 182|0x000000008b600000, 0x000000008b600000, 0x000000008b700000|  0%| F|  |TAMS 0x000000008b600000, 0x000000008b600000| Untracked 
| 183|0x000000008b700000, 0x000000008b700000, 0x000000008b800000|  0%| F|  |TAMS 0x000000008b700000, 0x000000008b700000| Untracked 
| 184|0x000000008b800000, 0x000000008b900000, 0x000000008b900000|100%| S|CS|TAMS 0x000000008b800000, 0x000000008b800000| Complete 
| 185|0x000000008b900000, 0x000000008ba00000, 0x000000008ba00000|100%| S|CS|TAMS 0x000000008b900000, 0x000000008b900000| Complete 
| 186|0x000000008ba00000, 0x000000008ba00000, 0x000000008bb00000|  0%| F|  |TAMS 0x000000008ba00000, 0x000000008ba00000| Untracked 
| 187|0x000000008bb00000, 0x000000008bb00000, 0x000000008bc00000|  0%| F|  |TAMS 0x000000008bb00000, 0x000000008bb00000| Untracked 
| 188|0x000000008bc00000, 0x000000008bc00000, 0x000000008bd00000|  0%| F|  |TAMS 0x000000008bc00000, 0x000000008bc00000| Untracked 
| 189|0x000000008bd00000, 0x000000008bd00000, 0x000000008be00000|  0%| F|  |TAMS 0x000000008bd00000, 0x000000008bd00000| Untracked 
| 190|0x000000008be00000, 0x000000008bf00000, 0x000000008bf00000|100%| S|CS|TAMS 0x000000008be00000, 0x000000008be00000| Complete 
| 191|0x000000008bf00000, 0x000000008c000000, 0x000000008c000000|100%| S|CS|TAMS 0x000000008bf00000, 0x000000008bf00000| Complete 
| 192|0x000000008c000000, 0x000000008c100000, 0x000000008c100000|100%| S|CS|TAMS 0x000000008c000000, 0x000000008c000000| Complete 
| 193|0x000000008c100000, 0x000000008c200000, 0x000000008c200000|100%| S|CS|TAMS 0x000000008c100000, 0x000000008c100000| Complete 
| 194|0x000000008c200000, 0x000000008c300000, 0x000000008c300000|100%| S|CS|TAMS 0x000000008c200000, 0x000000008c200000| Complete 
| 195|0x000000008c300000, 0x000000008c400000, 0x000000008c400000|100%| S|CS|TAMS 0x000000008c300000, 0x000000008c300000| Complete 
| 196|0x000000008c400000, 0x000000008c400000, 0x000000008c500000|  0%| F|  |TAMS 0x000000008c400000, 0x000000008c400000| Untracked 
| 197|0x000000008c500000, 0x000000008c500000, 0x000000008c600000|  0%| F|  |TAMS 0x000000008c500000, 0x000000008c500000| Untracked 
| 198|0x000000008c600000, 0x000000008c600000, 0x000000008c700000|  0%| F|  |TAMS 0x000000008c600000, 0x000000008c600000| Untracked 
| 199|0x000000008c700000, 0x000000008c700000, 0x000000008c800000|  0%| F|  |TAMS 0x000000008c700000, 0x000000008c700000| Untracked 
| 200|0x000000008c800000, 0x000000008c800000, 0x000000008c900000|  0%| F|  |TAMS 0x000000008c800000, 0x000000008c800000| Untracked 
| 201|0x000000008c900000, 0x000000008c900000, 0x000000008ca00000|  0%| F|  |TAMS 0x000000008c900000, 0x000000008c900000| Untracked 
| 202|0x000000008ca00000, 0x000000008ca00000, 0x000000008cb00000|  0%| F|  |TAMS 0x000000008ca00000, 0x000000008ca00000| Untracked 
| 203|0x000000008cb00000, 0x000000008cb00000, 0x000000008cc00000|  0%| F|  |TAMS 0x000000008cb00000, 0x000000008cb00000| Untracked 
| 204|0x000000008cc00000, 0x000000008cc00000, 0x000000008cd00000|  0%| F|  |TAMS 0x000000008cc00000, 0x000000008cc00000| Untracked 
| 205|0x000000008cd00000, 0x000000008cd00000, 0x000000008ce00000|  0%| F|  |TAMS 0x000000008cd00000, 0x000000008cd00000| Untracked 
| 206|0x000000008ce00000, 0x000000008ce00000, 0x000000008cf00000|  0%| F|  |TAMS 0x000000008ce00000, 0x000000008ce00000| Untracked 
| 207|0x000000008cf00000, 0x000000008cf00000, 0x000000008d000000|  0%| F|  |TAMS 0x000000008cf00000, 0x000000008cf00000| Untracked 
| 208|0x000000008d000000, 0x000000008d000000, 0x000000008d100000|  0%| F|  |TAMS 0x000000008d000000, 0x000000008d000000| Untracked 
| 209|0x000000008d100000, 0x000000008d100000, 0x000000008d200000|  0%| F|  |TAMS 0x000000008d100000, 0x000000008d100000| Untracked 
| 210|0x000000008d200000, 0x000000008d200000, 0x000000008d300000|  0%| F|  |TAMS 0x000000008d200000, 0x000000008d200000| Untracked 
| 211|0x000000008d300000, 0x000000008d300000, 0x000000008d400000|  0%| F|  |TAMS 0x000000008d300000, 0x000000008d300000| Untracked 
| 212|0x000000008d400000, 0x000000008d400000, 0x000000008d500000|  0%| F|  |TAMS 0x000000008d400000, 0x000000008d400000| Untracked 
| 213|0x000000008d500000, 0x000000008d500000, 0x000000008d600000|  0%| F|  |TAMS 0x000000008d500000, 0x000000008d500000| Untracked 
| 214|0x000000008d600000, 0x000000008d600000, 0x000000008d700000|  0%| F|  |TAMS 0x000000008d600000, 0x000000008d600000| Untracked 
| 215|0x000000008d700000, 0x000000008d700000, 0x000000008d800000|  0%| F|  |TAMS 0x000000008d700000, 0x000000008d700000| Untracked 
| 216|0x000000008d800000, 0x000000008d800000, 0x000000008d900000|  0%| F|  |TAMS 0x000000008d800000, 0x000000008d800000| Untracked 
| 217|0x000000008d900000, 0x000000008d900000, 0x000000008da00000|  0%| F|  |TAMS 0x000000008d900000, 0x000000008d900000| Untracked 
| 218|0x000000008da00000, 0x000000008da00000, 0x000000008db00000|  0%| F|  |TAMS 0x000000008da00000, 0x000000008da00000| Untracked 
| 219|0x000000008db00000, 0x000000008db00000, 0x000000008dc00000|  0%| F|  |TAMS 0x000000008db00000, 0x000000008db00000| Untracked 
| 220|0x000000008dc00000, 0x000000008dc00000, 0x000000008dd00000|  0%| F|  |TAMS 0x000000008dc00000, 0x000000008dc00000| Untracked 
| 221|0x000000008dd00000, 0x000000008dd00000, 0x000000008de00000|  0%| F|  |TAMS 0x000000008dd00000, 0x000000008dd00000| Untracked 
| 222|0x000000008de00000, 0x000000008de00000, 0x000000008df00000|  0%| F|  |TAMS 0x000000008de00000, 0x000000008de00000| Untracked 
| 223|0x000000008df00000, 0x000000008df00000, 0x000000008e000000|  0%| F|  |TAMS 0x000000008df00000, 0x000000008df00000| Untracked 
| 224|0x000000008e000000, 0x000000008e000000, 0x000000008e100000|  0%| F|  |TAMS 0x000000008e000000, 0x000000008e000000| Untracked 
| 225|0x000000008e100000, 0x000000008e100000, 0x000000008e200000|  0%| F|  |TAMS 0x000000008e100000, 0x000000008e100000| Untracked 
| 226|0x000000008e200000, 0x000000008e200000, 0x000000008e300000|  0%| F|  |TAMS 0x000000008e200000, 0x000000008e200000| Untracked 
| 227|0x000000008e300000, 0x000000008e300000, 0x000000008e400000|  0%| F|  |TAMS 0x000000008e300000, 0x000000008e300000| Untracked 
| 228|0x000000008e400000, 0x000000008e400000, 0x000000008e500000|  0%| F|  |TAMS 0x000000008e400000, 0x000000008e400000| Untracked 
| 229|0x000000008e500000, 0x000000008e500000, 0x000000008e600000|  0%| F|  |TAMS 0x000000008e500000, 0x000000008e500000| Untracked 
| 230|0x000000008e600000, 0x000000008e600000, 0x000000008e700000|  0%| F|  |TAMS 0x000000008e600000, 0x000000008e600000| Untracked 
| 231|0x000000008e700000, 0x000000008e700000, 0x000000008e800000|  0%| F|  |TAMS 0x000000008e700000, 0x000000008e700000| Untracked 
| 232|0x000000008e800000, 0x000000008e800000, 0x000000008e900000|  0%| F|  |TAMS 0x000000008e800000, 0x000000008e800000| Untracked 
| 233|0x000000008e900000, 0x000000008e900000, 0x000000008ea00000|  0%| F|  |TAMS 0x000000008e900000, 0x000000008e900000| Untracked 
| 234|0x000000008ea00000, 0x000000008ea00000, 0x000000008eb00000|  0%| F|  |TAMS 0x000000008ea00000, 0x000000008ea00000| Untracked 
| 235|0x000000008eb00000, 0x000000008eb00000, 0x000000008ec00000|  0%| F|  |TAMS 0x000000008eb00000, 0x000000008eb00000| Untracked 
| 236|0x000000008ec00000, 0x000000008ec00000, 0x000000008ed00000|  0%| F|  |TAMS 0x000000008ec00000, 0x000000008ec00000| Untracked 
| 237|0x000000008ed00000, 0x000000008ed00000, 0x000000008ee00000|  0%| F|  |TAMS 0x000000008ed00000, 0x000000008ed00000| Untracked 
| 238|0x000000008ee00000, 0x000000008ee00000, 0x000000008ef00000|  0%| F|  |TAMS 0x000000008ee00000, 0x000000008ee00000| Untracked 
| 239|0x000000008ef00000, 0x000000008ef00000, 0x000000008f000000|  0%| F|  |TAMS 0x000000008ef00000, 0x000000008ef00000| Untracked 
| 240|0x000000008f000000, 0x000000008f000000, 0x000000008f100000|  0%| F|  |TAMS 0x000000008f000000, 0x000000008f000000| Untracked 
| 241|0x000000008f100000, 0x000000008f100000, 0x000000008f200000|  0%| F|  |TAMS 0x000000008f100000, 0x000000008f100000| Untracked 
| 242|0x000000008f200000, 0x000000008f200000, 0x000000008f300000|  0%| F|  |TAMS 0x000000008f200000, 0x000000008f200000| Untracked 
| 243|0x000000008f300000, 0x000000008f300000, 0x000000008f400000|  0%| F|  |TAMS 0x000000008f300000, 0x000000008f300000| Untracked 
| 244|0x000000008f400000, 0x000000008f400000, 0x000000008f500000|  0%| F|  |TAMS 0x000000008f400000, 0x000000008f400000| Untracked 
| 245|0x000000008f500000, 0x000000008f500000, 0x000000008f600000|  0%| F|  |TAMS 0x000000008f500000, 0x000000008f500000| Untracked 
| 246|0x000000008f600000, 0x000000008f600000, 0x000000008f700000|  0%| F|  |TAMS 0x000000008f600000, 0x000000008f600000| Untracked 
| 247|0x000000008f700000, 0x000000008f700000, 0x000000008f800000|  0%| F|  |TAMS 0x000000008f700000, 0x000000008f700000| Untracked 
| 248|0x000000008f800000, 0x000000008f800000, 0x000000008f900000|  0%| F|  |TAMS 0x000000008f800000, 0x000000008f800000| Untracked 
| 249|0x000000008f900000, 0x000000008f900000, 0x000000008fa00000|  0%| F|  |TAMS 0x000000008f900000, 0x000000008f900000| Untracked 
| 250|0x000000008fa00000, 0x000000008fa00000, 0x000000008fb00000|  0%| F|  |TAMS 0x000000008fa00000, 0x000000008fa00000| Untracked 
| 251|0x000000008fb00000, 0x000000008fb00000, 0x000000008fc00000|  0%| F|  |TAMS 0x000000008fb00000, 0x000000008fb00000| Untracked 
| 252|0x000000008fc00000, 0x000000008fc00000, 0x000000008fd00000|  0%| F|  |TAMS 0x000000008fc00000, 0x000000008fc00000| Untracked 
| 253|0x000000008fd00000, 0x000000008fd00000, 0x000000008fe00000|  0%| F|  |TAMS 0x000000008fd00000, 0x000000008fd00000| Untracked 
| 254|0x000000008fe00000, 0x000000008fe00000, 0x000000008ff00000|  0%| F|  |TAMS 0x000000008fe00000, 0x000000008fe00000| Untracked 
| 255|0x000000008ff00000, 0x000000008ff00000, 0x0000000090000000|  0%| F|  |TAMS 0x000000008ff00000, 0x000000008ff00000| Untracked 
| 256|0x0000000090000000, 0x0000000090000000, 0x0000000090100000|  0%| F|  |TAMS 0x0000000090000000, 0x0000000090000000| Untracked 
| 257|0x0000000090100000, 0x0000000090100000, 0x0000000090200000|  0%| F|  |TAMS 0x0000000090100000, 0x0000000090100000| Untracked 
| 258|0x0000000090200000, 0x0000000090200000, 0x0000000090300000|  0%| F|  |TAMS 0x0000000090200000, 0x0000000090200000| Untracked 
| 259|0x0000000090300000, 0x0000000090300000, 0x0000000090400000|  0%| F|  |TAMS 0x0000000090300000, 0x0000000090300000| Untracked 
| 260|0x0000000090400000, 0x0000000090400000, 0x0000000090500000|  0%| F|  |TAMS 0x0000000090400000, 0x0000000090400000| Untracked 
| 261|0x0000000090500000, 0x0000000090500000, 0x0000000090600000|  0%| F|  |TAMS 0x0000000090500000, 0x0000000090500000| Untracked 
| 262|0x0000000090600000, 0x0000000090600000, 0x0000000090700000|  0%| F|  |TAMS 0x0000000090600000, 0x0000000090600000| Untracked 
| 263|0x0000000090700000, 0x0000000090700000, 0x0000000090800000|  0%| F|  |TAMS 0x0000000090700000, 0x0000000090700000| Untracked 
| 264|0x0000000090800000, 0x0000000090800000, 0x0000000090900000|  0%| F|  |TAMS 0x0000000090800000, 0x0000000090800000| Untracked 
| 265|0x0000000090900000, 0x0000000090900000, 0x0000000090a00000|  0%| F|  |TAMS 0x0000000090900000, 0x0000000090900000| Untracked 
| 266|0x0000000090a00000, 0x0000000090a00000, 0x0000000090b00000|  0%| F|  |TAMS 0x0000000090a00000, 0x0000000090a00000| Untracked 
| 267|0x0000000090b00000, 0x0000000090b00000, 0x0000000090c00000|  0%| F|  |TAMS 0x0000000090b00000, 0x0000000090b00000| Untracked 
| 268|0x0000000090c00000, 0x0000000090c00000, 0x0000000090d00000|  0%| F|  |TAMS 0x0000000090c00000, 0x0000000090c00000| Untracked 
| 269|0x0000000090d00000, 0x0000000090d00000, 0x0000000090e00000|  0%| F|  |TAMS 0x0000000090d00000, 0x0000000090d00000| Untracked 
| 270|0x0000000090e00000, 0x0000000090e00000, 0x0000000090f00000|  0%| F|  |TAMS 0x0000000090e00000, 0x0000000090e00000| Untracked 
| 271|0x0000000090f00000, 0x0000000090f00000, 0x0000000091000000|  0%| F|  |TAMS 0x0000000090f00000, 0x0000000090f00000| Untracked 
| 272|0x0000000091000000, 0x0000000091000000, 0x0000000091100000|  0%| F|  |TAMS 0x0000000091000000, 0x0000000091000000| Untracked 
| 273|0x0000000091100000, 0x0000000091100000, 0x0000000091200000|  0%| F|  |TAMS 0x0000000091100000, 0x0000000091100000| Untracked 
| 274|0x0000000091200000, 0x0000000091200000, 0x0000000091300000|  0%| F|  |TAMS 0x0000000091200000, 0x0000000091200000| Untracked 
| 275|0x0000000091300000, 0x0000000091300000, 0x0000000091400000|  0%| F|  |TAMS 0x0000000091300000, 0x0000000091300000| Untracked 
| 276|0x0000000091400000, 0x0000000091400000, 0x0000000091500000|  0%| F|  |TAMS 0x0000000091400000, 0x0000000091400000| Untracked 
| 277|0x0000000091500000, 0x0000000091500000, 0x0000000091600000|  0%| F|  |TAMS 0x0000000091500000, 0x0000000091500000| Untracked 
| 278|0x0000000091600000, 0x0000000091600000, 0x0000000091700000|  0%| F|  |TAMS 0x0000000091600000, 0x0000000091600000| Untracked 
| 279|0x0000000091700000, 0x0000000091700000, 0x0000000091800000|  0%| F|  |TAMS 0x0000000091700000, 0x0000000091700000| Untracked 
| 280|0x0000000091800000, 0x0000000091800000, 0x0000000091900000|  0%| F|  |TAMS 0x0000000091800000, 0x0000000091800000| Untracked 
| 281|0x0000000091900000, 0x0000000091900000, 0x0000000091a00000|  0%| F|  |TAMS 0x0000000091900000, 0x0000000091900000| Untracked 
| 282|0x0000000091a00000, 0x0000000091a00000, 0x0000000091b00000|  0%| F|  |TAMS 0x0000000091a00000, 0x0000000091a00000| Untracked 
| 283|0x0000000091b00000, 0x0000000091b00000, 0x0000000091c00000|  0%| F|  |TAMS 0x0000000091b00000, 0x0000000091b00000| Untracked 
| 284|0x0000000091c00000, 0x0000000091c00000, 0x0000000091d00000|  0%| F|  |TAMS 0x0000000091c00000, 0x0000000091c00000| Untracked 
| 285|0x0000000091d00000, 0x0000000091d00000, 0x0000000091e00000|  0%| F|  |TAMS 0x0000000091d00000, 0x0000000091d00000| Untracked 
| 286|0x0000000091e00000, 0x0000000091e00000, 0x0000000091f00000|  0%| F|  |TAMS 0x0000000091e00000, 0x0000000091e00000| Untracked 
| 287|0x0000000091f00000, 0x0000000091f00000, 0x0000000092000000|  0%| F|  |TAMS 0x0000000091f00000, 0x0000000091f00000| Untracked 
| 288|0x0000000092000000, 0x0000000092000000, 0x0000000092100000|  0%| F|  |TAMS 0x0000000092000000, 0x0000000092000000| Untracked 
| 289|0x0000000092100000, 0x0000000092100000, 0x0000000092200000|  0%| F|  |TAMS 0x0000000092100000, 0x0000000092100000| Untracked 
| 290|0x0000000092200000, 0x0000000092200000, 0x0000000092300000|  0%| F|  |TAMS 0x0000000092200000, 0x0000000092200000| Untracked 
| 291|0x0000000092300000, 0x0000000092300000, 0x0000000092400000|  0%| F|  |TAMS 0x0000000092300000, 0x0000000092300000| Untracked 
| 292|0x0000000092400000, 0x0000000092400000, 0x0000000092500000|  0%| F|  |TAMS 0x0000000092400000, 0x0000000092400000| Untracked 
| 293|0x0000000092500000, 0x0000000092500000, 0x0000000092600000|  0%| F|  |TAMS 0x0000000092500000, 0x0000000092500000| Untracked 
| 294|0x0000000092600000, 0x0000000092600000, 0x0000000092700000|  0%| F|  |TAMS 0x0000000092600000, 0x0000000092600000| Untracked 
| 295|0x0000000092700000, 0x0000000092700000, 0x0000000092800000|  0%| F|  |TAMS 0x0000000092700000, 0x0000000092700000| Untracked 
| 296|0x0000000092800000, 0x0000000092800000, 0x0000000092900000|  0%| F|  |TAMS 0x0000000092800000, 0x0000000092800000| Untracked 
| 297|0x0000000092900000, 0x0000000092900000, 0x0000000092a00000|  0%| F|  |TAMS 0x0000000092900000, 0x0000000092900000| Untracked 
| 298|0x0000000092a00000, 0x0000000092a00000, 0x0000000092b00000|  0%| F|  |TAMS 0x0000000092a00000, 0x0000000092a00000| Untracked 
| 299|0x0000000092b00000, 0x0000000092b00000, 0x0000000092c00000|  0%| F|  |TAMS 0x0000000092b00000, 0x0000000092b00000| Untracked 
| 300|0x0000000092c00000, 0x0000000092c00000, 0x0000000092d00000|  0%| F|  |TAMS 0x0000000092c00000, 0x0000000092c00000| Untracked 
| 301|0x0000000092d00000, 0x0000000092d00000, 0x0000000092e00000|  0%| F|  |TAMS 0x0000000092d00000, 0x0000000092d00000| Untracked 
| 302|0x0000000092e00000, 0x0000000092e00000, 0x0000000092f00000|  0%| F|  |TAMS 0x0000000092e00000, 0x0000000092e00000| Untracked 
| 303|0x0000000092f00000, 0x0000000092f00000, 0x0000000093000000|  0%| F|  |TAMS 0x0000000092f00000, 0x0000000092f00000| Untracked 
| 304|0x0000000093000000, 0x0000000093000000, 0x0000000093100000|  0%| F|  |TAMS 0x0000000093000000, 0x0000000093000000| Untracked 
| 305|0x0000000093100000, 0x0000000093100000, 0x0000000093200000|  0%| F|  |TAMS 0x0000000093100000, 0x0000000093100000| Untracked 
| 306|0x0000000093200000, 0x0000000093200000, 0x0000000093300000|  0%| F|  |TAMS 0x0000000093200000, 0x0000000093200000| Untracked 
| 307|0x0000000093300000, 0x0000000093300000, 0x0000000093400000|  0%| F|  |TAMS 0x0000000093300000, 0x0000000093300000| Untracked 
| 308|0x0000000093400000, 0x0000000093400000, 0x0000000093500000|  0%| F|  |TAMS 0x0000000093400000, 0x0000000093400000| Untracked 
| 309|0x0000000093500000, 0x0000000093500000, 0x0000000093600000|  0%| F|  |TAMS 0x0000000093500000, 0x0000000093500000| Untracked 
| 310|0x0000000093600000, 0x0000000093600000, 0x0000000093700000|  0%| F|  |TAMS 0x0000000093600000, 0x0000000093600000| Untracked 
| 311|0x0000000093700000, 0x0000000093700000, 0x0000000093800000|  0%| F|  |TAMS 0x0000000093700000, 0x0000000093700000| Untracked 
| 312|0x0000000093800000, 0x0000000093800000, 0x0000000093900000|  0%| F|  |TAMS 0x0000000093800000, 0x0000000093800000| Untracked 
| 313|0x0000000093900000, 0x0000000093900000, 0x0000000093a00000|  0%| F|  |TAMS 0x0000000093900000, 0x0000000093900000| Untracked 
| 314|0x0000000093a00000, 0x0000000093a00000, 0x0000000093b00000|  0%| F|  |TAMS 0x0000000093a00000, 0x0000000093a00000| Untracked 
| 315|0x0000000093b00000, 0x0000000093b00000, 0x0000000093c00000|  0%| F|  |TAMS 0x0000000093b00000, 0x0000000093b00000| Untracked 
| 316|0x0000000093c00000, 0x0000000093c00000, 0x0000000093d00000|  0%| F|  |TAMS 0x0000000093c00000, 0x0000000093c00000| Untracked 
| 317|0x0000000093d00000, 0x0000000093d00000, 0x0000000093e00000|  0%| F|  |TAMS 0x0000000093d00000, 0x0000000093d00000| Untracked 
| 318|0x0000000093e00000, 0x0000000093e00000, 0x0000000093f00000|  0%| F|  |TAMS 0x0000000093e00000, 0x0000000093e00000| Untracked 
| 319|0x0000000093f00000, 0x0000000093f00000, 0x0000000094000000|  0%| F|  |TAMS 0x0000000093f00000, 0x0000000093f00000| Untracked 
| 320|0x0000000094000000, 0x0000000094000000, 0x0000000094100000|  0%| F|  |TAMS 0x0000000094000000, 0x0000000094000000| Untracked 
| 321|0x0000000094100000, 0x0000000094100000, 0x0000000094200000|  0%| F|  |TAMS 0x0000000094100000, 0x0000000094100000| Untracked 
| 322|0x0000000094200000, 0x0000000094200000, 0x0000000094300000|  0%| F|  |TAMS 0x0000000094200000, 0x0000000094200000| Untracked 
| 323|0x0000000094300000, 0x0000000094300000, 0x0000000094400000|  0%| F|  |TAMS 0x0000000094300000, 0x0000000094300000| Untracked 
| 324|0x0000000094400000, 0x0000000094400000, 0x0000000094500000|  0%| F|  |TAMS 0x0000000094400000, 0x0000000094400000| Untracked 
| 325|0x0000000094500000, 0x0000000094500000, 0x0000000094600000|  0%| F|  |TAMS 0x0000000094500000, 0x0000000094500000| Untracked 
| 326|0x0000000094600000, 0x0000000094600000, 0x0000000094700000|  0%| F|  |TAMS 0x0000000094600000, 0x0000000094600000| Untracked 
| 327|0x0000000094700000, 0x0000000094700000, 0x0000000094800000|  0%| F|  |TAMS 0x0000000094700000, 0x0000000094700000| Untracked 
| 328|0x0000000094800000, 0x0000000094800000, 0x0000000094900000|  0%| F|  |TAMS 0x0000000094800000, 0x0000000094800000| Untracked 
| 329|0x0000000094900000, 0x0000000094900000, 0x0000000094a00000|  0%| F|  |TAMS 0x0000000094900000, 0x0000000094900000| Untracked 
| 330|0x0000000094a00000, 0x0000000094a00000, 0x0000000094b00000|  0%| F|  |TAMS 0x0000000094a00000, 0x0000000094a00000| Untracked 
| 331|0x0000000094b00000, 0x0000000094b00000, 0x0000000094c00000|  0%| F|  |TAMS 0x0000000094b00000, 0x0000000094b00000| Untracked 
| 332|0x0000000094c00000, 0x0000000094c00000, 0x0000000094d00000|  0%| F|  |TAMS 0x0000000094c00000, 0x0000000094c00000| Untracked 
| 333|0x0000000094d00000, 0x0000000094d00000, 0x0000000094e00000|  0%| F|  |TAMS 0x0000000094d00000, 0x0000000094d00000| Untracked 
| 334|0x0000000094e00000, 0x0000000094e00000, 0x0000000094f00000|  0%| F|  |TAMS 0x0000000094e00000, 0x0000000094e00000| Untracked 
| 335|0x0000000094f00000, 0x0000000094f00000, 0x0000000095000000|  0%| F|  |TAMS 0x0000000094f00000, 0x0000000094f00000| Untracked 
| 336|0x0000000095000000, 0x0000000095000000, 0x0000000095100000|  0%| F|  |TAMS 0x0000000095000000, 0x0000000095000000| Untracked 

Card table byte_map: [0x000001f9654b0000,0x000001f9658b0000] _byte_map_base: 0x000001f9650b0000

Marking Bits (Prev, Next): (CMBitMap*) 0x000001f9525e6378, (CMBitMap*) 0x000001f9525e63b0
 Prev Bits: [0x000001f965cb0000, 0x000001f967cb0000)
 Next Bits: [0x000001f967cb0000, 0x000001f969cb0000)

Polling page: 0x000001f950490000

Metaspace:

Usage:
  Non-class:     94.50 MB capacity,    92.94 MB ( 98%) used,     1.21 MB (  1%) free+waste,   355.75 KB ( <1%) overhead. 
      Class:     14.65 MB capacity,    13.61 MB ( 93%) used,   904.52 KB (  6%) free+waste,   156.88 KB (  1%) overhead. 
       Both:    109.15 MB capacity,   106.56 MB ( 98%) used,     2.09 MB (  2%) free+waste,   512.63 KB ( <1%) overhead. 

Virtual space:
  Non-class space:       96.00 MB reserved,      94.56 MB ( 98%) committed 
      Class space:        1.00 GB reserved,      14.70 MB (  1%) committed 
             Both:        1.09 GB reserved,     109.26 MB ( 10%) committed 

Chunk freelists:
   Non-Class:  62.00 KB
       Class:  0 bytes
        Both:  62.00 KB

MaxMetaspaceSize: 17179869184.00 GB
CompressedClassSpaceSize: 1.00 GB
Initial GC threshold: 20.80 MB
Current GC threshold: 177.30 MB
CDS: off

CodeHeap 'non-profiled nmethods': size=120064Kb used=9048Kb max_used=9048Kb free=111015Kb
 bounds [0x000001f95db70000, 0x000001f95e450000, 0x000001f9650b0000]
CodeHeap 'profiled nmethods': size=120000Kb used=39234Kb max_used=39234Kb free=80765Kb
 bounds [0x000001f956640000, 0x000001f958ca0000, 0x000001f95db70000]
CodeHeap 'non-nmethods': size=5696Kb used=2406Kb max_used=2475Kb free=3289Kb
 bounds [0x000001f9560b0000, 0x000001f956320000, 0x000001f956640000]
 total_blobs=17209 nmethods=16282 adapters=838
 compilation: enabled
              stopped_count=0, restarted_count=0
 full_count=0

Compilation events (20 events):
Event: 39.095 Thread 0x000001f96c1cb000 nmethod 16713 0x000001f958c8d090 code [0x000001f958c8d240, 0x000001f958c8d4e8]
Event: 39.096 Thread 0x000001f96c1cb000 16714       1       com.android.tools.r8.internal.Rr::j2 (3 bytes)
Event: 39.096 Thread 0x000001f96c1cb000 nmethod 16714 0x000001f95e42af90 code [0x000001f95e42b140, 0x000001f95e42b1f8]
Event: 39.098 Thread 0x000001f96c1cb000 16715       1       com.android.tools.r8.internal.Rr::h2 (4 bytes)
Event: 39.098 Thread 0x000001f96c1cb000 nmethod 16715 0x000001f95e42b290 code [0x000001f95e42b440, 0x000001f95e42b4f8]
Event: 39.100 Thread 0x000001f96c1cb000 16716       2       com.android.tools.r8.internal.Rr::a (42 bytes)
Event: 39.101 Thread 0x000001f96c1cb000 nmethod 16716 0x000001f958c8d610 code [0x000001f958c8d7e0, 0x000001f958c8da68]
Event: 39.101 Thread 0x000001f96c1cb000 16717       2       com.android.tools.r8.internal.Rr::a (30 bytes)
Event: 39.101 Thread 0x000001f96c1cb000 nmethod 16717 0x000001f958c8dc10 code [0x000001f958c8ddc0, 0x000001f958c8def8]
Event: 39.112 Thread 0x000001f96c1cb000 16718       2       com.android.tools.r8.internal.w7::a (72 bytes)
Event: 39.113 Thread 0x000001f96c1cb000 nmethod 16718 0x000001f958c8e010 code [0x000001f958c8e240, 0x000001f958c8e848]
Event: 39.113 Thread 0x000001f96c1cb000 16719       2       com.android.tools.r8.internal.w7::a (187 bytes)
Event: 39.115 Thread 0x000001f96c1cb000 nmethod 16719 0x000001f958c8ec10 code [0x000001f958c8ef20, 0x000001f958c8f938]
Event: 39.122 Thread 0x000001f96c1cb000 16720       2       com.android.tools.r8.graph.O$b$$Lambda$1454/0x0000000100e26c40::apply (8 bytes)
Event: 39.122 Thread 0x000001f96c1cb000 nmethod 16720 0x000001f958c8ff90 code [0x000001f958c90140, 0x000001f958c90278]
Event: 39.124 Thread 0x000001f96f14e000 nmethod 16504 0x000001f95e42b590 code [0x000001f95e42cd80, 0x000001f95e43a778]
Event: 39.125 Thread 0x000001f96f14e000 16687       4       com.android.tools.r8.internal.Ql::a (1123 bytes)
Event: 39.140 Thread 0x000001f96c1cb000 16722       2       sun.security.provider.SHA2::implDigest (98 bytes)
Event: 39.141 Thread 0x000001f96c1cb000 nmethod 16722 0x000001f958c90390 code [0x000001f958c905a0, 0x000001f958c908e8]
Event: 39.141 Thread 0x000001f96c1cb000 16723       2       com.android.tools.r8.graph.M::getAccessFlags (5 bytes)

GC Heap History (20 events):
Event: 29.718 GC heap after
{Heap after GC invocations=33 (full 0):
 garbage-first heap   total 345088K, used 148633K [0x0000000080000000, 0x0000000100000000)
  region size 1024K, 4 young (4096K), 4 survivors (4096K)
 Metaspace       used 106864K, capacity 109290K, committed 109448K, reserved 1144832K
  class space    used 13669K, capacity 14622K, committed 14668K, reserved 1048576K
}
Event: 30.344 GC heap before
{Heap before GC invocations=33 (full 0):
 garbage-first heap   total 345088K, used 274585K [0x0000000080000000, 0x0000000100000000)
  region size 1024K, 127 young (130048K), 4 survivors (4096K)
 Metaspace       used 106944K, capacity 109368K, committed 109448K, reserved 1144832K
  class space    used 13670K, capacity 14623K, committed 14668K, reserved 1048576K
}
Event: 30.357 GC heap after
{Heap after GC invocations=34 (full 0):
 garbage-first heap   total 345088K, used 149162K [0x0000000080000000, 0x0000000100000000)
  region size 1024K, 5 young (5120K), 5 survivors (5120K)
 Metaspace       used 106944K, capacity 109368K, committed 109448K, reserved 1144832K
  class space    used 13670K, capacity 14623K, committed 14668K, reserved 1048576K
}
Event: 31.212 GC heap before
{Heap before GC invocations=34 (full 0):
 garbage-first heap   total 345088K, used 276138K [0x0000000080000000, 0x0000000100000000)
  region size 1024K, 129 young (132096K), 5 survivors (5120K)
 Metaspace       used 108550K, capacity 111133K, committed 111368K, reserved 1146880K
  class space    used 13896K, capacity 14949K, committed 15052K, reserved 1048576K
}
Event: 31.227 GC heap after
{Heap after GC invocations=35 (full 0):
 garbage-first heap   total 345088K, used 151040K [0x0000000080000000, 0x0000000100000000)
  region size 1024K, 6 young (6144K), 6 survivors (6144K)
 Metaspace       used 108550K, capacity 111133K, committed 111368K, reserved 1146880K
  class space    used 13896K, capacity 14949K, committed 15052K, reserved 1048576K
}
Event: 31.901 GC heap before
{Heap before GC invocations=35 (full 0):
 garbage-first heap   total 345088K, used 283136K [0x0000000080000000, 0x0000000100000000)
  region size 1024K, 135 young (138240K), 6 survivors (6144K)
 Metaspace       used 108822K, capacity 111518K, committed 111624K, reserved 1146880K
  class space    used 13930K, capacity 14986K, committed 15052K, reserved 1048576K
}
Event: 31.920 GC heap after
{Heap after GC invocations=36 (full 0):
 garbage-first heap   total 345088K, used 150787K [0x0000000080000000, 0x0000000100000000)
  region size 1024K, 6 young (6144K), 6 survivors (6144K)
 Metaspace       used 108822K, capacity 111518K, committed 111624K, reserved 1146880K
  class space    used 13930K, capacity 14986K, committed 15052K, reserved 1048576K
}
Event: 32.585 GC heap before
{Heap before GC invocations=36 (full 0):
 garbage-first heap   total 345088K, used 288003K [0x0000000080000000, 0x0000000100000000)
  region size 1024K, 140 young (143360K), 6 survivors (6144K)
 Metaspace       used 108853K, capacity 111519K, committed 111624K, reserved 1146880K
  class space    used 13930K, capacity 14986K, committed 15052K, reserved 1048576K
}
Event: 32.603 GC heap after
{Heap after GC invocations=37 (full 0):
 garbage-first heap   total 345088K, used 151040K [0x0000000080000000, 0x0000000100000000)
  region size 1024K, 6 young (6144K), 6 survivors (6144K)
 Metaspace       used 108853K, capacity 111519K, committed 111624K, reserved 1146880K
  class space    used 13930K, capacity 14986K, committed 15052K, reserved 1048576K
}
Event: 33.225 GC heap before
{Heap before GC invocations=37 (full 0):
 garbage-first heap   total 345088K, used 292352K [0x0000000080000000, 0x0000000100000000)
  region size 1024K, 144 young (147456K), 6 survivors (6144K)
 Metaspace       used 108887K, capacity 111597K, committed 111880K, reserved 1146880K
  class space    used 13933K, capacity 14991K, committed 15052K, reserved 1048576K
}
Event: 33.245 GC heap after
{Heap after GC invocations=38 (full 0):
 garbage-first heap   total 345088K, used 152064K [0x0000000080000000, 0x0000000100000000)
  region size 1024K, 7 young (7168K), 7 survivors (7168K)
 Metaspace       used 108887K, capacity 111597K, committed 111880K, reserved 1146880K
  class space    used 13933K, capacity 14991K, committed 15052K, reserved 1048576K
}
Event: 33.900 GC heap before
{Heap before GC invocations=38 (full 0):
 garbage-first heap   total 345088K, used 293376K [0x0000000080000000, 0x0000000100000000)
  region size 1024K, 145 young (148480K), 7 survivors (7168K)
 Metaspace       used 108918K, capacity 111607K, committed 111880K, reserved 1146880K
  class space    used 13935K, capacity 14994K, committed 15052K, reserved 1048576K
}
Event: 33.923 GC heap after
{Heap after GC invocations=39 (full 0):
 garbage-first heap   total 345088K, used 153006K [0x0000000080000000, 0x0000000100000000)
  region size 1024K, 8 young (8192K), 8 survivors (8192K)
 Metaspace       used 108918K, capacity 111607K, committed 111880K, reserved 1146880K
  class space    used 13935K, capacity 14994K, committed 15052K, reserved 1048576K
}
Event: 34.500 GC heap before
{Heap before GC invocations=39 (full 0):
 garbage-first heap   total 345088K, used 294318K [0x0000000080000000, 0x0000000100000000)
  region size 1024K, 146 young (149504K), 8 survivors (8192K)
 Metaspace       used 108957K, capacity 111619K, committed 111880K, reserved 1146880K
  class space    used 13937K, capacity 14997K, committed 15052K, reserved 1048576K
}
Event: 34.524 GC heap after
{Heap after GC invocations=40 (full 0):
 garbage-first heap   total 345088K, used 153795K [0x0000000080000000, 0x0000000100000000)
  region size 1024K, 9 young (9216K), 9 survivors (9216K)
 Metaspace       used 108957K, capacity 111619K, committed 111880K, reserved 1146880K
  class space    used 13937K, capacity 14997K, committed 15052K, reserved 1048576K
}
Event: 36.559 GC heap before
{Heap before GC invocations=40 (full 0):
 garbage-first heap   total 345088K, used 296131K [0x0000000080000000, 0x0000000100000000)
  region size 1024K, 148 young (151552K), 9 survivors (9216K)
 Metaspace       used 108976K, capacity 111619K, committed 111880K, reserved 1146880K
  class space    used 13937K, capacity 14997K, committed 15052K, reserved 1048576K
}
Event: 36.587 GC heap after
{Heap after GC invocations=41 (full 0):
 garbage-first heap   total 345088K, used 154112K [0x0000000080000000, 0x0000000100000000)
  region size 1024K, 9 young (9216K), 9 survivors (9216K)
 Metaspace       used 108976K, capacity 111619K, committed 111880K, reserved 1146880K
  class space    used 13937K, capacity 14997K, committed 15052K, reserved 1048576K
}
Event: 37.765 GC heap before
{Heap before GC invocations=41 (full 0):
 garbage-first heap   total 345088K, used 299520K [0x0000000080000000, 0x0000000100000000)
  region size 1024K, 151 young (154624K), 9 survivors (9216K)
 Metaspace       used 109086K, capacity 111766K, committed 111880K, reserved 1146880K
  class space    used 13939K, capacity 15001K, committed 15052K, reserved 1048576K
}
Event: 37.794 GC heap after
{Heap after GC invocations=42 (full 0):
 garbage-first heap   total 345088K, used 155136K [0x0000000080000000, 0x0000000100000000)
  region size 1024K, 10 young (10240K), 10 survivors (10240K)
 Metaspace       used 109086K, capacity 111766K, committed 111880K, reserved 1146880K
  class space    used 13939K, capacity 15001K, committed 15052K, reserved 1048576K
}
Event: 39.142 GC heap before
{Heap before GC invocations=42 (full 0):
 garbage-first heap   total 345088K, used 299520K [0x0000000080000000, 0x0000000100000000)
  region size 1024K, 151 young (154624K), 10 survivors (10240K)
 Metaspace       used 109115K, capacity 111767K, committed 111880K, reserved 1146880K
  class space    used 13939K, capacity 15001K, committed 15052K, reserved 1048576K
}

Deoptimization events (20 events):
Event: 37.969 Thread 0x000001f973a42800 DEOPT PACKING pc=0x000001f9586c5cb6 sp=0x000000c0669f8b10
Event: 37.969 Thread 0x000001f973a42800 DEOPT UNPACKING pc=0x000001f9560fa95e sp=0x000000c0669f82d0 mode 0
Event: 37.976 Thread 0x000001f973a46800 DEOPT PACKING pc=0x000001f95861b4a7 sp=0x000000c066bf92d0
Event: 37.976 Thread 0x000001f973a46800 DEOPT UNPACKING pc=0x000001f9560fa95e sp=0x000000c066bf8b60 mode 0
Event: 38.289 Thread 0x000001f973a42800 DEOPT PACKING pc=0x000001f95861b4a7 sp=0x000000c0669f85e0
Event: 38.289 Thread 0x000001f973a42800 DEOPT UNPACKING pc=0x000001f9560fa95e sp=0x000000c0669f7e70 mode 0
Event: 38.310 Thread 0x000001f973a42800 DEOPT PACKING pc=0x000001f9586c5cb6 sp=0x000000c0669f8b10
Event: 38.310 Thread 0x000001f973a42800 DEOPT UNPACKING pc=0x000001f9560fa95e sp=0x000000c0669f82d0 mode 0
Event: 38.498 Thread 0x000001f973a42800 DEOPT PACKING pc=0x000001f95822a253 sp=0x000000c0669f9060
Event: 38.498 Thread 0x000001f973a42800 DEOPT UNPACKING pc=0x000001f9560fa95e sp=0x000000c0669f8530 mode 0
Event: 38.848 Thread 0x000001f973a42800 DEOPT PACKING pc=0x000001f9586c5cb6 sp=0x000000c0669f8b10
Event: 38.848 Thread 0x000001f973a42800 DEOPT UNPACKING pc=0x000001f9560fa95e sp=0x000000c0669f82d0 mode 0
Event: 39.027 Thread 0x000001f973a46800 DEOPT PACKING pc=0x000001f95861b4a7 sp=0x000000c066bf8e40
Event: 39.027 Thread 0x000001f973a46800 DEOPT UNPACKING pc=0x000001f9560fa95e sp=0x000000c066bf86d0 mode 0
Event: 39.069 Thread 0x000001f973a46800 DEOPT PACKING pc=0x000001f9586c5cb6 sp=0x000000c066bf9370
Event: 39.069 Thread 0x000001f973a46800 DEOPT UNPACKING pc=0x000001f9560fa95e sp=0x000000c066bf8b30 mode 0
Event: 39.098 Thread 0x000001f973a46800 DEOPT PACKING pc=0x000001f95861b4a7 sp=0x000000c066bf92d0
Event: 39.098 Thread 0x000001f973a46800 DEOPT UNPACKING pc=0x000001f9560fa95e sp=0x000000c066bf8b60 mode 0
Event: 39.124 Thread 0x000001f973a42800 DEOPT PACKING pc=0x000001f9586c5cb6 sp=0x000000c0669f8b10
Event: 39.124 Thread 0x000001f973a42800 DEOPT UNPACKING pc=0x000001f9560fa95e sp=0x000000c0669f82d0 mode 0

Classes redefined (0 events):
No events

Internal exceptions (20 events):
Event: 24.941 Thread 0x000001f9788cd000 Exception <a 'java/lang/NoSuchMethodError'{0x0000000090a84428}: 'int java.lang.invoke.DirectMethodHandle$Holder.invokeSpecial(java.lang.Object, java.lang.Object, java.lang.Object, java.lang.Object, java.lang.Object)'> (0x0000000090a84428) thrown at [./src/hotspot/share/interpreter/linkResolver.cpp, line 773]
Event: 24.971 Thread 0x000001f9788cd000 Exception <a 'java/lang/IncompatibleClassChangeError'{0x0000000090420528}: Found class java.lang.Object, but interface was expected> (0x0000000090420528) thrown at [./src/hotspot/share/interpreter/linkResolver.cpp, line 839]
Event: 24.972 Thread 0x000001f9788cd000 Exception <a 'java/lang/IncompatibleClassChangeError'{0x00000000904e6110}: Found class java.lang.Object, but interface was expected> (0x00000000904e6110) thrown at [./src/hotspot/share/interpreter/linkResolver.cpp, line 839]
Event: 25.092 Thread 0x000001f9788cd000 Exception <a 'java/lang/NoSuchMethodError'{0x000000008f6c7c38}: 'void java.lang.invoke.DirectMethodHandle$Holder.invokeSpecial(java.lang.Object, java.lang.Object, int, java.lang.Object)'> (0x000000008f6c7c38) thrown at [./src/hotspot/share/interpreter/linkResolver.cpp, line 773]
Event: 25.314 Thread 0x000001f9788cd000 Exception <a 'java/lang/NoSuchMethodError'{0x000000008dafecb0}: 'java.lang.Object java.lang.invoke.DirectMethodHandle$Holder.newInvokeSpecial(java.lang.Object, int)'> (0x000000008dafecb0) thrown at [./src/hotspot/share/interpreter/linkResolver.cpp, line 773]
Event: 25.818 Thread 0x000001f973a46800 Exception <a 'java/lang/NoSuchMethodError'{0x000000008fbec330}: 'java.lang.Object java.lang.invoke.DirectMethodHandle$Holder.invokeSpecial(java.lang.Object, java.lang.Object, java.lang.Object, java.lang.Object, java.lang.Object, java.lang.Object, java.lang.Object, java.lang.Object, java.lang.Object, java.lang.Object, java.lang.Object)'> (0x000000008fbec330) thrown at [./src/hotspot/share/interpreter/linkResolver.cpp, line 773]
Event: 25.819 Thread 0x000001f973a46800 Exception <a 'java/lang/NoSuchMethodError'{0x000000008fbf7cd0}: 'java.lang.Object java.lang.invoke.Invokers$Holder.linkToTargetMethod(java.lang.Object, java.lang.Object, java.lang.Object, java.lang.Object, java.lang.Object, java.lang.Object, java.lang.Object, java.lang.Object, java.lang.Object, java.lang.Object)'> (0x000000008fbf7cd0) thrown at [./src/hotspot/share/interpreter/linkResolver.cpp, line 773]
Event: 25.831 Thread 0x000001f973a46800 Exception <a 'java/lang/IncompatibleClassChangeError'{0x000000008fae03e8}: Found class java.lang.Object, but interface was expected> (0x000000008fae03e8) thrown at [./src/hotspot/share/interpreter/linkResolver.cpp, line 839]
Event: 29.496 Thread 0x000001f9788cd000 Exception <a 'java/lang/NoSuchMethodError'{0x0000000090fdfd28}: 'int java.lang.invoke.DirectMethodHandle$Holder.invokeInterface(java.lang.Object, java.lang.Object, int)'> (0x0000000090fdfd28) thrown at [./src/hotspot/share/interpreter/linkResolver.cpp, line 773]
Event: 30.442 Thread 0x000001f973a46800 Implicit null exception at 0x000001f95e320380 to 0x000001f95e326720
Event: 30.450 Thread 0x000001f9788cd000 Implicit null exception at 0x000001f95e18c9ef to 0x000001f95e18cb2c
Event: 30.581 Thread 0x000001f9788cd000 Exception <a 'java/lang/NoSuchMethodError'{0x0000000092cd2508}: 'java.lang.Object java.lang.invoke.Invokers$Holder.linkToTargetMethod(java.lang.Object, int, java.lang.Object, java.lang.Object, java.lang.Object, java.lang.Object)'> (0x0000000092cd2508) thrown at [./src/hotspot/share/interpreter/linkResolver.cpp, line 773]
Event: 30.585 Thread 0x000001f9788cd000 Exception <a 'java/lang/NoSuchMethodError'{0x0000000092cf2d20}: 'java.lang.Object java.lang.invoke.Invokers$Holder.linkToTargetMethod(java.lang.Object, java.lang.Object, java.lang.Object, int, java.lang.Object, java.lang.Object, java.lang.Object)'> (0x0000000092cf2d20) thrown at [./src/hotspot/share/interpreter/linkResolver.cpp, line 773]
Event: 30.638 Thread 0x000001f9788cd000 Exception <a 'java/lang/NoSuchMethodError'{0x000000009264c950}: 'void java.lang.invoke.DirectMethodHandle$Holder.invokeStatic(java.lang.Object, java.lang.Object, java.lang.Object, java.lang.Object, java.lang.Object, java.lang.Object, java.lang.Object, java.lang.Object)'> (0x000000009264c950) thrown at [./src/hotspot/share/interpreter/linkResolver.cpp, line 773]
Event: 30.701 Thread 0x000001f973a46800 Implicit null exception at 0x000001f95e3409c8 to 0x000001f95e340af0
Event: 30.912 Thread 0x000001f9788cd000 Exception <a 'java/lang/IncompatibleClassChangeError'{0x0000000090b5de08}: Found class java.lang.Object, but interface was expected> (0x0000000090b5de08) thrown at [./src/hotspot/share/interpreter/linkResolver.cpp, line 839]
Event: 31.203 Thread 0x000001f9788cd000 Exception <a 'java/lang/NoSuchMethodError'{0x000000008d6e1110}: 'void java.lang.invoke.DirectMethodHandle$Holder.invokeSpecial(java.lang.Object, java.lang.Object, int)'> (0x000000008d6e1110) thrown at [./src/hotspot/share/interpreter/linkResolver.cpp, line 773]
Event: 31.228 Thread 0x000001f9788cd000 Implicit null exception at 0x000001f95e13f8c0 to 0x000001f95e140cf4
Event: 31.228 Thread 0x000001f9788cd000 Implicit null exception at 0x000001f95e121e20 to 0x000001f95e122040
Event: 31.347 Thread 0x000001f9788cd000 Exception <a 'sun/nio/fs/WindowsException'{0x0000000094369bb8}> (0x0000000094369bb8) thrown at [./src/hotspot/share/prims/jni.cpp, line 615]

Events (20 events):
Event: 36.791 loading class com/android/tools/r8/internal/Qs done
Event: 36.791 loading class com/android/tools/r8/internal/Qs
Event: 36.791 loading class com/android/tools/r8/internal/Qs done
Event: 36.791 loading class com/android/tools/r8/internal/RG
Event: 36.791 loading class com/android/tools/r8/internal/RG done
Event: 36.791 loading class com/android/tools/r8/internal/RG
Event: 36.791 loading class com/android/tools/r8/internal/RG done
Event: 36.792 loading class com/android/tools/r8/internal/RG
Event: 36.792 loading class com/android/tools/r8/internal/RG done
Event: 36.792 loading class com/android/tools/r8/internal/RG
Event: 36.792 loading class com/android/tools/r8/internal/RG done
Event: 36.792 loading class com/android/tools/r8/internal/Tl
Event: 36.792 loading class com/android/tools/r8/internal/Tl done
Event: 36.792 loading class com/android/tools/r8/internal/RG
Event: 36.792 loading class com/android/tools/r8/internal/RG done
Event: 36.792 loading class com/android/tools/r8/internal/dm
Event: 36.792 loading class com/android/tools/r8/internal/dm done
Event: 37.764 Executing VM operation: G1CollectForAllocation
Event: 37.794 Executing VM operation: G1CollectForAllocation done
Event: 39.141 Executing VM operation: G1CollectForAllocation


Dynamic libraries:
0x00007ff729bd0000 - 0x00007ff729bda000 	F:\AndroidStudio\jre\bin\java.exe
0x00007ff8f8990000 - 0x00007ff8f8b88000 	C:\WINDOWS\SYSTEM32\ntdll.dll
0x00007ff8f8740000 - 0x00007ff8f8802000 	C:\WINDOWS\System32\KERNEL32.DLL
0x00007ff8f6130000 - 0x00007ff8f642e000 	C:\WINDOWS\System32\KERNELBASE.dll
0x00007ff8f6030000 - 0x00007ff8f6130000 	C:\WINDOWS\System32\ucrtbase.dll
0x00007ff8ede90000 - 0x00007ff8edea7000 	F:\AndroidStudio\jre\bin\VCRUNTIME140.dll
0x00007ff8ede70000 - 0x00007ff8ede89000 	F:\AndroidStudio\jre\bin\jli.dll
0x00007ff8f6b60000 - 0x00007ff8f6cfd000 	C:\WINDOWS\System32\USER32.dll
0x00007ff8cfba0000 - 0x00007ff8cfe3a000 	C:\WINDOWS\WinSxS\amd64_microsoft.windows.common-controls_6595b64144ccf1df_6.0.19041.4355_none_60b8b9eb71f62e16\COMCTL32.dll
0x00007ff8f6700000 - 0x00007ff8f6722000 	C:\WINDOWS\System32\win32u.dll
0x00007ff8f76a0000 - 0x00007ff8f773e000 	C:\WINDOWS\System32\msvcrt.dll
0x00007ff8f8710000 - 0x00007ff8f873b000 	C:\WINDOWS\System32\GDI32.dll
0x00007ff8f6890000 - 0x00007ff8f69a7000 	C:\WINDOWS\System32\gdi32full.dll
0x00007ff8f6480000 - 0x00007ff8f651d000 	C:\WINDOWS\System32\msvcp_win.dll
0x00007ff8f7740000 - 0x00007ff8f776f000 	C:\WINDOWS\System32\IMM32.DLL
0x00007ff8cc290000 - 0x00007ff8cc32d000 	F:\AndroidStudio\jre\bin\msvcp140.dll
0x00007ff8ba2f0000 - 0x00007ff8badd5000 	F:\AndroidStudio\jre\bin\server\jvm.dll
0x00007ff8f6f40000 - 0x00007ff8f6ff1000 	C:\WINDOWS\System32\ADVAPI32.dll
0x00007ff8f7840000 - 0x00007ff8f78df000 	C:\WINDOWS\System32\sechost.dll
0x00007ff8f6df0000 - 0x00007ff8f6f13000 	C:\WINDOWS\System32\RPCRT4.dll
0x00007ff8f6590000 - 0x00007ff8f65b7000 	C:\WINDOWS\System32\bcrypt.dll
0x00007ff8f7000000 - 0x00007ff8f7008000 	C:\WINDOWS\System32\PSAPI.DLL
0x00007ff8d9520000 - 0x00007ff8d9529000 	C:\WINDOWS\SYSTEM32\WSOCK32.dll
0x00007ff8f7ed0000 - 0x00007ff8f7f3b000 	C:\WINDOWS\System32\WS2_32.dll
0x00007ff8d3d80000 - 0x00007ff8d3da7000 	C:\WINDOWS\SYSTEM32\WINMM.dll
0x00007ff8ec440000 - 0x00007ff8ec44a000 	C:\WINDOWS\SYSTEM32\VERSION.dll
0x00007ff8f4850000 - 0x00007ff8f4862000 	C:\WINDOWS\SYSTEM32\kernel.appcore.dll
0x00007ff8ef710000 - 0x00007ff8ef721000 	F:\AndroidStudio\jre\bin\verify.dll
0x00007ff8f4570000 - 0x00007ff8f4754000 	C:\WINDOWS\SYSTEM32\DBGHELP.DLL
0x00007ff8e19e0000 - 0x00007ff8e1a14000 	C:\WINDOWS\SYSTEM32\dbgcore.DLL
0x00007ff8f65c0000 - 0x00007ff8f6642000 	C:\WINDOWS\System32\bcryptPrimitives.dll
0x00007ff8ef520000 - 0x00007ff8ef549000 	F:\AndroidStudio\jre\bin\java.dll
0x00007ff8f07d0000 - 0x00007ff8f07db000 	F:\AndroidStudio\jre\bin\jimage.dll
0x00007ff8ef500000 - 0x00007ff8ef518000 	F:\AndroidStudio\jre\bin\zip.dll
0x00007ff8f7fa0000 - 0x00007ff8f870d000 	C:\WINDOWS\System32\SHELL32.dll
0x00007ff8f3cf0000 - 0x00007ff8f4494000 	C:\WINDOWS\SYSTEM32\windows.storage.dll
0x00007ff8f7ac0000 - 0x00007ff8f7e13000 	C:\WINDOWS\System32\combase.dll
0x00007ff8f5990000 - 0x00007ff8f59be000 	C:\WINDOWS\SYSTEM32\Wldp.dll
0x00007ff8f7770000 - 0x00007ff8f783d000 	C:\WINDOWS\System32\OLEAUT32.dll
0x00007ff8f7570000 - 0x00007ff8f761d000 	C:\WINDOWS\System32\SHCORE.dll
0x00007ff8f7f40000 - 0x00007ff8f7f95000 	C:\WINDOWS\System32\shlwapi.dll
0x00007ff8f5f60000 - 0x00007ff8f5f84000 	C:\WINDOWS\SYSTEM32\profapi.dll
0x00007ff8ef370000 - 0x00007ff8ef38a000 	F:\AndroidStudio\jre\bin\net.dll
0x00007ff8e6780000 - 0x00007ff8e688d000 	C:\WINDOWS\SYSTEM32\WINHTTP.dll
0x00007ff8f56f0000 - 0x00007ff8f575a000 	C:\WINDOWS\system32\mswsock.dll
0x00007ff8ef250000 - 0x00007ff8ef264000 	F:\AndroidStudio\jre\bin\nio.dll
0x00007ff8e39e0000 - 0x00007ff8e3a07000 	C:\Users\Sultan\.gradle\native\e1d6ef7f7dcc3fd88c89a11ec53ec762bb8ba0a96d01ffa2cd45eb1d1d8dd5c5\windows-amd64\native-platform.dll
0x00007ff8cc0f0000 - 0x00007ff8cc234000 	C:\Users\Sultan\.gradle\native\5664cfc778a61ccfe75a443a1ab52a65af34e5dc3c78e0209fed803814484fcb\windows-amd64\native-platform-file-events.dll
0x00007ff8ef750000 - 0x00007ff8ef75a000 	F:\AndroidStudio\jre\bin\management.dll
0x00007ff8ef4d0000 - 0x00007ff8ef4dd000 	F:\AndroidStudio\jre\bin\management_ext.dll
0x00007ff8f58e0000 - 0x00007ff8f58f8000 	C:\WINDOWS\SYSTEM32\CRYPTSP.dll
0x00007ff8f5010000 - 0x00007ff8f5044000 	C:\WINDOWS\system32\rsaenh.dll
0x00007ff8f5f20000 - 0x00007ff8f5f4e000 	C:\WINDOWS\SYSTEM32\USERENV.dll
0x00007ff8f5900000 - 0x00007ff8f590c000 	C:\WINDOWS\SYSTEM32\CRYPTBASE.dll
0x00007ff8f53d0000 - 0x00007ff8f540b000 	C:\WINDOWS\SYSTEM32\IPHLPAPI.DLL
0x00007ff8f8940000 - 0x00007ff8f8948000 	C:\WINDOWS\System32\NSI.dll
0x00007ff8ebae0000 - 0x00007ff8ebaf7000 	C:\WINDOWS\SYSTEM32\dhcpcsvc6.DLL
0x00007ff8ebb60000 - 0x00007ff8ebb7d000 	C:\WINDOWS\SYSTEM32\dhcpcsvc.DLL
0x00007ff8f5410000 - 0x00007ff8f54da000 	C:\WINDOWS\SYSTEM32\DNSAPI.dll

dbghelp: loaded successfully - version: 4.0.5 - missing functions: none
symbol engine: initialized successfully - sym options: 0x614 - pdb path: .;F:\AndroidStudio\jre\bin;C:\WINDOWS\SYSTEM32;C:\WINDOWS\WinSxS\amd64_microsoft.windows.common-controls_6595b64144ccf1df_6.0.19041.4355_none_60b8b9eb71f62e16;F:\AndroidStudio\jre\bin\server;C:\Users\Sultan\.gradle\native\e1d6ef7f7dcc3fd88c89a11ec53ec762bb8ba0a96d01ffa2cd45eb1d1d8dd5c5\windows-amd64;C:\Users\Sultan\.gradle\native\5664cfc778a61ccfe75a443a1ab52a65af34e5dc3c78e0209fed803814484fcb\windows-amd64

VM Arguments:
jvm_args: --add-opens=java.base/java.util=ALL-UNNAMED --add-opens=java.base/java.lang=ALL-UNNAMED --add-opens=java.base/java.lang.invoke=ALL-UNNAMED --add-opens=java.base/java.util=ALL-UNNAMED --add-opens=java.prefs/java.util.prefs=ALL-UNNAMED --add-opens=java.prefs/java.util.prefs=ALL-UNNAMED --add-opens=java.base/java.nio.charset=ALL-UNNAMED --add-opens=java.base/java.net=ALL-UNNAMED --add-opens=java.base/java.util.concurrent.atomic=ALL-UNNAMED -Xmx2048m -Dfile.encoding=UTF-8 -Duser.country=RU -Duser.language=ru -Duser.variant 
java_command: org.gradle.launcher.daemon.bootstrap.GradleDaemon 7.3.3
java_class_path (initial): C:\Users\Sultan\.gradle\wrapper\dists\gradle-7.3.3-bin\6a41zxkdtcxs8rphpq6y0069z\gradle-7.3.3\lib\gradle-launcher-7.3.3.jar
Launcher Type: SUN_STANDARD

[Global flags]
     intx CICompilerCount                          = 3                                         {product} {ergonomic}
     uint ConcGCThreads                            = 1                                         {product} {ergonomic}
     uint G1ConcRefinementThreads                  = 4                                         {product} {ergonomic}
   size_t G1HeapRegionSize                         = 1048576                                   {product} {ergonomic}
    uintx GCDrainStackTargetSize                   = 64                                        {product} {ergonomic}
   size_t InitialHeapSize                          = 134217728                                 {product} {ergonomic}
   size_t MarkStackSize                            = 4194304                                   {product} {ergonomic}
   size_t MaxHeapSize                              = 2147483648                                {product} {command line}
   size_t MaxNewSize                               = 1287651328                                {product} {ergonomic}
   size_t MinHeapDeltaBytes                        = 1048576                                   {product} {ergonomic}
    uintx NonNMethodCodeHeapSize                   = 5830732                                {pd product} {ergonomic}
    uintx NonProfiledCodeHeapSize                  = 122913754                              {pd product} {ergonomic}
    uintx ProfiledCodeHeapSize                     = 122913754                              {pd product} {ergonomic}
    uintx ReservedCodeCacheSize                    = 251658240                              {pd product} {ergonomic}
     bool SegmentedCodeCache                       = true                                      {product} {ergonomic}
     bool UseCompressedClassPointers               = true                                 {lp64_product} {ergonomic}
     bool UseCompressedOops                        = true                                 {lp64_product} {ergonomic}
     bool UseG1GC                                  = true                                      {product} {ergonomic}
     bool UseLargePagesIndividualAllocation        = false                                  {pd product} {ergonomic}

Logging:
Log output configuration:
 #0: stdout all=warning uptime,level,tags
 #1: stderr all=off uptime,level,tags

Environment Variables:
JAVA_HOME=C:\Program Files\Java\jdk-18.0.2.1
PATH=C:\Program Files\Common Files\Oracle\Java\javapath;C:\Program Files (x86)\Common Files\Oracle\Java\javapath;C:\WINDOWS\system32;C:\WINDOWS;C:\WINDOWS\System32\Wbem;C:\WINDOWS\System32\WindowsPowerShell\v1.0\;C:\WINDOWS\System32\OpenSSH\;C:\Program Files\Java\jdk-18.0.2.1\bin;F:\Git\cmd;F:\dart-sass\dart-sass;C:\Program Files\Microsoft SQL Server\150\Tools\Binn\;C:\Program Files\Microsoft SQL Server\Client SDK\ODBC\170\Tools\Binn\;C:\Program Files\dotnet\;C:\Program Files\Cloudflare\Cloudflare WARP\;C:\Users\Sultan\AppData\Local\Microsoft\WindowsApps;;F:\IntelliJ IDEA Community Edition 2024.2.1\bin;;F:\Microsoft VS Code\bin;C:\Users\Sultan\.dotnet\tools;F:\Nmap
USERNAME=Sultan
OS=Windows_NT
PROCESSOR_IDENTIFIER=Intel64 Family 6 Model 142 Stepping 10, GenuineIntel



---------------  S Y S T E M  ---------------

OS: Windows 10 , 64 bit Build 19041 (10.0.19041.5072)
OS uptime: 0 days 6:55 hours

CPU:total 4 (initial active 4) (2 cores per cpu, 2 threads per core) family 6 model 142 stepping 10 microcode 0xb4, cmov, cx8, fxsr, mmx, sse, sse2, sse3, ssse3, sse4.1, sse4.2, popcnt, avx, avx2, aes, clmul, erms, 3dnowpref, lzcnt, ht, tsc, tscinvbit, bmi1, bmi2, adx, fma

Memory: 4k page, system-wide physical 8108M (428M free)
TotalPageFile size 10156M (AvailPageFile size 38M)
current process WorkingSet (physical memory assigned to process): 732M, peak: 735M
current process commit charge ("private bytes"): 787M, peak: 855M

vm_info: OpenJDK 64-Bit Server VM (11.0.12+7-b1504.28-7817840) for windows-amd64 JRE (11.0.12+7-b1504.28-7817840), built on Oct 13 2021 22:12:33 by "builder" with MS VC++ 14.0 (VS2015)

END.
