#
# There is insufficient memory for the Java Runtime Environment to continue.
# Native memory allocation (mmap) failed to map 75497472 bytes for Failed to commit area from 0x0000000094800000 to 0x0000000099000000 of length 75497472.
# Possible reasons:
#   The system is out of physical RAM or swap space
#   The process is running with CompressedOops enabled, and the Java Heap may be blocking the growth of the native heap
# Possible solutions:
#   Reduce memory load on the system
#   Increase physical memory or swap space
#   Check if swap backing store is full
#   Decrease Java heap size (-Xmx/-Xms)
#   Decrease number of Java threads
#   Decrease Java thread stack sizes (-Xss)
#   Set larger code cache with -XX:ReservedCodeCacheSize=
#   JVM is running with Unscaled Compressed Oops mode in which the Java heap is
#     placed in the first 4GB address space. The Java Heap base address is the
#     maximum limit for the native heap growth. Please use -XX:HeapBaseMinAddress
#     to set the Java Heap base and to place the Java Heap above 4GB virtual address.
# This output file may be truncated or incomplete.
#
#  Out of Memory Error (./src/hotspot/os/windows/os_windows.cpp:3521), pid=13800, tid=12944
#
# JRE version: OpenJDK Runtime Environment (11.0.12+7) (build 11.0.12+7-b1504.28-7817840)
# Java VM: OpenJDK 64-Bit Server VM (11.0.12+7-b1504.28-7817840, mixed mode, tiered, compressed oops, g1 gc, windows-amd64)
# No core dump will be written. Minidumps are not enabled by default on client versions of Windows
#

---------------  S U M M A R Y ------------

Command Line: --add-opens=java.base/java.util=ALL-UNNAMED --add-opens=java.base/java.lang=ALL-UNNAMED --add-opens=java.base/java.lang.invoke=ALL-UNNAMED --add-opens=java.base/java.util=ALL-UNNAMED --add-opens=java.prefs/java.util.prefs=ALL-UNNAMED --add-opens=java.prefs/java.util.prefs=ALL-UNNAMED --add-opens=java.base/java.nio.charset=ALL-UNNAMED --add-opens=java.base/java.net=ALL-UNNAMED --add-opens=java.base/java.util.concurrent.atomic=ALL-UNNAMED -Xmx2048m -Dfile.encoding=UTF-8 -Duser.country=RU -Duser.language=ru -Duser.variant org.gradle.launcher.daemon.bootstrap.GradleDaemon 7.3.3

Host: Intel(R) Core(TM) i3-7020U CPU @ 2.30GHz, 4 cores, 7G,  Windows 10 , 64 bit Build 19041 (10.0.19041.5072)
Time: Tue Dec 10 03:32:51 2024 ќмское стандартное врем€ elapsed time: 3004.800952 seconds (0d 0h 50m 4s)

---------------  T H R E A D  ---------------

Current thread (0x000001f327e36000):  VMThread "VM Thread" [stack: 0x0000007387300000,0x0000007387400000] [id=12944]

Stack: [0x0000007387300000,0x0000007387400000]
[error occurred during error reporting (printing stack bounds), id 0xc0000005, EXCEPTION_ACCESS_VIOLATION (0xc0000005) at pc=0x000001f311d5112d]

Native frames: (J=compiled Java code, j=interpreted, Vv=VM code, C=native code)
V  [jvm.dll+0x5fbcea]
V  [jvm.dll+0x731905]
V  [jvm.dll+0x732f1d]
V  [jvm.dll+0x733535]
V  [jvm.dll+0x7334eb]
V  [jvm.dll+0x5fb080]
V  [jvm.dll+0x5fb818]
C  [ntdll.dll+0xa28bf]
C  [ntdll.dll+0x52554]
C  [ntdll.dll+0xa13ce]
C  0x000001f311d5112d

VM_Operation (0x000000738b6f88c0): G1CollectForAllocation, mode: safepoint, requested by thread 0x000001f32952b800


---------------  P R O C E S S  ---------------

Threads class SMR info:
_java_thread_list=0x000001f328d4d8e0, length=93, elements={
0x000001f30e242800, 0x000001f327e39800, 0x000001f327e43000, 0x000001f327e52000,
0x000001f327e53000, 0x000001f327e54800, 0x000001f327e5f800, 0x000001f327e6a000,
0x000001f327e6b000, 0x000001f328934000, 0x000001f32a06e800, 0x000001f32b45b000,
0x000001f329dd3000, 0x000001f32bbf6800, 0x000001f32bbf2800, 0x000001f32bbf7000,
0x000001f32bbf9000, 0x000001f32bbf3000, 0x000001f32bbf4000, 0x000001f32bbf4800,
0x000001f32bb0f000, 0x000001f32bb0c800, 0x000001f32bb11800, 0x000001f32bb0b800,
0x000001f32e5cc800, 0x000001f32e5d1800, 0x000001f32952c000, 0x000001f32ad0c800,
0x000001f32e5c8800, 0x000001f32e5c9800, 0x000001f32e5ca800, 0x000001f32e5c5800,
0x000001f32e5c6000, 0x000001f32e5c8000, 0x000001f32e5c4800, 0x000001f32e5cc000,
0x000001f32e5c7000, 0x000001f32e5ce800, 0x000001f32e5cf000, 0x000001f32e5d0000,
0x000001f32e5d1000, 0x000001f32e5cb000, 0x000001f32e5d3000, 0x000001f32e5d2800,
0x000001f32bb0d800, 0x000001f32bb10800, 0x000001f32bb0f800, 0x000001f32bb0b000,
0x000001f32bb16000, 0x000001f32bb14000, 0x000001f32bb18800, 0x000001f32bb13000,
0x000001f32bb18000, 0x000001f32bb19800, 0x000001f32bb17000, 0x000001f32bb14800,
0x000001f32bb15800, 0x000001f32ad10800, 0x000001f32ad10000, 0x000001f32ad0b000,
0x000001f32ad0e000, 0x000001f32ad11800, 0x000001f32ad0c000, 0x000001f32ad0d800,
0x000001f32ad0f000, 0x000001f329530800, 0x000001f32952e800, 0x000001f32952d000,
0x000001f32952e000, 0x000001f32952b800, 0x000001f32952f800, 0x000001f32952a800,
0x000001f329531000, 0x000001f32bbf5800, 0x000001f32bbf8000, 0x000001f3298c9000,
0x000001f3298cc800, 0x000001f3298cd000, 0x000001f3298c7800, 0x000001f3298ce000,
0x000001f3298ca000, 0x000001f3298ca800, 0x000001f3298c8000, 0x000001f3298ce800,
0x000001f3298cf800, 0x000001f3298d0800, 0x000001f3298d1000, 0x000001f3298cb800,
0x000001f3298d2000, 0x000001f3298d4800, 0x000001f3298d3000, 0x000001f3298d3800,
0x000001f33798c000
}

Java Threads: ( => current thread )
  0x000001f30e242800 JavaThread "main" [_thread_blocked, id=11800, stack(0x0000007386d00000,0x0000007386e00000)]
  0x000001f327e39800 JavaThread "Reference Handler" daemon [_thread_blocked, id=12980, stack(0x0000007387400000,0x0000007387500000)]
  0x000001f327e43000 JavaThread "Finalizer" daemon [_thread_blocked, id=11352, stack(0x0000007387500000,0x0000007387600000)]
  0x000001f327e52000 JavaThread "Signal Dispatcher" daemon [_thread_blocked, id=13760, stack(0x0000007387600000,0x0000007387700000)]
  0x000001f327e53000 JavaThread "Attach Listener" daemon [_thread_blocked, id=12244, stack(0x0000007387700000,0x0000007387800000)]
  0x000001f327e54800 JavaThread "Service Thread" daemon [_thread_blocked, id=9836, stack(0x0000007387800000,0x0000007387900000)]
  0x000001f327e5f800 JavaThread "C2 CompilerThread0" daemon [_thread_in_native, id=12520, stack(0x0000007387900000,0x0000007387a00000)]
  0x000001f327e6a000 JavaThread "C1 CompilerThread0" daemon [_thread_blocked, id=2792, stack(0x0000007387a00000,0x0000007387b00000)]
  0x000001f327e6b000 JavaThread "Sweeper thread" daemon [_thread_blocked, id=5552, stack(0x0000007387b00000,0x0000007387c00000)]
  0x000001f328934000 JavaThread "Common-Cleaner" daemon [_thread_blocked, id=5780, stack(0x0000007387c00000,0x0000007387d00000)]
  0x000001f32a06e800 JavaThread "Daemon health stats" [_thread_blocked, id=12528, stack(0x0000007388100000,0x0000007388200000)]
  0x000001f32b45b000 JavaThread "Incoming local TCP Connector on port 31170" [_thread_in_native, id=11544, stack(0x0000007387e00000,0x0000007387f00000)]
  0x000001f329dd3000 JavaThread "Daemon periodic checks" [_thread_blocked, id=10288, stack(0x0000007388300000,0x0000007388400000)]
  0x000001f32bbf6800 JavaThread "Cache worker for journal cache (C:\Users\Sultan\.gradle\caches\journal-1)" [_thread_blocked, id=14080, stack(0x0000007388c00000,0x0000007388d00000)]
  0x000001f32bbf2800 JavaThread "File lock request listener" [_thread_in_native, id=10576, stack(0x0000007388d00000,0x0000007388e00000)]
  0x000001f32bbf7000 JavaThread "Cache worker for file hash cache (C:\Users\Sultan\.gradle\caches\7.3.3\fileHashes)" [_thread_blocked, id=3232, stack(0x0000007388e00000,0x0000007388f00000)]
  0x000001f32bbf9000 JavaThread "File watcher server" daemon [_thread_blocked, id=13268, stack(0x0000007389000000,0x0000007389100000)]
  0x000001f32bbf3000 JavaThread "File watcher consumer" daemon [_thread_blocked, id=4472, stack(0x0000007389100000,0x0000007389200000)]
  0x000001f32bbf4000 JavaThread "jar transforms" [_thread_blocked, id=9508, stack(0x0000007389200000,0x0000007389300000)]
  0x000001f32bbf4800 JavaThread "jar transforms Thread 2" [_thread_blocked, id=1100, stack(0x0000007389300000,0x0000007389400000)]
  0x000001f32bb0f000 JavaThread "jar transforms Thread 3" [_thread_blocked, id=9556, stack(0x0000007389400000,0x0000007389500000)]
  0x000001f32bb0c800 JavaThread "jar transforms Thread 4" [_thread_blocked, id=7488, stack(0x0000007389500000,0x0000007389600000)]
  0x000001f32bb11800 JavaThread "Cache worker for execution history cache (C:\Users\Sultan\.gradle\caches\7.3.3\executionHistory)" [_thread_blocked, id=11652, stack(0x0000007389900000,0x0000007389a00000)]
  0x000001f32bb0b800 JavaThread "Cache worker for file content cache (C:\Users\Sultan\.gradle\caches\7.3.3\fileContent)" [_thread_blocked, id=10936, stack(0x0000007389a00000,0x0000007389b00000)]
  0x000001f32e5cc800 JavaThread "Memory manager" [_thread_blocked, id=10404, stack(0x000000738c500000,0x000000738c600000)]
  0x000001f32e5d1800 JavaThread "pool-3-thread-1" [_thread_blocked, id=13732, stack(0x000000738c600000,0x000000738c700000)]
  0x000001f32952c000 JavaThread "pool-6-thread-1" [_thread_blocked, id=10608, stack(0x000000738c200000,0x000000738c300000)]
  0x000001f32ad0c800 JavaThread "pool-9-thread-1" [_thread_blocked, id=9952, stack(0x000000738c300000,0x000000738c400000)]
  0x000001f32e5c8800 JavaThread "Daemon Thread 4" [_thread_blocked, id=3388, stack(0x0000007386a00000,0x0000007386b00000)]
  0x000001f32e5c9800 JavaThread "Handler for socket connection from /127.0.0.1:31170 to /127.0.0.1:31620" [_thread_in_native, id=8268, stack(0x0000007386b00000,0x0000007386c00000)]
  0x000001f32e5ca800 JavaThread "Cancel handler" [_thread_blocked, id=13372, stack(0x0000007386c00000,0x0000007386d00000)]
  0x000001f32e5c5800 JavaThread "Daemon worker Thread 4" [_thread_blocked, id=13420, stack(0x0000007388200000,0x0000007388300000)]
  0x000001f32e5c6000 JavaThread "Asynchronous log dispatcher for DefaultDaemonConnection: socket connection from /127.0.0.1:31170 to /127.0.0.1:31620" [_thread_blocked, id=7408, stack(0x0000007388400000,0x0000007388500000)]
  0x000001f32e5c8000 JavaThread "Stdin handler" [_thread_blocked, id=11700, stack(0x0000007388500000,0x0000007388600000)]
  0x000001f32e5c4800 JavaThread "Daemon client event forwarder" [_thread_blocked, id=9524, stack(0x0000007388600000,0x0000007388700000)]
  0x000001f32e5cc000 JavaThread "Cache worker for file hash cache (F:\NeobisProjects\JapanQuizy\.gradle\7.3.3\fileHashes)" [_thread_blocked, id=4892, stack(0x0000007388700000,0x0000007388800000)]
  0x000001f32e5c7000 JavaThread "Cache worker for checksums cache (F:\NeobisProjects\JapanQuizy\.gradle\7.3.3\checksums)" [_thread_blocked, id=13720, stack(0x0000007388800000,0x0000007388900000)]
  0x000001f32e5ce800 JavaThread "Cache worker for cache directory md-supplier (C:\Users\Sultan\.gradle\caches\7.3.3\md-supplier)" [_thread_blocked, id=4856, stack(0x0000007388900000,0x0000007388a00000)]
  0x000001f32e5cf000 JavaThread "Cache worker for cache directory md-rule (C:\Users\Sultan\.gradle\caches\7.3.3\md-rule)" [_thread_blocked, id=9564, stack(0x0000007388b00000,0x0000007388c00000)]
  0x000001f32e5d0000 JavaThread "Cache worker for dependencies-accessors (F:\NeobisProjects\JapanQuizy\.gradle\7.3.3\dependencies-accessors)" [_thread_blocked, id=9036, stack(0x0000007388f00000,0x0000007389000000)]
  0x000001f32e5d1000 JavaThread "Cache worker for Build Output Cleanup Cache (F:\NeobisProjects\JapanQuizy\.gradle\buildOutputCleanup)" [_thread_blocked, id=12280, stack(0x0000007389600000,0x0000007389700000)]
  0x000001f32e5cb000 JavaThread "Unconstrained build operations" [_thread_blocked, id=7036, stack(0x0000007389800000,0x0000007389900000)]
  0x000001f32e5d3000 JavaThread "Unconstrained build operations Thread 2" [_thread_blocked, id=9420, stack(0x0000007389b00000,0x0000007389c00000)]
  0x000001f32e5d2800 JavaThread "Unconstrained build operations Thread 3" [_thread_blocked, id=4908, stack(0x0000007389c00000,0x0000007389d00000)]
  0x000001f32bb0d800 JavaThread "Unconstrained build operations Thread 4" [_thread_blocked, id=8696, stack(0x0000007389d00000,0x0000007389e00000)]
  0x000001f32bb10800 JavaThread "Unconstrained build operations Thread 5" [_thread_blocked, id=9328, stack(0x0000007389e00000,0x0000007389f00000)]
  0x000001f32bb0f800 JavaThread "Unconstrained build operations Thread 6" [_thread_blocked, id=3680, stack(0x0000007389f00000,0x000000738a000000)]
  0x000001f32bb0b000 JavaThread "Unconstrained build operations Thread 7" [_thread_blocked, id=8256, stack(0x000000738a000000,0x000000738a100000)]
  0x000001f32bb16000 JavaThread "Unconstrained build operations Thread 8" [_thread_blocked, id=672, stack(0x000000738a100000,0x000000738a200000)]
  0x000001f32bb14000 JavaThread "Unconstrained build operations Thread 9" [_thread_blocked, id=8252, stack(0x000000738a200000,0x000000738a300000)]
  0x000001f32bb18800 JavaThread "Unconstrained build operations Thread 10" [_thread_blocked, id=14076, stack(0x000000738a300000,0x000000738a400000)]
  0x000001f32bb13000 JavaThread "Unconstrained build operations Thread 11" [_thread_blocked, id=9168, stack(0x000000738a400000,0x000000738a500000)]
  0x000001f32bb18000 JavaThread "Unconstrained build operations Thread 12" [_thread_blocked, id=6808, stack(0x000000738a500000,0x000000738a600000)]
  0x000001f32bb19800 JavaThread "Unconstrained build operations Thread 13" [_thread_blocked, id=1384, stack(0x000000738a600000,0x000000738a700000)]
  0x000001f32bb17000 JavaThread "Unconstrained build operations Thread 14" [_thread_blocked, id=8444, stack(0x000000738a700000,0x000000738a800000)]
  0x000001f32bb14800 JavaThread "Unconstrained build operations Thread 15" [_thread_blocked, id=1236, stack(0x000000738a800000,0x000000738a900000)]
  0x000001f32bb15800 JavaThread "Unconstrained build operations Thread 16" [_thread_blocked, id=10392, stack(0x000000738a900000,0x000000738aa00000)]
  0x000001f32ad10800 JavaThread "Unconstrained build operations Thread 17" [_thread_blocked, id=1812, stack(0x000000738aa00000,0x000000738ab00000)]
  0x000001f32ad10000 JavaThread "Unconstrained build operations Thread 18" [_thread_blocked, id=5504, stack(0x000000738ab00000,0x000000738ac00000)]
  0x000001f32ad0b000 JavaThread "Unconstrained build operations Thread 19" [_thread_blocked, id=2348, stack(0x000000738ac00000,0x000000738ad00000)]
  0x000001f32ad0e000 JavaThread "Unconstrained build operations Thread 20" [_thread_blocked, id=10648, stack(0x000000738ad00000,0x000000738ae00000)]
  0x000001f32ad11800 JavaThread "Unconstrained build operations Thread 21" [_thread_blocked, id=9252, stack(0x000000738ae00000,0x000000738af00000)]
  0x000001f32ad0c000 JavaThread "Unconstrained build operations Thread 22" [_thread_blocked, id=9572, stack(0x000000738af00000,0x000000738b000000)]
  0x000001f32ad0d800 JavaThread "Unconstrained build operations Thread 23" [_thread_blocked, id=12924, stack(0x000000738b000000,0x000000738b100000)]
  0x000001f32ad0f000 JavaThread "Unconstrained build operations Thread 24" [_thread_blocked, id=8504, stack(0x000000738b100000,0x000000738b200000)]
  0x000001f329530800 JavaThread "Unconstrained build operations Thread 25" [_thread_blocked, id=12828, stack(0x000000738b200000,0x000000738b300000)]
  0x000001f32952e800 JavaThread "Unconstrained build operations Thread 26" [_thread_blocked, id=6712, stack(0x000000738b300000,0x000000738b400000)]
  0x000001f32952d000 JavaThread "Unconstrained build operations Thread 27" [_thread_blocked, id=10124, stack(0x000000738b400000,0x000000738b500000)]
  0x000001f32952e000 JavaThread "Unconstrained build operations Thread 28" [_thread_blocked, id=6264, stack(0x000000738b500000,0x000000738b600000)]
  0x000001f32952b800 JavaThread "Unconstrained build operations Thread 29" [_thread_blocked, id=11556, stack(0x000000738b600000,0x000000738b700000)]
  0x000001f32952f800 JavaThread "Unconstrained build operations Thread 30" [_thread_blocked, id=6604, stack(0x000000738b700000,0x000000738b800000)]
  0x000001f32952a800 JavaThread "Unconstrained build operations Thread 31" [_thread_blocked, id=10568, stack(0x000000738b800000,0x000000738b900000)]
  0x000001f329531000 JavaThread "Unconstrained build operations Thread 32" [_thread_blocked, id=7388, stack(0x000000738b900000,0x000000738ba00000)]
  0x000001f32bbf5800 JavaThread "Unconstrained build operations Thread 33" [_thread_blocked, id=11916, stack(0x000000738ba00000,0x000000738bb00000)]
  0x000001f32bbf8000 JavaThread "Unconstrained build operations Thread 34" [_thread_blocked, id=9956, stack(0x000000738bb00000,0x000000738bc00000)]
  0x000001f3298c9000 JavaThread "Unconstrained build operations Thread 35" [_thread_blocked, id=13492, stack(0x000000738bc00000,0x000000738bd00000)]
  0x000001f3298cc800 JavaThread "Unconstrained build operations Thread 36" [_thread_blocked, id=12888, stack(0x000000738bd00000,0x000000738be00000)]
  0x000001f3298cd000 JavaThread "Unconstrained build operations Thread 37" [_thread_blocked, id=7396, stack(0x000000738be00000,0x000000738bf00000)]
  0x000001f3298c7800 JavaThread "Unconstrained build operations Thread 38" [_thread_blocked, id=6216, stack(0x000000738bf00000,0x000000738c000000)]
  0x000001f3298ce000 JavaThread "Unconstrained build operations Thread 39" [_thread_blocked, id=12652, stack(0x000000738c000000,0x000000738c100000)]
  0x000001f3298ca000 JavaThread "Unconstrained build operations Thread 40" [_thread_blocked, id=8264, stack(0x000000738c100000,0x000000738c200000)]
  0x000001f3298ca800 JavaThread "build event listener" [_thread_blocked, id=7128, stack(0x000000738c400000,0x000000738c500000)]
  0x000001f3298c8000 JavaThread "pool-12-thread-1" [_thread_blocked, id=10192, stack(0x000000738c700000,0x000000738c800000)]
  0x000001f3298ce800 JavaThread "build event listener" [_thread_blocked, id=10396, stack(0x000000738c800000,0x000000738c900000)]
  0x000001f3298cf800 JavaThread "Execution worker for ':'" [_thread_blocked, id=7724, stack(0x000000738c900000,0x000000738ca00000)]
  0x000001f3298d0800 JavaThread "Execution worker for ':' Thread 2" [_thread_blocked, id=10112, stack(0x000000738ca00000,0x000000738cb00000)]
  0x000001f3298d1000 JavaThread "Execution worker for ':' Thread 3" [_thread_blocked, id=9320, stack(0x000000738cb00000,0x000000738cc00000)]
  0x000001f3298cb800 JavaThread "Cache worker for execution history cache (F:\NeobisProjects\JapanQuizy\.gradle\7.3.3\executionHistory)" [_thread_blocked, id=10904, stack(0x000000738cc00000,0x000000738cd00000)]
  0x000001f3298d2000 JavaThread "WorkerExecutor Queue" [_thread_blocked, id=6120, stack(0x000000738cd00000,0x000000738ce00000)]
  0x000001f3298d4800 JavaThread "WorkerExecutor Queue Thread 2" [_thread_blocked, id=14088, stack(0x000000738ce00000,0x000000738cf00000)]
  0x000001f3298d3000 JavaThread "WorkerExecutor Queue Thread 3" [_thread_blocked, id=10336, stack(0x000000738cf00000,0x000000738d000000)]
  0x000001f3298d3800 JavaThread "WorkerExecutor Queue Thread 4" [_thread_blocked, id=9936, stack(0x000000738d000000,0x000000738d100000)]
  0x000001f33798c000 JavaThread "C2 CompilerThread1" daemon [_thread_blocked, id=3708, stack(0x0000007389700000,0x0000007389800000)]

Other Threads:
=>0x000001f327e36000 VMThread "VM Thread" [stack: 0x0000007387300000,0x0000007387400000] [id=12944]
  0x000001f328949000 WatcherThread [stack: 0x0000007387d00000,0x0000007387e00000] [id=2476]
  0x000001f30e25c000 GCTaskThread "GC Thread#0" [stack: 0x0000007386e00000,0x0000007386f00000] [id=3716]
  0x000001f328da5800 GCTaskThread "GC Thread#1" [stack: 0x0000007387f00000,0x0000007388000000] [id=4028]
  0x000001f328f36000 GCTaskThread "GC Thread#2" [stack: 0x0000007388000000,0x0000007388100000] [id=8712]
  0x000001f329d30800 GCTaskThread "GC Thread#3" [stack: 0x0000007388a00000,0x0000007388b00000] [id=9900]
  0x000001f30e28d800 ConcurrentGCThread "G1 Main Marker" [stack: 0x0000007386f00000,0x0000007387000000] [id=5808]
  0x000001f30e28f000 ConcurrentGCThread "G1 Conc#0" [stack: 0x0000007387000000,0x0000007387100000] [id=12096]
  0x000001f30e30f800 ConcurrentGCThread "G1 Refine#0" [stack: 0x0000007387100000,0x0000007387200000] [id=14276]
  0x000001f327c90800 ConcurrentGCThread "G1 Young RemSet Sampling" [stack: 0x0000007387200000,0x0000007387300000] [id=13924]

Threads with active compile tasks:
C2 CompilerThread03004845 27364 %     4       com.android.tools.r8.ir.regalloc.b::c @ 592 (3963 bytes)
C2 CompilerThread13004845 27653       4       com.android.tools.r8.graph.c0::a (1050 bytes)

VM state:at safepoint (normal execution)

VM Mutex/Monitor currently owned by a thread:  ([mutex/lock_event])
[0x000001f30e240d00] Threads_lock - owner thread: 0x000001f327e36000
[0x000001f30e2418d0] Heap_lock - owner thread: 0x000001f32952b800

Heap address: 0x0000000080000000, size: 2048 MB, Compressed Oops mode: 32-bit
Narrow klass base: 0x0000000000000000, Narrow klass shift: 3
Compressed class space size: 1073741824 Address: 0x0000000100000000

Heap:
 garbage-first heap   total 409600K, used 206127K [0x0000000080000000, 0x0000000100000000)
  region size 1024K, 2 young (2048K), 2 survivors (2048K)
 Metaspace       used 157505K, capacity 161606K, committed 161996K, reserved 1189888K
  class space    used 19145K, capacity 20538K, committed 20684K, reserved 1048576K
Heap Regions: E=young(eden), S=young(survivor), O=old, HS=humongous(starts), HC=humongous(continues), CS=collection set, F=free, A=archive, TAMS=top-at-mark-start (previous, next)
|   0|0x0000000080000000, 0x0000000080100000, 0x0000000080100000|100%| O|  |TAMS 0x0000000080100000, 0x0000000080000000| Updating 
|   1|0x0000000080100000, 0x0000000080200000, 0x0000000080200000|100%| O|  |TAMS 0x0000000080200000, 0x0000000080100000| Updating 
|   2|0x0000000080200000, 0x0000000080300000, 0x0000000080300000|100%| O|  |TAMS 0x0000000080300000, 0x0000000080200000| Updating 
|   3|0x0000000080300000, 0x0000000080400000, 0x0000000080400000|100%|HS|  |TAMS 0x0000000080400000, 0x0000000080300000| Complete 
|   4|0x0000000080400000, 0x0000000080500000, 0x0000000080500000|100%|HC|  |TAMS 0x0000000080500000, 0x0000000080400000| Complete 
|   5|0x0000000080500000, 0x0000000080600000, 0x0000000080600000|100%|HC|  |TAMS 0x0000000080600000, 0x0000000080500000| Complete 
|   6|0x0000000080600000, 0x0000000080700000, 0x0000000080700000|100%| O|  |TAMS 0x0000000080700000, 0x0000000080600000| Updating 
|   7|0x0000000080700000, 0x0000000080800000, 0x0000000080800000|100%| O|  |TAMS 0x0000000080800000, 0x0000000080700000| Updating 
|   8|0x0000000080800000, 0x0000000080900000, 0x0000000080900000|100%| O|  |TAMS 0x0000000080900000, 0x0000000080800000| Updating 
|   9|0x0000000080900000, 0x0000000080a00000, 0x0000000080a00000|100%| O|  |TAMS 0x0000000080a00000, 0x0000000080900000| Updating 
|  10|0x0000000080a00000, 0x0000000080b00000, 0x0000000080b00000|100%| O|  |TAMS 0x0000000080b00000, 0x0000000080a00000| Updating 
|  11|0x0000000080b00000, 0x0000000080c00000, 0x0000000080c00000|100%| O|  |TAMS 0x0000000080c00000, 0x0000000080b00000| Updating 
|  12|0x0000000080c00000, 0x0000000080d00000, 0x0000000080d00000|100%| O|  |TAMS 0x0000000080d00000, 0x0000000080c00000| Updating 
|  13|0x0000000080d00000, 0x0000000080e00000, 0x0000000080e00000|100%| O|  |TAMS 0x0000000080e00000, 0x0000000080d00000| Updating 
|  14|0x0000000080e00000, 0x0000000080f00000, 0x0000000080f00000|100%| O|  |TAMS 0x0000000080f00000, 0x0000000080e00000| Updating 
|  15|0x0000000080f00000, 0x0000000081000000, 0x0000000081000000|100%| O|  |TAMS 0x0000000081000000, 0x0000000080f00000| Updating 
|  16|0x0000000081000000, 0x0000000081100000, 0x0000000081100000|100%|HS|  |TAMS 0x0000000081100000, 0x0000000081000000| Complete 
|  17|0x0000000081100000, 0x0000000081200000, 0x0000000081200000|100%|HC|  |TAMS 0x0000000081200000, 0x0000000081100000| Complete 
|  18|0x0000000081200000, 0x0000000081300000, 0x0000000081300000|100%|HS|  |TAMS 0x0000000081300000, 0x0000000081200000| Complete 
|  19|0x0000000081300000, 0x0000000081400000, 0x0000000081400000|100%|HC|  |TAMS 0x0000000081400000, 0x0000000081300000| Complete 
|  20|0x0000000081400000, 0x0000000081500000, 0x0000000081500000|100%|HC|  |TAMS 0x0000000081500000, 0x0000000081400000| Complete 
|  21|0x0000000081500000, 0x0000000081600000, 0x0000000081600000|100%|HS|  |TAMS 0x0000000081600000, 0x0000000081500000| Complete 
|  22|0x0000000081600000, 0x0000000081700000, 0x0000000081700000|100%|HS|  |TAMS 0x0000000081700000, 0x0000000081600000| Complete 
|  23|0x0000000081700000, 0x0000000081800000, 0x0000000081800000|100%|HC|  |TAMS 0x0000000081800000, 0x0000000081700000| Complete 
|  24|0x0000000081800000, 0x0000000081900000, 0x0000000081900000|100%|HC|  |TAMS 0x0000000081900000, 0x0000000081800000| Complete 
|  25|0x0000000081900000, 0x0000000081a00000, 0x0000000081a00000|100%|HC|  |TAMS 0x0000000081a00000, 0x0000000081900000| Complete 
|  26|0x0000000081a00000, 0x0000000081b00000, 0x0000000081b00000|100%|HS|  |TAMS 0x0000000081b00000, 0x0000000081a00000| Complete 
|  27|0x0000000081b00000, 0x0000000081c00000, 0x0000000081c00000|100%|HC|  |TAMS 0x0000000081c00000, 0x0000000081b00000| Complete 
|  28|0x0000000081c00000, 0x0000000081d00000, 0x0000000081d00000|100%|HC|  |TAMS 0x0000000081d00000, 0x0000000081c00000| Complete 
|  29|0x0000000081d00000, 0x0000000081e00000, 0x0000000081e00000|100%| O|  |TAMS 0x0000000081e00000, 0x0000000081d00000| Updating 
|  30|0x0000000081e00000, 0x0000000081f00000, 0x0000000081f00000|100%| O|  |TAMS 0x0000000081f00000, 0x0000000081e00000| Updating 
|  31|0x0000000081f00000, 0x0000000082000000, 0x0000000082000000|100%| O|  |TAMS 0x0000000082000000, 0x0000000081f00000| Updating 
|  32|0x0000000082000000, 0x0000000082100000, 0x0000000082100000|100%| O|  |TAMS 0x0000000082100000, 0x0000000082000000| Updating 
|  33|0x0000000082100000, 0x0000000082200000, 0x0000000082200000|100%| O|  |TAMS 0x0000000082200000, 0x0000000082100000| Updating 
|  34|0x0000000082200000, 0x0000000082300000, 0x0000000082300000|100%| O|  |TAMS 0x0000000082300000, 0x0000000082200000| Updating 
|  35|0x0000000082300000, 0x0000000082400000, 0x0000000082400000|100%| O|  |TAMS 0x0000000082400000, 0x0000000082300000| Updating 
|  36|0x0000000082400000, 0x0000000082500000, 0x0000000082500000|100%| O|  |TAMS 0x0000000082500000, 0x0000000082400000| Updating 
|  37|0x0000000082500000, 0x0000000082600000, 0x0000000082600000|100%| O|  |TAMS 0x0000000082600000, 0x0000000082500000| Updating 
|  38|0x0000000082600000, 0x0000000082700000, 0x0000000082700000|100%| O|  |TAMS 0x0000000082700000, 0x0000000082600000| Updating 
|  39|0x0000000082700000, 0x0000000082800000, 0x0000000082800000|100%|HS|  |TAMS 0x0000000082800000, 0x0000000082700000| Complete 
|  40|0x0000000082800000, 0x0000000082900000, 0x0000000082900000|100%| O|  |TAMS 0x0000000082900000, 0x0000000082800000| Updating 
|  41|0x0000000082900000, 0x0000000082a00000, 0x0000000082a00000|100%| O|  |TAMS 0x0000000082a00000, 0x0000000082900000| Updating 
|  42|0x0000000082a00000, 0x0000000082b00000, 0x0000000082b00000|100%| O|  |TAMS 0x0000000082b00000, 0x0000000082a00000| Updating 
|  43|0x0000000082b00000, 0x0000000082c00000, 0x0000000082c00000|100%| O|  |TAMS 0x0000000082c00000, 0x0000000082b00000| Updating 
|  44|0x0000000082c00000, 0x0000000082d00000, 0x0000000082d00000|100%| O|  |TAMS 0x0000000082d00000, 0x0000000082c00000| Updating 
|  45|0x0000000082d00000, 0x0000000082e00000, 0x0000000082e00000|100%| O|  |TAMS 0x0000000082e00000, 0x0000000082d00000| Updating 
|  46|0x0000000082e00000, 0x0000000082f00000, 0x0000000082f00000|100%|HS|  |TAMS 0x0000000082f00000, 0x0000000082e00000| Complete 
|  47|0x0000000082f00000, 0x0000000083000000, 0x0000000083000000|100%|HC|  |TAMS 0x0000000083000000, 0x0000000082f00000| Complete 
|  48|0x0000000083000000, 0x0000000083100000, 0x0000000083100000|100%|HC|  |TAMS 0x0000000083100000, 0x0000000083000000| Complete 
|  49|0x0000000083100000, 0x0000000083200000, 0x0000000083200000|100%|HC|  |TAMS 0x0000000083200000, 0x0000000083100000| Complete 
|  50|0x0000000083200000, 0x0000000083300000, 0x0000000083300000|100%| O|  |TAMS 0x0000000083300000, 0x0000000083200000| Updating 
|  51|0x0000000083300000, 0x0000000083400000, 0x0000000083400000|100%| O|  |TAMS 0x0000000083400000, 0x0000000083300000| Updating 
|  52|0x0000000083400000, 0x0000000083500000, 0x0000000083500000|100%| O|  |TAMS 0x0000000083500000, 0x0000000083400000| Updating 
|  53|0x0000000083500000, 0x0000000083600000, 0x0000000083600000|100%| O|  |TAMS 0x0000000083600000, 0x0000000083500000| Updating 
|  54|0x0000000083600000, 0x0000000083700000, 0x0000000083700000|100%|HS|  |TAMS 0x0000000083700000, 0x0000000083600000| Complete 
|  55|0x0000000083700000, 0x0000000083800000, 0x0000000083800000|100%|HS|  |TAMS 0x0000000083800000, 0x0000000083700000| Complete 
|  56|0x0000000083800000, 0x0000000083900000, 0x0000000083900000|100%|HS|  |TAMS 0x0000000083900000, 0x0000000083800000| Complete 
|  57|0x0000000083900000, 0x0000000083a00000, 0x0000000083a00000|100%|HS|  |TAMS 0x0000000083a00000, 0x0000000083900000| Complete 
|  58|0x0000000083a00000, 0x0000000083b00000, 0x0000000083b00000|100%|HC|  |TAMS 0x0000000083b00000, 0x0000000083a00000| Complete 
|  59|0x0000000083b00000, 0x0000000083c00000, 0x0000000083c00000|100%|HC|  |TAMS 0x0000000083c00000, 0x0000000083b00000| Complete 
|  60|0x0000000083c00000, 0x0000000083d00000, 0x0000000083d00000|100%| O|  |TAMS 0x0000000083d00000, 0x0000000083c00000| Updating 
|  61|0x0000000083d00000, 0x0000000083e00000, 0x0000000083e00000|100%| O|  |TAMS 0x0000000083e00000, 0x0000000083d00000| Updating 
|  62|0x0000000083e00000, 0x0000000083f00000, 0x0000000083f00000|100%| O|  |TAMS 0x0000000083f00000, 0x0000000083e00000| Updating 
|  63|0x0000000083f00000, 0x0000000084000000, 0x0000000084000000|100%| O|  |TAMS 0x0000000084000000, 0x0000000083f00000| Updating 
|  64|0x0000000084000000, 0x0000000084100000, 0x0000000084100000|100%| O|  |TAMS 0x0000000084100000, 0x0000000084000000| Updating 
|  65|0x0000000084100000, 0x0000000084200000, 0x0000000084200000|100%|HS|  |TAMS 0x0000000084200000, 0x0000000084100000| Complete 
|  66|0x0000000084200000, 0x0000000084300000, 0x0000000084300000|100%|HC|  |TAMS 0x0000000084300000, 0x0000000084200000| Complete 
|  67|0x0000000084300000, 0x0000000084400000, 0x0000000084400000|100%| O|  |TAMS 0x0000000084400000, 0x0000000084300000| Updating 
|  68|0x0000000084400000, 0x0000000084500000, 0x0000000084500000|100%| O|  |TAMS 0x0000000084500000, 0x0000000084400000| Updating 
|  69|0x0000000084500000, 0x0000000084600000, 0x0000000084600000|100%| O|  |TAMS 0x0000000084600000, 0x0000000084500000| Updating 
|  70|0x0000000084600000, 0x0000000084700000, 0x0000000084700000|100%| O|  |TAMS 0x0000000084700000, 0x0000000084600000| Updating 
|  71|0x0000000084700000, 0x0000000084800000, 0x0000000084800000|100%| O|  |TAMS 0x0000000084800000, 0x0000000084700000| Updating 
|  72|0x0000000084800000, 0x0000000084900000, 0x0000000084900000|100%| O|  |TAMS 0x0000000084900000, 0x0000000084800000| Updating 
|  73|0x0000000084900000, 0x0000000084a00000, 0x0000000084a00000|100%| O|  |TAMS 0x0000000084a00000, 0x0000000084900000| Updating 
|  74|0x0000000084a00000, 0x0000000084b00000, 0x0000000084b00000|100%| O|  |TAMS 0x0000000084b00000, 0x0000000084a00000| Updating 
|  75|0x0000000084b00000, 0x0000000084c00000, 0x0000000084c00000|100%| O|  |TAMS 0x0000000084c00000, 0x0000000084b00000| Updating 
|  76|0x0000000084c00000, 0x0000000084d00000, 0x0000000084d00000|100%| O|  |TAMS 0x0000000084d00000, 0x0000000084c00000| Updating 
|  77|0x0000000084d00000, 0x0000000084e00000, 0x0000000084e00000|100%| O|  |TAMS 0x0000000084e00000, 0x0000000084d00000| Updating 
|  78|0x0000000084e00000, 0x0000000084f00000, 0x0000000084f00000|100%| O|  |TAMS 0x0000000084f00000, 0x0000000084e00000| Updating 
|  79|0x0000000084f00000, 0x0000000085000000, 0x0000000085000000|100%| O|  |TAMS 0x0000000085000000, 0x0000000084f00000| Updating 
|  80|0x0000000085000000, 0x0000000085100000, 0x0000000085100000|100%| O|  |TAMS 0x0000000085100000, 0x0000000085000000| Updating 
|  81|0x0000000085100000, 0x0000000085200000, 0x0000000085200000|100%| O|  |TAMS 0x0000000085200000, 0x0000000085100000| Updating 
|  82|0x0000000085200000, 0x0000000085300000, 0x0000000085300000|100%| O|  |TAMS 0x0000000085300000, 0x0000000085200000| Updating 
|  83|0x0000000085300000, 0x0000000085400000, 0x0000000085400000|100%| O|  |TAMS 0x0000000085400000, 0x0000000085300000| Updating 
|  84|0x0000000085400000, 0x0000000085500000, 0x0000000085500000|100%| O|  |TAMS 0x0000000085500000, 0x0000000085400000| Updating 
|  85|0x0000000085500000, 0x0000000085600000, 0x0000000085600000|100%| O|  |TAMS 0x0000000085600000, 0x0000000085500000| Updating 
|  86|0x0000000085600000, 0x0000000085700000, 0x0000000085700000|100%| O|  |TAMS 0x0000000085700000, 0x0000000085600000| Updating 
|  87|0x0000000085700000, 0x0000000085800000, 0x0000000085800000|100%| O|  |TAMS 0x0000000085800000, 0x0000000085700000| Updating 
|  88|0x0000000085800000, 0x0000000085900000, 0x0000000085900000|100%| O|  |TAMS 0x0000000085900000, 0x0000000085800000| Updating 
|  89|0x0000000085900000, 0x0000000085a00000, 0x0000000085a00000|100%| O|  |TAMS 0x0000000085a00000, 0x0000000085900000| Updating 
|  90|0x0000000085a00000, 0x0000000085b00000, 0x0000000085b00000|100%| O|  |TAMS 0x0000000085b00000, 0x0000000085a00000| Updating 
|  91|0x0000000085b00000, 0x0000000085c00000, 0x0000000085c00000|100%| O|  |TAMS 0x0000000085c00000, 0x0000000085b00000| Updating 
|  92|0x0000000085c00000, 0x0000000085d00000, 0x0000000085d00000|100%| O|  |TAMS 0x0000000085d00000, 0x0000000085c00000| Updating 
|  93|0x0000000085d00000, 0x0000000085e00000, 0x0000000085e00000|100%| O|  |TAMS 0x0000000085e00000, 0x0000000085d00000| Updating 
|  94|0x0000000085e00000, 0x0000000085f00000, 0x0000000085f00000|100%| O|  |TAMS 0x0000000085f00000, 0x0000000085e00000| Updating 
|  95|0x0000000085f00000, 0x0000000086000000, 0x0000000086000000|100%|HS|  |TAMS 0x0000000086000000, 0x0000000085f00000| Complete 
|  96|0x0000000086000000, 0x0000000086100000, 0x0000000086100000|100%|HC|  |TAMS 0x0000000086100000, 0x0000000086000000| Complete 
|  97|0x0000000086100000, 0x0000000086200000, 0x0000000086200000|100%|HS|  |TAMS 0x0000000086200000, 0x0000000086100000| Complete 
|  98|0x0000000086200000, 0x0000000086300000, 0x0000000086300000|100%|HC|  |TAMS 0x0000000086300000, 0x0000000086200000| Complete 
|  99|0x0000000086300000, 0x0000000086400000, 0x0000000086400000|100%|HC|  |TAMS 0x0000000086400000, 0x0000000086300000| Complete 
| 100|0x0000000086400000, 0x0000000086500000, 0x0000000086500000|100%|HS|  |TAMS 0x0000000086500000, 0x0000000086400000| Complete 
| 101|0x0000000086500000, 0x0000000086600000, 0x0000000086600000|100%|HS|  |TAMS 0x0000000086600000, 0x0000000086500000| Complete 
| 102|0x0000000086600000, 0x0000000086700000, 0x0000000086700000|100%|HC|  |TAMS 0x0000000086700000, 0x0000000086600000| Complete 
| 103|0x0000000086700000, 0x0000000086800000, 0x0000000086800000|100%|HC|  |TAMS 0x0000000086800000, 0x0000000086700000| Complete 
| 104|0x0000000086800000, 0x0000000086900000, 0x0000000086900000|100%|HC|  |TAMS 0x0000000086900000, 0x0000000086800000| Complete 
| 105|0x0000000086900000, 0x0000000086a00000, 0x0000000086a00000|100%| O|  |TAMS 0x0000000086a00000, 0x0000000086900000| Updating 
| 106|0x0000000086a00000, 0x0000000086b00000, 0x0000000086b00000|100%| O|  |TAMS 0x0000000086b00000, 0x0000000086a00000| Updating 
| 107|0x0000000086b00000, 0x0000000086c00000, 0x0000000086c00000|100%| O|  |TAMS 0x0000000086c00000, 0x0000000086b00000| Updating 
| 108|0x0000000086c00000, 0x0000000086d00000, 0x0000000086d00000|100%| O|  |TAMS 0x0000000086d00000, 0x0000000086c00000| Updating 
| 109|0x0000000086d00000, 0x0000000086e00000, 0x0000000086e00000|100%| O|  |TAMS 0x0000000086e00000, 0x0000000086d00000| Updating 
| 110|0x0000000086e00000, 0x0000000086f00000, 0x0000000086f00000|100%| O|  |TAMS 0x0000000086f00000, 0x0000000086e00000| Updating 
| 111|0x0000000086f00000, 0x0000000087000000, 0x0000000087000000|100%| O|  |TAMS 0x0000000087000000, 0x0000000086f00000| Updating 
| 112|0x0000000087000000, 0x0000000087100000, 0x0000000087100000|100%| O|  |TAMS 0x0000000087100000, 0x0000000087000000| Updating 
| 113|0x0000000087100000, 0x0000000087200000, 0x0000000087200000|100%| O|  |TAMS 0x0000000087200000, 0x0000000087100000| Updating 
| 114|0x0000000087200000, 0x0000000087300000, 0x0000000087300000|100%| O|  |TAMS 0x0000000087300000, 0x0000000087200000| Updating 
| 115|0x0000000087300000, 0x0000000087400000, 0x0000000087400000|100%| O|  |TAMS 0x0000000087400000, 0x0000000087300000| Updating 
| 116|0x0000000087400000, 0x0000000087500000, 0x0000000087500000|100%| O|  |TAMS 0x0000000087500000, 0x0000000087400000| Updating 
| 117|0x0000000087500000, 0x0000000087600000, 0x0000000087600000|100%| O|  |TAMS 0x0000000087600000, 0x0000000087500000| Updating 
| 118|0x0000000087600000, 0x0000000087700000, 0x0000000087700000|100%| O|  |TAMS 0x0000000087700000, 0x0000000087600000| Updating 
| 119|0x0000000087700000, 0x0000000087800000, 0x0000000087800000|100%| O|  |TAMS 0x0000000087800000, 0x0000000087700000| Updating 
| 120|0x0000000087800000, 0x0000000087900000, 0x0000000087900000|100%| O|  |TAMS 0x0000000087900000, 0x0000000087800000| Updating 
| 121|0x0000000087900000, 0x0000000087a00000, 0x0000000087a00000|100%| O|  |TAMS 0x0000000087a00000, 0x0000000087900000| Updating 
| 122|0x0000000087a00000, 0x0000000087b00000, 0x0000000087b00000|100%| O|  |TAMS 0x0000000087b00000, 0x0000000087a00000| Updating 
| 123|0x0000000087b00000, 0x0000000087c00000, 0x0000000087c00000|100%| O|  |TAMS 0x0000000087c00000, 0x0000000087b00000| Updating 
| 124|0x0000000087c00000, 0x0000000087d00000, 0x0000000087d00000|100%| O|  |TAMS 0x0000000087d00000, 0x0000000087c00000| Updating 
| 125|0x0000000087d00000, 0x0000000087e00000, 0x0000000087e00000|100%| O|  |TAMS 0x0000000087e00000, 0x0000000087d00000| Updating 
| 126|0x0000000087e00000, 0x0000000087f00000, 0x0000000087f00000|100%| O|  |TAMS 0x0000000087f00000, 0x0000000087e00000| Updating 
| 127|0x0000000087f00000, 0x0000000088000000, 0x0000000088000000|100%| O|  |TAMS 0x0000000088000000, 0x0000000087f00000| Updating 
| 128|0x0000000088000000, 0x0000000088100000, 0x0000000088100000|100%| O|  |TAMS 0x0000000088100000, 0x0000000088000000| Updating 
| 129|0x0000000088100000, 0x0000000088200000, 0x0000000088200000|100%| O|  |TAMS 0x0000000088200000, 0x0000000088100000| Updating 
| 130|0x0000000088200000, 0x0000000088300000, 0x0000000088300000|100%| O|  |TAMS 0x0000000088300000, 0x0000000088200000| Updating 
| 131|0x0000000088300000, 0x0000000088400000, 0x0000000088400000|100%| O|  |TAMS 0x0000000088400000, 0x0000000088300000| Updating 
| 132|0x0000000088400000, 0x0000000088500000, 0x0000000088500000|100%| O|  |TAMS 0x0000000088500000, 0x0000000088400000| Updating 
| 133|0x0000000088500000, 0x0000000088600000, 0x0000000088600000|100%| O|  |TAMS 0x0000000088600000, 0x0000000088500000| Updating 
| 134|0x0000000088600000, 0x0000000088700000, 0x0000000088700000|100%| O|  |TAMS 0x0000000088700000, 0x0000000088600000| Updating 
| 135|0x0000000088700000, 0x0000000088800000, 0x0000000088800000|100%| O|  |TAMS 0x0000000088800000, 0x0000000088700000| Updating 
| 136|0x0000000088800000, 0x0000000088900000, 0x0000000088900000|100%| O|  |TAMS 0x0000000088900000, 0x0000000088800000| Updating 
| 137|0x0000000088900000, 0x0000000088a00000, 0x0000000088a00000|100%| O|  |TAMS 0x0000000088a00000, 0x0000000088900000| Updating 
| 138|0x0000000088a00000, 0x0000000088b00000, 0x0000000088b00000|100%| O|  |TAMS 0x0000000088b00000, 0x0000000088a00000| Updating 
| 139|0x0000000088b00000, 0x0000000088c00000, 0x0000000088c00000|100%| O|  |TAMS 0x0000000088c00000, 0x0000000088b00000| Updating 
| 140|0x0000000088c00000, 0x0000000088d00000, 0x0000000088d00000|100%| O|  |TAMS 0x0000000088d00000, 0x0000000088c00000| Updating 
| 141|0x0000000088d00000, 0x0000000088e00000, 0x0000000088e00000|100%| O|  |TAMS 0x0000000088e00000, 0x0000000088d00000| Updating 
| 142|0x0000000088e00000, 0x0000000088f00000, 0x0000000088f00000|100%| O|  |TAMS 0x0000000088f00000, 0x0000000088e00000| Updating 
| 143|0x0000000088f00000, 0x0000000089000000, 0x0000000089000000|100%| O|  |TAMS 0x0000000089000000, 0x0000000088f00000| Updating 
| 144|0x0000000089000000, 0x0000000089100000, 0x0000000089100000|100%| O|  |TAMS 0x0000000089100000, 0x0000000089000000| Updating 
| 145|0x0000000089100000, 0x0000000089200000, 0x0000000089200000|100%| O|  |TAMS 0x0000000089200000, 0x0000000089100000| Updating 
| 146|0x0000000089200000, 0x0000000089300000, 0x0000000089300000|100%| O|  |TAMS 0x0000000089300000, 0x0000000089200000| Updating 
| 147|0x0000000089300000, 0x0000000089400000, 0x0000000089400000|100%| O|  |TAMS 0x0000000089400000, 0x0000000089300000| Updating 
| 148|0x0000000089400000, 0x0000000089500000, 0x0000000089500000|100%| O|  |TAMS 0x0000000089500000, 0x0000000089400000| Updating 
| 149|0x0000000089500000, 0x0000000089600000, 0x0000000089600000|100%| O|  |TAMS 0x0000000089600000, 0x0000000089500000| Updating 
| 150|0x0000000089600000, 0x0000000089700000, 0x0000000089700000|100%| O|  |TAMS 0x0000000089700000, 0x0000000089600000| Updating 
| 151|0x0000000089700000, 0x000000008976e000, 0x0000000089800000| 42%| O|  |TAMS 0x000000008976e000, 0x0000000089700000| Updating 
| 152|0x0000000089800000, 0x0000000089800000, 0x0000000089900000|  0%| F|  |TAMS 0x0000000089800000, 0x0000000089800000| Untracked 
| 153|0x0000000089900000, 0x0000000089900000, 0x0000000089a00000|  0%| F|  |TAMS 0x0000000089900000, 0x0000000089900000| Untracked 
| 154|0x0000000089a00000, 0x0000000089b00000, 0x0000000089b00000|100%| O|  |TAMS 0x0000000089b00000, 0x0000000089a00000| Updating 
| 155|0x0000000089b00000, 0x0000000089c00000, 0x0000000089c00000|100%| O|  |TAMS 0x0000000089c00000, 0x0000000089b00000| Updating 
| 156|0x0000000089c00000, 0x0000000089d00000, 0x0000000089d00000|100%| O|  |TAMS 0x0000000089d00000, 0x0000000089c00000| Updating 
| 157|0x0000000089d00000, 0x0000000089e00000, 0x0000000089e00000|100%| O|  |TAMS 0x0000000089e00000, 0x0000000089d00000| Updating 
| 158|0x0000000089e00000, 0x0000000089f00000, 0x0000000089f00000|100%| O|  |TAMS 0x0000000089f00000, 0x0000000089e00000| Updating 
| 159|0x0000000089f00000, 0x000000008a000000, 0x000000008a000000|100%| O|  |TAMS 0x000000008a000000, 0x0000000089f00000| Updating 
| 160|0x000000008a000000, 0x000000008a100000, 0x000000008a100000|100%| O|  |TAMS 0x000000008a100000, 0x000000008a000000| Updating 
| 161|0x000000008a100000, 0x000000008a200000, 0x000000008a200000|100%| O|  |TAMS 0x000000008a200000, 0x000000008a100000| Updating 
| 162|0x000000008a200000, 0x000000008a300000, 0x000000008a300000|100%| O|  |TAMS 0x000000008a300000, 0x000000008a200000| Updating 
| 163|0x000000008a300000, 0x000000008a400000, 0x000000008a400000|100%| O|  |TAMS 0x000000008a400000, 0x000000008a300000| Updating 
| 164|0x000000008a400000, 0x000000008a500000, 0x000000008a500000|100%| O|  |TAMS 0x000000008a500000, 0x000000008a400000| Updating 
| 165|0x000000008a500000, 0x000000008a500000, 0x000000008a600000|  0%| F|  |TAMS 0x000000008a500000, 0x000000008a500000| Untracked 
| 166|0x000000008a600000, 0x000000008a700000, 0x000000008a700000|100%| O|  |TAMS 0x000000008a700000, 0x000000008a600000| Updating 
| 167|0x000000008a700000, 0x000000008a800000, 0x000000008a800000|100%| O|  |TAMS 0x000000008a800000, 0x000000008a700000| Updating 
| 168|0x000000008a800000, 0x000000008a900000, 0x000000008a900000|100%| O|  |TAMS 0x000000008a900000, 0x000000008a800000| Updating 
| 169|0x000000008a900000, 0x000000008aa00000, 0x000000008aa00000|100%| O|  |TAMS 0x000000008aa00000, 0x000000008a900000| Updating 
| 170|0x000000008aa00000, 0x000000008ab00000, 0x000000008ab00000|100%| O|  |TAMS 0x000000008ab00000, 0x000000008aa00000| Updating 
| 171|0x000000008ab00000, 0x000000008ac00000, 0x000000008ac00000|100%| O|  |TAMS 0x000000008ac00000, 0x000000008ab00000| Updating 
| 172|0x000000008ac00000, 0x000000008ac00000, 0x000000008ad00000|  0%| F|  |TAMS 0x000000008ac00000, 0x000000008ac00000| Untracked 
| 173|0x000000008ad00000, 0x000000008ad00000, 0x000000008ae00000|  0%| F|  |TAMS 0x000000008ad00000, 0x000000008ad00000| Untracked 
| 174|0x000000008ae00000, 0x000000008af00000, 0x000000008af00000|100%| O|  |TAMS 0x000000008af00000, 0x000000008ae00000| Updating 
| 175|0x000000008af00000, 0x000000008b000000, 0x000000008b000000|100%| O|  |TAMS 0x000000008b000000, 0x000000008af00000| Updating 
| 176|0x000000008b000000, 0x000000008b000000, 0x000000008b100000|  0%| F|  |TAMS 0x000000008b000000, 0x000000008b000000| Untracked 
| 177|0x000000008b100000, 0x000000008b200000, 0x000000008b200000|100%| O|  |TAMS 0x000000008b200000, 0x000000008b100000| Updating 
| 178|0x000000008b200000, 0x000000008b300000, 0x000000008b300000|100%| O|  |TAMS 0x000000008b300000, 0x000000008b200000| Updating 
| 179|0x000000008b300000, 0x000000008b400000, 0x000000008b400000|100%| O|  |TAMS 0x000000008b400000, 0x000000008b300000| Updating 
| 180|0x000000008b400000, 0x000000008b500000, 0x000000008b500000|100%| O|  |TAMS 0x000000008b500000, 0x000000008b400000| Updating 
| 181|0x000000008b500000, 0x000000008b600000, 0x000000008b600000|100%| O|  |TAMS 0x000000008b600000, 0x000000008b500000| Updating 
| 182|0x000000008b600000, 0x000000008b700000, 0x000000008b700000|100%| O|  |TAMS 0x000000008b700000, 0x000000008b600000| Updating 
| 183|0x000000008b700000, 0x000000008b700000, 0x000000008b800000|  0%| F|  |TAMS 0x000000008b700000, 0x000000008b700000| Untracked 
| 184|0x000000008b800000, 0x000000008b900000, 0x000000008b900000|100%| O|  |TAMS 0x000000008b900000, 0x000000008b800000| Updating 
| 185|0x000000008b900000, 0x000000008ba00000, 0x000000008ba00000|100%| O|  |TAMS 0x000000008ba00000, 0x000000008b900000| Updating 
| 186|0x000000008ba00000, 0x000000008ba00000, 0x000000008bb00000|  0%| F|  |TAMS 0x000000008ba00000, 0x000000008ba00000| Untracked 
| 187|0x000000008bb00000, 0x000000008bb00000, 0x000000008bc00000|  0%| F|  |TAMS 0x000000008bb00000, 0x000000008bb00000| Untracked 
| 188|0x000000008bc00000, 0x000000008bd00000, 0x000000008bd00000|100%| O|  |TAMS 0x000000008bd00000, 0x000000008bc00000| Updating 
| 189|0x000000008bd00000, 0x000000008be00000, 0x000000008be00000|100%| O|  |TAMS 0x000000008be00000, 0x000000008bd00000| Updating 
| 190|0x000000008be00000, 0x000000008be00000, 0x000000008bf00000|  0%| F|  |TAMS 0x000000008be00000, 0x000000008be00000| Untracked 
| 191|0x000000008bf00000, 0x000000008c000000, 0x000000008c000000|100%| O|  |TAMS 0x000000008c000000, 0x000000008bf00000| Updating 
| 192|0x000000008c000000, 0x000000008c100000, 0x000000008c100000|100%| O|  |TAMS 0x000000008c100000, 0x000000008c000000| Updating 
| 193|0x000000008c100000, 0x000000008c200000, 0x000000008c200000|100%| O|  |TAMS 0x000000008c200000, 0x000000008c100000| Updating 
| 194|0x000000008c200000, 0x000000008c300000, 0x000000008c300000|100%| O|  |TAMS 0x000000008c300000, 0x000000008c200000| Updating 
| 195|0x000000008c300000, 0x000000008c400000, 0x000000008c400000|100%| O|  |TAMS 0x000000008c400000, 0x000000008c300000| Updating 
| 196|0x000000008c400000, 0x000000008c500000, 0x000000008c500000|100%| O|  |TAMS 0x000000008c500000, 0x000000008c400000| Updating 
| 197|0x000000008c500000, 0x000000008c600000, 0x000000008c600000|100%| O|  |TAMS 0x000000008c600000, 0x000000008c500000| Updating 
| 198|0x000000008c600000, 0x000000008c600000, 0x000000008c700000|  0%| F|  |TAMS 0x000000008c600000, 0x000000008c600000| Untracked 
| 199|0x000000008c700000, 0x000000008c700000, 0x000000008c800000|  0%| F|  |TAMS 0x000000008c700000, 0x000000008c700000| Untracked 
| 200|0x000000008c800000, 0x000000008c900000, 0x000000008c900000|100%| O|  |TAMS 0x000000008c900000, 0x000000008c800000| Updating 
| 201|0x000000008c900000, 0x000000008ca00000, 0x000000008ca00000|100%| O|  |TAMS 0x000000008ca00000, 0x000000008c900000| Updating 
| 202|0x000000008ca00000, 0x000000008cb00000, 0x000000008cb00000|100%| O|  |TAMS 0x000000008cb00000, 0x000000008ca00000| Updating 
| 203|0x000000008cb00000, 0x000000008cc00000, 0x000000008cc00000|100%| O|  |TAMS 0x000000008cc00000, 0x000000008cb00000| Updating 
| 204|0x000000008cc00000, 0x000000008cd00000, 0x000000008cd00000|100%| O|  |TAMS 0x000000008cd00000, 0x000000008cc00000| Updating 
| 205|0x000000008cd00000, 0x000000008ce00000, 0x000000008ce00000|100%| O|  |TAMS 0x000000008ce00000, 0x000000008cd00000| Updating 
| 206|0x000000008ce00000, 0x000000008cf00000, 0x000000008cf00000|100%| O|  |TAMS 0x000000008cf00000, 0x000000008ce00000| Updating 
| 207|0x000000008cf00000, 0x000000008d000000, 0x000000008d000000|100%| O|  |TAMS 0x000000008d000000, 0x000000008cf00000| Updating 
| 208|0x000000008d000000, 0x000000008d100000, 0x000000008d100000|100%| O|  |TAMS 0x000000008d100000, 0x000000008d000000| Updating 
| 209|0x000000008d100000, 0x000000008d200000, 0x000000008d200000|100%| O|  |TAMS 0x000000008d200000, 0x000000008d100000| Updating 
| 210|0x000000008d200000, 0x000000008d300000, 0x000000008d300000|100%| O|  |TAMS 0x000000008d300000, 0x000000008d200000| Updating 
| 211|0x000000008d300000, 0x000000008d300000, 0x000000008d400000|  0%| F|  |TAMS 0x000000008d300000, 0x000000008d300000| Untracked 
| 212|0x000000008d400000, 0x000000008d500000, 0x000000008d500000|100%| O|  |TAMS 0x000000008d500000, 0x000000008d400000| Updating 
| 213|0x000000008d500000, 0x000000008d500000, 0x000000008d600000|  0%| F|  |TAMS 0x000000008d500000, 0x000000008d500000| Untracked 
| 214|0x000000008d600000, 0x000000008d600000, 0x000000008d700000|  0%| F|  |TAMS 0x000000008d600000, 0x000000008d600000| Untracked 
| 215|0x000000008d700000, 0x000000008d700000, 0x000000008d800000|  0%| F|  |TAMS 0x000000008d700000, 0x000000008d700000| Untracked 
| 216|0x000000008d800000, 0x000000008d800000, 0x000000008d900000|  0%| F|  |TAMS 0x000000008d800000, 0x000000008d800000| Untracked 
| 217|0x000000008d900000, 0x000000008d900000, 0x000000008da00000|  0%| F|  |TAMS 0x000000008d900000, 0x000000008d900000| Untracked 
| 218|0x000000008da00000, 0x000000008da00000, 0x000000008db00000|  0%| F|  |TAMS 0x000000008da00000, 0x000000008da00000| Untracked 
| 219|0x000000008db00000, 0x000000008db00000, 0x000000008dc00000|  0%| F|  |TAMS 0x000000008db00000, 0x000000008db00000| Untracked 
| 220|0x000000008dc00000, 0x000000008dc00000, 0x000000008dd00000|  0%| F|  |TAMS 0x000000008dc00000, 0x000000008dc00000| Untracked 
| 221|0x000000008dd00000, 0x000000008dd00000, 0x000000008de00000|  0%| F|  |TAMS 0x000000008dd00000, 0x000000008dd00000| Untracked 
| 222|0x000000008de00000, 0x000000008de00000, 0x000000008df00000|  0%| F|  |TAMS 0x000000008de00000, 0x000000008de00000| Untracked 
| 223|0x000000008df00000, 0x000000008df00000, 0x000000008e000000|  0%| F|  |TAMS 0x000000008df00000, 0x000000008df00000| Untracked 
| 224|0x000000008e000000, 0x000000008e000000, 0x000000008e100000|  0%| F|  |TAMS 0x000000008e000000, 0x000000008e000000| Untracked 
| 225|0x000000008e100000, 0x000000008e100000, 0x000000008e200000|  0%| F|  |TAMS 0x000000008e100000, 0x000000008e100000| Untracked 
| 226|0x000000008e200000, 0x000000008e200000, 0x000000008e300000|  0%| F|  |TAMS 0x000000008e200000, 0x000000008e200000| Untracked 
| 227|0x000000008e300000, 0x000000008e300000, 0x000000008e400000|  0%| F|  |TAMS 0x000000008e300000, 0x000000008e300000| Untracked 
| 228|0x000000008e400000, 0x000000008e400000, 0x000000008e500000|  0%| F|  |TAMS 0x000000008e400000, 0x000000008e400000| Untracked 
| 229|0x000000008e500000, 0x000000008e500000, 0x000000008e600000|  0%| F|  |TAMS 0x000000008e500000, 0x000000008e500000| Untracked 
| 230|0x000000008e600000, 0x000000008e600000, 0x000000008e700000|  0%| F|  |TAMS 0x000000008e600000, 0x000000008e600000| Untracked 
| 231|0x000000008e700000, 0x000000008e700000, 0x000000008e800000|  0%| F|  |TAMS 0x000000008e700000, 0x000000008e700000| Untracked 
| 232|0x000000008e800000, 0x000000008e800000, 0x000000008e900000|  0%| F|  |TAMS 0x000000008e800000, 0x000000008e800000| Untracked 
| 233|0x000000008e900000, 0x000000008e900000, 0x000000008ea00000|  0%| F|  |TAMS 0x000000008e900000, 0x000000008e900000| Untracked 
| 234|0x000000008ea00000, 0x000000008ea00000, 0x000000008eb00000|  0%| F|  |TAMS 0x000000008ea00000, 0x000000008ea00000| Untracked 
| 235|0x000000008eb00000, 0x000000008eb00000, 0x000000008ec00000|  0%| F|  |TAMS 0x000000008eb00000, 0x000000008eb00000| Untracked 
| 236|0x000000008ec00000, 0x000000008ec00000, 0x000000008ed00000|  0%| F|  |TAMS 0x000000008ec00000, 0x000000008ec00000| Untracked 
| 237|0x000000008ed00000, 0x000000008ed00000, 0x000000008ee00000|  0%| F|  |TAMS 0x000000008ed00000, 0x000000008ed00000| Untracked 
| 238|0x000000008ee00000, 0x000000008ee00000, 0x000000008ef00000|  0%| F|  |TAMS 0x000000008ee00000, 0x000000008ee00000| Untracked 
| 239|0x000000008ef00000, 0x000000008ef00000, 0x000000008f000000|  0%| F|  |TAMS 0x000000008ef00000, 0x000000008ef00000| Untracked 
| 240|0x000000008f000000, 0x000000008f000000, 0x000000008f100000|  0%| F|  |TAMS 0x000000008f000000, 0x000000008f000000| Untracked 
| 241|0x000000008f100000, 0x000000008f100000, 0x000000008f200000|  0%| F|  |TAMS 0x000000008f100000, 0x000000008f100000| Untracked 
| 242|0x000000008f200000, 0x000000008f200000, 0x000000008f300000|  0%| F|  |TAMS 0x000000008f200000, 0x000000008f200000| Untracked 
| 243|0x000000008f300000, 0x000000008f3ddf08, 0x000000008f400000| 86%| S|CS|TAMS 0x000000008f300000, 0x000000008f300000| Complete 
| 244|0x000000008f400000, 0x000000008f500000, 0x000000008f500000|100%| S|CS|TAMS 0x000000008f400000, 0x000000008f400000| Complete 
| 245|0x000000008f500000, 0x000000008f500000, 0x000000008f600000|  0%| F|  |TAMS 0x000000008f500000, 0x000000008f500000| Untracked 
| 246|0x000000008f600000, 0x000000008f600000, 0x000000008f700000|  0%| F|  |TAMS 0x000000008f600000, 0x000000008f600000| Untracked 
| 247|0x000000008f700000, 0x000000008f700000, 0x000000008f800000|  0%| F|  |TAMS 0x000000008f700000, 0x000000008f700000| Untracked 
| 248|0x000000008f800000, 0x000000008f800000, 0x000000008f900000|  0%| F|  |TAMS 0x000000008f800000, 0x000000008f800000| Untracked 
| 249|0x000000008f900000, 0x000000008f900000, 0x000000008fa00000|  0%| F|  |TAMS 0x000000008f900000, 0x000000008f900000| Untracked 
| 250|0x000000008fa00000, 0x000000008fa00000, 0x000000008fb00000|  0%| F|  |TAMS 0x000000008fa00000, 0x000000008fa00000| Untracked 
| 251|0x000000008fb00000, 0x000000008fb00000, 0x000000008fc00000|  0%| F|  |TAMS 0x000000008fb00000, 0x000000008fb00000| Untracked 
| 252|0x000000008fc00000, 0x000000008fc00000, 0x000000008fd00000|  0%| F|  |TAMS 0x000000008fc00000, 0x000000008fc00000| Untracked 
| 253|0x000000008fd00000, 0x000000008fd00000, 0x000000008fe00000|  0%| F|  |TAMS 0x000000008fd00000, 0x000000008fd00000| Untracked 
| 254|0x000000008fe00000, 0x000000008fe00000, 0x000000008ff00000|  0%| F|  |TAMS 0x000000008fe00000, 0x000000008fe00000| Untracked 
| 255|0x000000008ff00000, 0x000000008ff00000, 0x0000000090000000|  0%| F|  |TAMS 0x000000008ff00000, 0x000000008ff00000| Untracked 
| 256|0x0000000090000000, 0x0000000090000000, 0x0000000090100000|  0%| F|  |TAMS 0x0000000090000000, 0x0000000090000000| Untracked 
| 257|0x0000000090100000, 0x0000000090100000, 0x0000000090200000|  0%| F|  |TAMS 0x0000000090100000, 0x0000000090100000| Untracked 
| 258|0x0000000090200000, 0x0000000090200000, 0x0000000090300000|  0%| F|  |TAMS 0x0000000090200000, 0x0000000090200000| Untracked 
| 259|0x0000000090300000, 0x0000000090300000, 0x0000000090400000|  0%| F|  |TAMS 0x0000000090300000, 0x0000000090300000| Untracked 
| 260|0x0000000090400000, 0x0000000090400000, 0x0000000090500000|  0%| F|  |TAMS 0x0000000090400000, 0x0000000090400000| Untracked 
| 261|0x0000000090500000, 0x0000000090500000, 0x0000000090600000|  0%| F|  |TAMS 0x0000000090500000, 0x0000000090500000| Untracked 
| 262|0x0000000090600000, 0x0000000090600000, 0x0000000090700000|  0%| F|  |TAMS 0x0000000090600000, 0x0000000090600000| Untracked 
| 263|0x0000000090700000, 0x0000000090700000, 0x0000000090800000|  0%| F|  |TAMS 0x0000000090700000, 0x0000000090700000| Untracked 
| 264|0x0000000090800000, 0x0000000090800000, 0x0000000090900000|  0%| F|  |TAMS 0x0000000090800000, 0x0000000090800000| Untracked 
| 265|0x0000000090900000, 0x0000000090900000, 0x0000000090a00000|  0%| F|  |TAMS 0x0000000090900000, 0x0000000090900000| Untracked 
| 266|0x0000000090a00000, 0x0000000090a00000, 0x0000000090b00000|  0%| F|  |TAMS 0x0000000090a00000, 0x0000000090a00000| Untracked 
| 267|0x0000000090b00000, 0x0000000090b00000, 0x0000000090c00000|  0%| F|  |TAMS 0x0000000090b00000, 0x0000000090b00000| Untracked 
| 268|0x0000000090c00000, 0x0000000090c00000, 0x0000000090d00000|  0%| F|  |TAMS 0x0000000090c00000, 0x0000000090c00000| Untracked 
| 269|0x0000000090d00000, 0x0000000090d00000, 0x0000000090e00000|  0%| F|  |TAMS 0x0000000090d00000, 0x0000000090d00000| Untracked 
| 270|0x0000000090e00000, 0x0000000090e00000, 0x0000000090f00000|  0%| F|  |TAMS 0x0000000090e00000, 0x0000000090e00000| Untracked 
| 271|0x0000000090f00000, 0x0000000090f00000, 0x0000000091000000|  0%| F|  |TAMS 0x0000000090f00000, 0x0000000090f00000| Untracked 
| 272|0x0000000091000000, 0x0000000091000000, 0x0000000091100000|  0%| F|  |TAMS 0x0000000091000000, 0x0000000091000000| Untracked 
| 273|0x0000000091100000, 0x0000000091100000, 0x0000000091200000|  0%| F|  |TAMS 0x0000000091100000, 0x0000000091100000| Untracked 
| 274|0x0000000091200000, 0x0000000091200000, 0x0000000091300000|  0%| F|  |TAMS 0x0000000091200000, 0x0000000091200000| Untracked 
| 275|0x0000000091300000, 0x0000000091300000, 0x0000000091400000|  0%| F|  |TAMS 0x0000000091300000, 0x0000000091300000| Untracked 
| 276|0x0000000091400000, 0x0000000091400000, 0x0000000091500000|  0%| F|  |TAMS 0x0000000091400000, 0x0000000091400000| Untracked 
| 277|0x0000000091500000, 0x0000000091500000, 0x0000000091600000|  0%| F|  |TAMS 0x0000000091500000, 0x0000000091500000| Untracked 
| 278|0x0000000091600000, 0x0000000091600000, 0x0000000091700000|  0%| F|  |TAMS 0x0000000091600000, 0x0000000091600000| Untracked 
| 279|0x0000000091700000, 0x0000000091700000, 0x0000000091800000|  0%| F|  |TAMS 0x0000000091700000, 0x0000000091700000| Untracked 
| 280|0x0000000091800000, 0x0000000091800000, 0x0000000091900000|  0%| F|  |TAMS 0x0000000091800000, 0x0000000091800000| Untracked 
| 281|0x0000000091900000, 0x0000000091900000, 0x0000000091a00000|  0%| F|  |TAMS 0x0000000091900000, 0x0000000091900000| Untracked 
| 282|0x0000000091a00000, 0x0000000091a00000, 0x0000000091b00000|  0%| F|  |TAMS 0x0000000091a00000, 0x0000000091a00000| Untracked 
| 283|0x0000000091b00000, 0x0000000091b00000, 0x0000000091c00000|  0%| F|  |TAMS 0x0000000091b00000, 0x0000000091b00000| Untracked 
| 284|0x0000000091c00000, 0x0000000091c00000, 0x0000000091d00000|  0%| F|  |TAMS 0x0000000091c00000, 0x0000000091c00000| Untracked 
| 285|0x0000000091d00000, 0x0000000091d00000, 0x0000000091e00000|  0%| F|  |TAMS 0x0000000091d00000, 0x0000000091d00000| Untracked 
| 286|0x0000000091e00000, 0x0000000091e00000, 0x0000000091f00000|  0%| F|  |TAMS 0x0000000091e00000, 0x0000000091e00000| Untracked 
| 287|0x0000000091f00000, 0x0000000091f00000, 0x0000000092000000|  0%| F|  |TAMS 0x0000000091f00000, 0x0000000091f00000| Untracked 
| 288|0x0000000092000000, 0x0000000092000000, 0x0000000092100000|  0%| F|  |TAMS 0x0000000092000000, 0x0000000092000000| Untracked 
| 289|0x0000000092100000, 0x0000000092100000, 0x0000000092200000|  0%| F|  |TAMS 0x0000000092100000, 0x0000000092100000| Untracked 
| 290|0x0000000092200000, 0x0000000092200000, 0x0000000092300000|  0%| F|  |TAMS 0x0000000092200000, 0x0000000092200000| Untracked 
| 291|0x0000000092300000, 0x0000000092300000, 0x0000000092400000|  0%| F|  |TAMS 0x0000000092300000, 0x0000000092300000| Untracked 
| 292|0x0000000092400000, 0x0000000092400000, 0x0000000092500000|  0%| F|  |TAMS 0x0000000092400000, 0x0000000092400000| Untracked 
| 293|0x0000000092500000, 0x0000000092500000, 0x0000000092600000|  0%| F|  |TAMS 0x0000000092500000, 0x0000000092500000| Untracked 
| 294|0x0000000092600000, 0x0000000092600000, 0x0000000092700000|  0%| F|  |TAMS 0x0000000092600000, 0x0000000092600000| Untracked 
| 295|0x0000000092700000, 0x0000000092700000, 0x0000000092800000|  0%| F|  |TAMS 0x0000000092700000, 0x0000000092700000| Untracked 
| 296|0x0000000092800000, 0x0000000092800000, 0x0000000092900000|  0%| F|  |TAMS 0x0000000092800000, 0x0000000092800000| Untracked 
| 297|0x0000000092900000, 0x0000000092900000, 0x0000000092a00000|  0%| F|  |TAMS 0x0000000092900000, 0x0000000092900000| Untracked 
| 298|0x0000000092a00000, 0x0000000092a00000, 0x0000000092b00000|  0%| F|  |TAMS 0x0000000092a00000, 0x0000000092a00000| Untracked 
| 299|0x0000000092b00000, 0x0000000092b00000, 0x0000000092c00000|  0%| F|  |TAMS 0x0000000092b00000, 0x0000000092b00000| Untracked 
| 300|0x0000000092c00000, 0x0000000092c00000, 0x0000000092d00000|  0%| F|  |TAMS 0x0000000092c00000, 0x0000000092c00000| Untracked 
| 301|0x0000000092d00000, 0x0000000092d00000, 0x0000000092e00000|  0%| F|  |TAMS 0x0000000092d00000, 0x0000000092d00000| Untracked 
| 302|0x0000000092e00000, 0x0000000092e00000, 0x0000000092f00000|  0%| F|  |TAMS 0x0000000092e00000, 0x0000000092e00000| Untracked 
| 303|0x0000000092f00000, 0x0000000092f00000, 0x0000000093000000|  0%| F|  |TAMS 0x0000000092f00000, 0x0000000092f00000| Untracked 
| 304|0x0000000093000000, 0x0000000093000000, 0x0000000093100000|  0%| F|  |TAMS 0x0000000093000000, 0x0000000093000000| Untracked 
| 305|0x0000000093100000, 0x0000000093100000, 0x0000000093200000|  0%| F|  |TAMS 0x0000000093100000, 0x0000000093100000| Untracked 
| 306|0x0000000093200000, 0x0000000093200000, 0x0000000093300000|  0%| F|  |TAMS 0x0000000093200000, 0x0000000093200000| Untracked 
| 307|0x0000000093300000, 0x0000000093300000, 0x0000000093400000|  0%| F|  |TAMS 0x0000000093300000, 0x0000000093300000| Untracked 
| 308|0x0000000093400000, 0x0000000093400000, 0x0000000093500000|  0%| F|  |TAMS 0x0000000093400000, 0x0000000093400000| Untracked 
| 309|0x0000000093500000, 0x0000000093500000, 0x0000000093600000|  0%| F|  |TAMS 0x0000000093500000, 0x0000000093500000| Untracked 
| 310|0x0000000093600000, 0x0000000093600000, 0x0000000093700000|  0%| F|  |TAMS 0x0000000093600000, 0x0000000093600000| Untracked 
| 311|0x0000000093700000, 0x0000000093700000, 0x0000000093800000|  0%| F|  |TAMS 0x0000000093700000, 0x0000000093700000| Untracked 
| 312|0x0000000093800000, 0x0000000093800000, 0x0000000093900000|  0%| F|  |TAMS 0x0000000093800000, 0x0000000093800000| Untracked 
| 313|0x0000000093900000, 0x0000000093900000, 0x0000000093a00000|  0%| F|  |TAMS 0x0000000093900000, 0x0000000093900000| Untracked 
| 314|0x0000000093a00000, 0x0000000093a00000, 0x0000000093b00000|  0%| F|  |TAMS 0x0000000093a00000, 0x0000000093a00000| Untracked 
| 315|0x0000000093b00000, 0x0000000093b00000, 0x0000000093c00000|  0%| F|  |TAMS 0x0000000093b00000, 0x0000000093b00000| Untracked 
| 316|0x0000000093c00000, 0x0000000093c00000, 0x0000000093d00000|  0%| F|  |TAMS 0x0000000093c00000, 0x0000000093c00000| Untracked 
| 317|0x0000000093d00000, 0x0000000093d00000, 0x0000000093e00000|  0%| F|  |TAMS 0x0000000093d00000, 0x0000000093d00000| Untracked 
| 318|0x0000000093e00000, 0x0000000093e00000, 0x0000000093f00000|  0%| F|  |TAMS 0x0000000093e00000, 0x0000000093e00000| Untracked 
| 319|0x0000000093f00000, 0x0000000093f00000, 0x0000000094000000|  0%| F|  |TAMS 0x0000000093f00000, 0x0000000093f00000| Untracked 
| 320|0x0000000094000000, 0x0000000094000000, 0x0000000094100000|  0%| F|  |TAMS 0x0000000094000000, 0x0000000094000000| Untracked 
| 321|0x0000000094100000, 0x0000000094100000, 0x0000000094200000|  0%| F|  |TAMS 0x0000000094100000, 0x0000000094100000| Untracked 
| 322|0x0000000094200000, 0x0000000094200000, 0x0000000094300000|  0%| F|  |TAMS 0x0000000094200000, 0x0000000094200000| Untracked 
| 323|0x0000000094300000, 0x0000000094300000, 0x0000000094400000|  0%| F|  |TAMS 0x0000000094300000, 0x0000000094300000| Untracked 
| 324|0x0000000094400000, 0x0000000094400000, 0x0000000094500000|  0%| F|  |TAMS 0x0000000094400000, 0x0000000094400000| Untracked 
| 325|0x0000000094500000, 0x0000000094500000, 0x0000000094600000|  0%| F|  |TAMS 0x0000000094500000, 0x0000000094500000| Untracked 
| 326|0x0000000094600000, 0x0000000094600000, 0x0000000094700000|  0%| F|  |TAMS 0x0000000094600000, 0x0000000094600000| Untracked 
| 327|0x0000000094700000, 0x0000000094700000, 0x0000000094800000|  0%| F|  |TAMS 0x0000000094700000, 0x0000000094700000| Untracked 

Card table byte_map: [0x000001f321150000,0x000001f321550000] _byte_map_base: 0x000001f320d50000

Marking Bits (Prev, Next): (CMBitMap*) 0x000001f30e284b60, (CMBitMap*) 0x000001f30e284b28
 Prev Bits: [0x000001f323950000, 0x000001f325950000)
 Next Bits: [0x000001f321950000, 0x000001f323950000)

Polling page: 0x000001f30c0a0000

Metaspace:

Usage:
  Non-class:    137.76 MB capacity,   135.12 MB ( 98%) used,     2.18 MB (  2%) free+waste,   477.19 KB ( <1%) overhead. 
      Class:     20.06 MB capacity,    18.70 MB ( 93%) used,     1.16 MB (  6%) free+waste,   203.69 KB ( <1%) overhead. 
       Both:    157.82 MB capacity,   153.81 MB ( 97%) used,     3.34 MB (  2%) free+waste,   680.88 KB ( <1%) overhead. 

Virtual space:
  Non-class space:      138.00 MB reserved,     138.00 MB (100%) committed 
      Class space:        1.00 GB reserved,      20.20 MB (  2%) committed 
             Both:        1.13 GB reserved,     158.20 MB ( 14%) committed 

Chunk freelists:
   Non-Class:  52.00 KB
       Class:  38.00 KB
        Both:  90.00 KB

MaxMetaspaceSize: 17179869184.00 GB
CompressedClassSpaceSize: 1.00 GB
Initial GC threshold: 20.80 MB
Current GC threshold: 263.67 MB
CDS: off

CodeHeap 'non-profiled nmethods': size=120064Kb used=16584Kb max_used=16584Kb free=103480Kb
 bounds [0x000001f319810000, 0x000001f31a890000, 0x000001f320d50000]
CodeHeap 'profiled nmethods': size=120000Kb used=56470Kb max_used=58103Kb free=63529Kb
 bounds [0x000001f3122e0000, 0x000001f315be0000, 0x000001f319810000]
CodeHeap 'non-nmethods': size=5696Kb used=2513Kb max_used=2586Kb free=3182Kb
 bounds [0x000001f311d50000, 0x000001f311fe0000, 0x000001f3122e0000]
 total_blobs=25082 nmethods=24026 adapters=964
 compilation: enabled
              stopped_count=0, restarted_count=0
 full_count=0

Compilation events (20 events):
Event: 3004.458 Thread 0x000001f327e6a000 27651 %     3       com.android.tools.r8.internal.h4::Q @ 6 (80 bytes)
Event: 3004.460 Thread 0x000001f327e6a000 nmethod 27651% 0x000001f3130da610 code [0x000001f3130da860, 0x000001f3130db1b8]
Event: 3004.546 Thread 0x000001f33798c000 nmethod 27536 0x000001f31a87d290 code [0x000001f31a87d8e0, 0x000001f31a885278]
Event: 3004.546 Thread 0x000001f33798c000 27607       4       com.android.tools.r8.internal.B::equals (54 bytes)
Event: 3004.575 Thread 0x000001f327e6a000 27654       2       com.android.tools.r8.graph.c0::b (29 bytes)
Event: 3004.575 Thread 0x000001f327e6a000 nmethod 27654 0x000001f31398e490 code [0x000001f31398e640, 0x000001f31398e7a8]
Event: 3004.577 Thread 0x000001f33798c000 nmethod 27607 0x000001f319bf8a90 code [0x000001f319bf8cc0, 0x000001f319bf9678]
Event: 3004.578 Thread 0x000001f33798c000 27653       4       com.android.tools.r8.graph.c0::a (1050 bytes)
Event: 3004.581 Thread 0x000001f327e6a000 27655       1       com.android.tools.r8.internal.ss::X (5 bytes)
Event: 3004.581 Thread 0x000001f327e6a000 nmethod 27655 0x000001f319823e10 code [0x000001f319823fc0, 0x000001f319824078]
Event: 3004.581 Thread 0x000001f327e6a000 27656       2       com.android.tools.r8.internal.y8::<init> (15 bytes)
Event: 3004.581 Thread 0x000001f327e6a000 nmethod 27656 0x000001f313a03990 code [0x000001f313a03b40, 0x000001f313a03c98]
Event: 3004.583 Thread 0x000001f327e6a000 27657       2       com.android.tools.r8.internal.qo::b (47 bytes)
Event: 3004.584 Thread 0x000001f327e6a000 nmethod 27657 0x000001f31369d110 code [0x000001f31369d2e0, 0x000001f31369d508]
Event: 3004.591 Thread 0x000001f327e6a000 27659       2       com.android.tools.r8.internal.MJ::g (16 bytes)
Event: 3004.591 Thread 0x000001f327e6a000 nmethod 27659 0x000001f313a44610 code [0x000001f313a447c0, 0x000001f313a44918]
Event: 3004.664 Thread 0x000001f327e6a000 27662       2       com.android.tools.r8.internal.ZD::a (54 bytes)
Event: 3004.665 Thread 0x000001f327e6a000 nmethod 27662 0x000001f313166190 code [0x000001f3131663a0, 0x000001f3131668f8]
Event: 3004.665 Thread 0x000001f327e6a000 27663       2       com.android.tools.r8.internal.fn::i (40 bytes)
Event: 3004.666 Thread 0x000001f327e6a000 nmethod 27663 0x000001f3137ebf10 code [0x000001f3137ec0e0, 0x000001f3137ec368]

GC Heap History (20 events):
Event: 3000.202 GC heap after
{Heap after GC invocations=137 (full 0):
 garbage-first heap   total 335872K, used 208381K [0x0000000080000000, 0x0000000100000000)
  region size 1024K, 1 young (1024K), 1 survivors (1024K)
 Metaspace       used 157353K, capacity 161367K, committed 161740K, reserved 1189888K
  class space    used 19135K, capacity 20523K, committed 20684K, reserved 1048576K
}
Event: 3000.518 GC heap before
{Heap before GC invocations=137 (full 0):
 garbage-first heap   total 335872K, used 282109K [0x0000000080000000, 0x0000000100000000)
  region size 1024K, 73 young (74752K), 1 survivors (1024K)
 Metaspace       used 157359K, capacity 161431K, committed 161740K, reserved 1189888K
  class space    used 19135K, capacity 20523K, committed 20684K, reserved 1048576K
}
Event: 3000.525 GC heap after
{Heap after GC invocations=138 (full 0):
 garbage-first heap   total 335872K, used 208964K [0x0000000080000000, 0x0000000100000000)
  region size 1024K, 2 young (2048K), 2 survivors (2048K)
 Metaspace       used 157359K, capacity 161431K, committed 161740K, reserved 1189888K
  class space    used 19135K, capacity 20523K, committed 20684K, reserved 1048576K
}
Event: 3001.289 GC heap before
{Heap before GC invocations=138 (full 0):
 garbage-first heap   total 335872K, used 283716K [0x0000000080000000, 0x0000000100000000)
  region size 1024K, 75 young (76800K), 2 survivors (2048K)
 Metaspace       used 157380K, capacity 161496K, committed 161740K, reserved 1189888K
  class space    used 19135K, capacity 20523K, committed 20684K, reserved 1048576K
}
Event: 3001.299 GC heap after
{Heap after GC invocations=139 (full 0):
 garbage-first heap   total 335872K, used 209085K [0x0000000080000000, 0x0000000100000000)
  region size 1024K, 2 young (2048K), 2 survivors (2048K)
 Metaspace       used 157380K, capacity 161496K, committed 161740K, reserved 1189888K
  class space    used 19135K, capacity 20523K, committed 20684K, reserved 1048576K
}
Event: 3001.745 GC heap before
{Heap before GC invocations=140 (full 0):
 garbage-first heap   total 335872K, used 284861K [0x0000000080000000, 0x0000000100000000)
  region size 1024K, 76 young (77824K), 2 survivors (2048K)
 Metaspace       used 157404K, capacity 161519K, committed 161740K, reserved 1189888K
  class space    used 19140K, capacity 20531K, committed 20684K, reserved 1048576K
}
Event: 3001.760 GC heap after
{Heap after GC invocations=141 (full 0):
 garbage-first heap   total 335872K, used 209791K [0x0000000080000000, 0x0000000100000000)
  region size 1024K, 3 young (3072K), 3 survivors (3072K)
 Metaspace       used 157404K, capacity 161519K, committed 161740K, reserved 1189888K
  class space    used 19140K, capacity 20531K, committed 20684K, reserved 1048576K
}
Event: 3001.805 GC heap before
{Heap before GC invocations=141 (full 0):
 garbage-first heap   total 335872K, used 223103K [0x0000000080000000, 0x0000000100000000)
  region size 1024K, 16 young (16384K), 3 survivors (3072K)
 Metaspace       used 157408K, capacity 161519K, committed 161740K, reserved 1189888K
  class space    used 19140K, capacity 20531K, committed 20684K, reserved 1048576K
}
Event: 3001.830 GC heap after
{Heap after GC invocations=142 (full 0):
 garbage-first heap   total 335872K, used 207136K [0x0000000080000000, 0x0000000100000000)
  region size 1024K, 1 young (1024K), 1 survivors (1024K)
 Metaspace       used 157408K, capacity 161519K, committed 161740K, reserved 1189888K
  class space    used 19140K, capacity 20531K, committed 20684K, reserved 1048576K
}
Event: 3002.200 GC heap before
{Heap before GC invocations=142 (full 0):
 garbage-first heap   total 335872K, used 284960K [0x0000000080000000, 0x0000000100000000)
  region size 1024K, 77 young (78848K), 1 survivors (1024K)
 Metaspace       used 157429K, capacity 161521K, committed 161740K, reserved 1189888K
  class space    used 19141K, capacity 20532K, committed 20684K, reserved 1048576K
}
Event: 3002.207 GC heap after
{Heap after GC invocations=143 (full 0):
 garbage-first heap   total 335872K, used 207490K [0x0000000080000000, 0x0000000100000000)
  region size 1024K, 1 young (1024K), 1 survivors (1024K)
 Metaspace       used 157429K, capacity 161521K, committed 161740K, reserved 1189888K
  class space    used 19141K, capacity 20532K, committed 20684K, reserved 1048576K
}
Event: 3002.986 GC heap before
{Heap before GC invocations=143 (full 0):
 garbage-first heap   total 335872K, used 286338K [0x0000000080000000, 0x0000000100000000)
  region size 1024K, 78 young (79872K), 1 survivors (1024K)
 Metaspace       used 157440K, capacity 161523K, committed 161740K, reserved 1189888K
  class space    used 19141K, capacity 20532K, committed 20684K, reserved 1048576K
}
Event: 3002.996 GC heap after
{Heap after GC invocations=144 (full 0):
 garbage-first heap   total 335872K, used 207833K [0x0000000080000000, 0x0000000100000000)
  region size 1024K, 2 young (2048K), 2 survivors (2048K)
 Metaspace       used 157440K, capacity 161523K, committed 161740K, reserved 1189888K
  class space    used 19141K, capacity 20532K, committed 20684K, reserved 1048576K
}
Event: 3003.487 GC heap before
{Heap before GC invocations=145 (full 0):
 garbage-first heap   total 335872K, used 287705K [0x0000000080000000, 0x0000000100000000)
  region size 1024K, 80 young (81920K), 2 survivors (2048K)
 Metaspace       used 157465K, capacity 161596K, committed 161996K, reserved 1189888K
  class space    used 19143K, capacity 20535K, committed 20684K, reserved 1048576K
}
Event: 3003.497 GC heap after
{Heap after GC invocations=146 (full 0):
 garbage-first heap   total 335872K, used 208387K [0x0000000080000000, 0x0000000100000000)
  region size 1024K, 2 young (2048K), 2 survivors (2048K)
 Metaspace       used 157465K, capacity 161596K, committed 161996K, reserved 1189888K
  class space    used 19143K, capacity 20535K, committed 20684K, reserved 1048576K
}
Event: 3003.551 GC heap before
{Heap before GC invocations=146 (full 0):
 garbage-first heap   total 335872K, used 221699K [0x0000000080000000, 0x0000000100000000)
  region size 1024K, 16 young (16384K), 2 survivors (2048K)
 Metaspace       used 157470K, capacity 161597K, committed 161996K, reserved 1189888K
  class space    used 19143K, capacity 20535K, committed 20684K, reserved 1048576K
}
Event: 3003.569 GC heap after
{Heap after GC invocations=147 (full 0):
 garbage-first heap   total 335872K, used 205775K [0x0000000080000000, 0x0000000100000000)
  region size 1024K, 2 young (2048K), 2 survivors (2048K)
 Metaspace       used 157470K, capacity 161597K, committed 161996K, reserved 1189888K
  class space    used 19143K, capacity 20535K, committed 20684K, reserved 1048576K
}
Event: 3003.911 GC heap before
{Heap before GC invocations=147 (full 0):
 garbage-first heap   total 335872K, used 286671K [0x0000000080000000, 0x0000000100000000)
  region size 1024K, 81 young (82944K), 2 survivors (2048K)
 Metaspace       used 157478K, capacity 161605K, committed 161996K, reserved 1189888K
  class space    used 19145K, capacity 20538K, committed 20684K, reserved 1048576K
}
Event: 3003.922 GC heap after
{Heap after GC invocations=148 (full 0):
 garbage-first heap   total 335872K, used 205727K [0x0000000080000000, 0x0000000100000000)
  region size 1024K, 2 young (2048K), 2 survivors (2048K)
 Metaspace       used 157478K, capacity 161605K, committed 161996K, reserved 1189888K
  class space    used 19145K, capacity 20538K, committed 20684K, reserved 1048576K
}
Event: 3004.719 GC heap before
{Heap before GC invocations=148 (full 0):
 garbage-first heap   total 335872K, used 288671K [0x0000000080000000, 0x0000000100000000)
  region size 1024K, 83 young (84992K), 2 survivors (2048K)
 Metaspace       used 157505K, capacity 161606K, committed 161996K, reserved 1189888K
  class space    used 19145K, capacity 20538K, committed 20684K, reserved 1048576K
}

Deoptimization events (20 events):
Event: 3003.826 Thread 0x000001f32952b800 DEOPT PACKING pc=0x000001f3157ba3c6 sp=0x000000738b6f8f80
Event: 3003.826 Thread 0x000001f32952b800 DEOPT UNPACKING pc=0x000001f311d9a95e sp=0x000000738b6f8740 mode 0
Event: 3003.870 Thread 0x000001f32952b800 DEOPT PACKING pc=0x000001f3157ba3c6 sp=0x000000738b6f8f80
Event: 3003.870 Thread 0x000001f32952b800 DEOPT UNPACKING pc=0x000001f311d9a95e sp=0x000000738b6f8740 mode 0
Event: 3004.114 Thread 0x000001f32952f800 DEOPT PACKING pc=0x000001f3157ba3c6 sp=0x000000738b7f9120
Event: 3004.114 Thread 0x000001f32952f800 DEOPT UNPACKING pc=0x000001f311d9a95e sp=0x000000738b7f88e0 mode 0
Event: 3004.206 Thread 0x000001f32952f800 DEOPT PACKING pc=0x000001f315681c88 sp=0x000000738b7f8bf0
Event: 3004.206 Thread 0x000001f32952f800 DEOPT UNPACKING pc=0x000001f311d9a95e sp=0x000000738b7f8470 mode 0
Event: 3004.325 Thread 0x000001f32952b800 DEOPT PACKING pc=0x000001f315681c88 sp=0x000000738b6f8a50
Event: 3004.325 Thread 0x000001f32952b800 DEOPT UNPACKING pc=0x000001f311d9a95e sp=0x000000738b6f82d0 mode 0
Event: 3004.460 Thread 0x000001f32952f800 DEOPT PACKING pc=0x000001f3155534e5 sp=0x000000738b7f95b0
Event: 3004.460 Thread 0x000001f32952f800 DEOPT UNPACKING pc=0x000001f311d9a95e sp=0x000000738b7f8a48 mode 0
Event: 3004.513 Thread 0x000001f32952f800 DEOPT PACKING pc=0x000001f315681c88 sp=0x000000738b7f9080
Event: 3004.513 Thread 0x000001f32952f800 DEOPT UNPACKING pc=0x000001f311d9a95e sp=0x000000738b7f8900 mode 0
Event: 3004.560 Thread 0x000001f32952b800 Uncommon trap: trap_request=0xffffff76 fr.pc=0x000001f31a882d9c relative=0x00000000000054bc
Event: 3004.560 Thread 0x000001f32952b800 Uncommon trap: reason=loop_limit_check action=maybe_recompile pc=0x000001f31a882d9c method=com.android.tools.r8.graph.c0.a(IILcom/android/tools/r8/internal/Ko;)V @ 308 c2
Event: 3004.560 Thread 0x000001f32952b800 DEOPT PACKING pc=0x000001f31a882d9c sp=0x000000738b6f9210
Event: 3004.560 Thread 0x000001f32952b800 DEOPT UNPACKING pc=0x000001f311d9a1af sp=0x000000738b6f9270 mode 2
Event: 3004.563 Thread 0x000001f32952b800 DEOPT PACKING pc=0x000001f3157ba3c6 sp=0x000000738b6f8f80
Event: 3004.563 Thread 0x000001f32952b800 DEOPT UNPACKING pc=0x000001f311d9a95e sp=0x000000738b6f8740 mode 0

Classes redefined (0 events):
No events

Internal exceptions (20 events):
Event: 2991.560 Thread 0x000001f32ad11800 Exception <a 'java/lang/NullPointerException'{0x0000000092a3aa28}> (0x0000000092a3aa28) thrown at [./src/hotspot/share/runtime/sharedRuntime.cpp, line 607]
Event: 2991.560 Thread 0x000001f32ad11800 Implicit null exception at 0x000001f3153a5e83 to 0x000001f3153a617e
Event: 2991.560 Thread 0x000001f32ad11800 Exception <a 'java/lang/NullPointerException'{0x0000000092a423d8}> (0x0000000092a423d8) thrown at [./src/hotspot/share/runtime/sharedRuntime.cpp, line 607]
Event: 2991.564 Thread 0x000001f32ad11800 Implicit null exception at 0x000001f3153a5e83 to 0x000001f3153a617e
Event: 2991.564 Thread 0x000001f32ad11800 Exception <a 'java/lang/NullPointerException'{0x000000009290d7d8}> (0x000000009290d7d8) thrown at [./src/hotspot/share/runtime/sharedRuntime.cpp, line 607]
Event: 2991.768 Thread 0x000001f32952f800 Exception <a 'java/lang/IncompatibleClassChangeError'{0x0000000090275648}: Found class java.lang.Object, but interface was expected> (0x0000000090275648) thrown at [./src/hotspot/share/interpreter/linkResolver.cpp, line 839]
Event: 2992.300 Thread 0x000001f32952f800 Exception <a 'java/lang/NoSuchMethodError'{0x00000000913c0378}: 'java.lang.Object java.lang.invoke.DirectMethodHandle$Holder.invokeStatic(java.lang.Object, int, java.lang.Object, java.lang.Object)'> (0x00000000913c0378) thrown at [./src/hotspot/share/interpreter/linkResolver.cpp, line 773]
Event: 2993.405 Thread 0x000001f32952f800 Exception <a 'java/lang/NoSuchMethodError'{0x0000000093444460}: 'int java.lang.invoke.DirectMethodHandle$Holder.invokeSpecial(java.lang.Object, java.lang.Object, java.lang.Object, java.lang.Object, java.lang.Object)'> (0x0000000093444460) thrown at [./src/hotspot/share/interpreter/linkResolver.cpp, line 773]
Event: 2993.448 Thread 0x000001f32952b800 Exception <a 'java/lang/IncompatibleClassChangeError'{0x0000000093336ff8}: Found class java.lang.Object, but interface was expected> (0x0000000093336ff8) thrown at [./src/hotspot/share/interpreter/linkResolver.cpp, line 839]
Event: 2993.450 Thread 0x000001f32952b800 Exception <a 'java/lang/IncompatibleClassChangeError'{0x0000000093340070}: Found class java.lang.Object, but interface was expected> (0x0000000093340070) thrown at [./src/hotspot/share/interpreter/linkResolver.cpp, line 839]
Event: 2993.514 Thread 0x000001f32952f800 Exception <a 'java/lang/NoSuchMethodError'{0x000000009316b250}: 'void java.lang.invoke.DirectMethodHandle$Holder.invokeSpecial(java.lang.Object, java.lang.Object, int, java.lang.Object)'> (0x000000009316b250) thrown at [./src/hotspot/share/interpreter/linkResolver.cpp, line 773]
Event: 2993.602 Thread 0x000001f32952b800 Exception <a 'java/lang/NoSuchMethodError'{0x0000000092fcffb0}: 'java.lang.Object java.lang.invoke.DirectMethodHandle$Holder.newInvokeSpecial(java.lang.Object, int)'> (0x0000000092fcffb0) thrown at [./src/hotspot/share/interpreter/linkResolver.cpp, line 773]
Event: 2993.602 Thread 0x000001f32952f800 Exception <a 'java/lang/NoSuchMethodError'{0x0000000092efee40}: 'java.lang.Object java.lang.invoke.DirectMethodHandle$Holder.newInvokeSpecial(java.lang.Object, int)'> (0x0000000092efee40) thrown at [./src/hotspot/share/interpreter/linkResolver.cpp, line 773]
Event: 2993.882 Thread 0x000001f32952f800 Exception <a 'java/lang/NoSuchMethodError'{0x00000000926e6840}: 'java.lang.Object java.lang.invoke.DirectMethodHandle$Holder.invokeSpecial(java.lang.Object, java.lang.Object, java.lang.Object, java.lang.Object, java.lang.Object, java.lang.Object, java.lang.Object, java.lang.Object, java.lang.Object, java.lang.Object, java.lang.Object)'> (0x00000000926e6840) thrown at [./src/hotspot/share/interpreter/linkResolver.cpp, line 773]
Event: 2993.883 Thread 0x000001f32952f800 Exception <a 'java/lang/NoSuchMethodError'{0x00000000924082f8}: 'java.lang.Object java.lang.invoke.Invokers$Holder.linkToTargetMethod(java.lang.Object, java.lang.Object, java.lang.Object, java.lang.Object, java.lang.Object, java.lang.Object, java.lang.Object, java.lang.Object, java.lang.Object, java.lang.Object)'> (0x00000000924082f8) thrown at [./src/hotspot/share/interpreter/linkResolver.cpp, line 773]
Event: 2993.915 Thread 0x000001f32952f800 Exception <a 'java/lang/IncompatibleClassChangeError'{0x00000000924f0858}: Found class java.lang.Object, but interface was expected> (0x00000000924f0858) thrown at [./src/hotspot/share/interpreter/linkResolver.cpp, line 839]
Event: 2995.950 Thread 0x000001f32952f800 Implicit null exception at 0x000001f31a723a10 to 0x000001f31a723b1c
Event: 2998.267 Thread 0x000001f32952b800 Implicit null exception at 0x000001f31a7c6a00 to 0x000001f31a7ce3f8
Event: 2999.130 Thread 0x000001f32952b800 Exception <a 'java/lang/NoSuchMethodError'{0x0000000092a4d1f0}: 'int java.lang.invoke.DirectMethodHandle$Holder.invokeInterface(java.lang.Object, java.lang.Object, int)'> (0x0000000092a4d1f0) thrown at [./src/hotspot/share/interpreter/linkResolver.cpp, line 773]
Event: 2999.685 Thread 0x000001f32952b800 Implicit null exception at 0x000001f31a7fc508 to 0x000001f31a7fcbec

Events (20 events):
Event: 3003.497 Executing VM operation: G1CollectForAllocation done
Event: 3003.550 Executing VM operation: G1CollectForAllocation
Event: 3003.569 Executing VM operation: G1CollectForAllocation done
Event: 3003.630 loading class com/android/tools/r8/internal/mV
Event: 3003.630 loading class com/android/tools/r8/internal/mV done
Event: 3003.630 loading class com/android/tools/r8/internal/mV
Event: 3003.630 loading class com/android/tools/r8/internal/mV done
Event: 3003.630 loading class com/android/tools/r8/internal/lV
Event: 3003.630 loading class com/android/tools/r8/internal/lV done
Event: 3003.630 loading class com/android/tools/r8/code/G0
Event: 3003.630 loading class com/android/tools/r8/code/G0 done
Event: 3003.630 loading class com/android/tools/r8/code/G0
Event: 3003.630 loading class com/android/tools/r8/code/G0 done
Event: 3003.631 loading class com/android/tools/r8/code/G0
Event: 3003.631 loading class com/android/tools/r8/code/G0 done
Event: 3003.910 Executing VM operation: G1CollectForAllocation
Event: 3003.922 Executing VM operation: G1CollectForAllocation done
Event: 3004.515 Executing VM operation: CGC_Operation
Event: 3004.540 Executing VM operation: CGC_Operation done
Event: 3004.716 Executing VM operation: G1CollectForAllocation


Dynamic libraries:
0x00007ff729bd0000 - 0x00007ff729bda000 	F:\AndroidStudio\jre\bin\java.exe
0x00007ff8f8990000 - 0x00007ff8f8b88000 	C:\WINDOWS\SYSTEM32\ntdll.dll
0x00007ff8f8740000 - 0x00007ff8f8802000 	C:\WINDOWS\System32\KERNEL32.DLL
0x00007ff8f6130000 - 0x00007ff8f642e000 	C:\WINDOWS\System32\KERNELBASE.dll
0x00007ff8f6030000 - 0x00007ff8f6130000 	C:\WINDOWS\System32\ucrtbase.dll
0x00007ff8edaf0000 - 0x00007ff8edb09000 	F:\AndroidStudio\jre\bin\jli.dll
0x00007ff8f6b60000 - 0x00007ff8f6cfd000 	C:\WINDOWS\System32\USER32.dll
0x00007ff8cfba0000 - 0x00007ff8cfe3a000 	C:\WINDOWS\WinSxS\amd64_microsoft.windows.common-controls_6595b64144ccf1df_6.0.19041.4355_none_60b8b9eb71f62e16\COMCTL32.dll
0x00007ff8f6700000 - 0x00007ff8f6722000 	C:\WINDOWS\System32\win32u.dll
0x00007ff8f76a0000 - 0x00007ff8f773e000 	C:\WINDOWS\System32\msvcrt.dll
0x00007ff8f8710000 - 0x00007ff8f873b000 	C:\WINDOWS\System32\GDI32.dll
0x00007ff8f6890000 - 0x00007ff8f69a7000 	C:\WINDOWS\System32\gdi32full.dll
0x00007ff8f6480000 - 0x00007ff8f651d000 	C:\WINDOWS\System32\msvcp_win.dll
0x00007ff8ed9a0000 - 0x00007ff8ed9b7000 	F:\AndroidStudio\jre\bin\VCRUNTIME140.dll
0x00007ff8f7740000 - 0x00007ff8f776f000 	C:\WINDOWS\System32\IMM32.DLL
0x00007ff8cc190000 - 0x00007ff8cc22d000 	F:\AndroidStudio\jre\bin\msvcp140.dll
0x00007ff8ba2f0000 - 0x00007ff8badd5000 	F:\AndroidStudio\jre\bin\server\jvm.dll
0x00007ff8f6f40000 - 0x00007ff8f6ff1000 	C:\WINDOWS\System32\ADVAPI32.dll
0x00007ff8f7840000 - 0x00007ff8f78df000 	C:\WINDOWS\System32\sechost.dll
0x00007ff8f6df0000 - 0x00007ff8f6f13000 	C:\WINDOWS\System32\RPCRT4.dll
0x00007ff8f6590000 - 0x00007ff8f65b7000 	C:\WINDOWS\System32\bcrypt.dll
0x00007ff8f7000000 - 0x00007ff8f7008000 	C:\WINDOWS\System32\PSAPI.DLL
0x00007ff8d9520000 - 0x00007ff8d9529000 	C:\WINDOWS\SYSTEM32\WSOCK32.dll
0x00007ff8d3d80000 - 0x00007ff8d3da7000 	C:\WINDOWS\SYSTEM32\WINMM.dll
0x00007ff8f7ed0000 - 0x00007ff8f7f3b000 	C:\WINDOWS\System32\WS2_32.dll
0x00007ff8ec440000 - 0x00007ff8ec44a000 	C:\WINDOWS\SYSTEM32\VERSION.dll
0x00007ff8f4850000 - 0x00007ff8f4862000 	C:\WINDOWS\SYSTEM32\kernel.appcore.dll
0x00007ff8ef710000 - 0x00007ff8ef721000 	F:\AndroidStudio\jre\bin\verify.dll
0x00007ff8f4570000 - 0x00007ff8f4754000 	C:\WINDOWS\SYSTEM32\DBGHELP.DLL
0x00007ff8e19e0000 - 0x00007ff8e1a14000 	C:\WINDOWS\SYSTEM32\dbgcore.DLL
0x00007ff8f65c0000 - 0x00007ff8f6642000 	C:\WINDOWS\System32\bcryptPrimitives.dll
0x00007ff8ef520000 - 0x00007ff8ef549000 	F:\AndroidStudio\jre\bin\java.dll
0x00007ff8f07d0000 - 0x00007ff8f07db000 	F:\AndroidStudio\jre\bin\jimage.dll
0x00007ff8ef500000 - 0x00007ff8ef518000 	F:\AndroidStudio\jre\bin\zip.dll
0x00007ff8f7fa0000 - 0x00007ff8f870d000 	C:\WINDOWS\System32\SHELL32.dll
0x00007ff8f3cf0000 - 0x00007ff8f4494000 	C:\WINDOWS\SYSTEM32\windows.storage.dll
0x00007ff8f7ac0000 - 0x00007ff8f7e13000 	C:\WINDOWS\System32\combase.dll
0x00007ff8f5990000 - 0x00007ff8f59be000 	C:\WINDOWS\SYSTEM32\Wldp.dll
0x00007ff8f7770000 - 0x00007ff8f783d000 	C:\WINDOWS\System32\OLEAUT32.dll
0x00007ff8f7570000 - 0x00007ff8f761d000 	C:\WINDOWS\System32\SHCORE.dll
0x00007ff8f7f40000 - 0x00007ff8f7f95000 	C:\WINDOWS\System32\shlwapi.dll
0x00007ff8f5f60000 - 0x00007ff8f5f84000 	C:\WINDOWS\SYSTEM32\profapi.dll
0x00007ff8ef370000 - 0x00007ff8ef38a000 	F:\AndroidStudio\jre\bin\net.dll
0x00007ff8e6780000 - 0x00007ff8e688d000 	C:\WINDOWS\SYSTEM32\WINHTTP.dll
0x00007ff8f56f0000 - 0x00007ff8f575a000 	C:\WINDOWS\system32\mswsock.dll
0x00007ff8ef250000 - 0x00007ff8ef264000 	F:\AndroidStudio\jre\bin\nio.dll
0x00007ff8e39e0000 - 0x00007ff8e3a07000 	C:\Users\Sultan\.gradle\native\e1d6ef7f7dcc3fd88c89a11ec53ec762bb8ba0a96d01ffa2cd45eb1d1d8dd5c5\windows-amd64\native-platform.dll
0x00007ff8cc040000 - 0x00007ff8cc184000 	C:\Users\Sultan\.gradle\native\5664cfc778a61ccfe75a443a1ab52a65af34e5dc3c78e0209fed803814484fcb\windows-amd64\native-platform-file-events.dll
0x00007ff8ef750000 - 0x00007ff8ef75a000 	F:\AndroidStudio\jre\bin\management.dll
0x00007ff8ef4d0000 - 0x00007ff8ef4dd000 	F:\AndroidStudio\jre\bin\management_ext.dll
0x00007ff8f58e0000 - 0x00007ff8f58f8000 	C:\WINDOWS\SYSTEM32\CRYPTSP.dll
0x00007ff8f5010000 - 0x00007ff8f5044000 	C:\WINDOWS\system32\rsaenh.dll
0x00007ff8f5f20000 - 0x00007ff8f5f4e000 	C:\WINDOWS\SYSTEM32\USERENV.dll
0x00007ff8f5900000 - 0x00007ff8f590c000 	C:\WINDOWS\SYSTEM32\CRYPTBASE.dll
0x00007ff8f53d0000 - 0x00007ff8f540b000 	C:\WINDOWS\SYSTEM32\IPHLPAPI.DLL
0x00007ff8f8940000 - 0x00007ff8f8948000 	C:\WINDOWS\System32\NSI.dll
0x00007ff8ebae0000 - 0x00007ff8ebaf7000 	C:\WINDOWS\SYSTEM32\dhcpcsvc6.DLL
0x00007ff8ebb60000 - 0x00007ff8ebb7d000 	C:\WINDOWS\SYSTEM32\dhcpcsvc.DLL
0x00007ff8f5410000 - 0x00007ff8f54da000 	C:\WINDOWS\SYSTEM32\DNSAPI.dll
0x00007ff8ebbc0000 - 0x00007ff8ebbe7000 	F:\AndroidStudio\jre\bin\sunec.dll
0x00007ff8e6320000 - 0x00007ff8e632a000 	C:\Windows\System32\rasadhlp.dll
0x00007ff8e6240000 - 0x00007ff8e62c0000 	C:\WINDOWS\System32\fwpuclnt.dll
0x00007ff8f5260000 - 0x00007ff8f5293000 	C:\WINDOWS\SYSTEM32\ntmarta.dll

dbghelp: loaded successfully - version: 4.0.5 - missing functions: none
symbol engine: initialized successfully - sym options: 0x614 - pdb path: .;F:\AndroidStudio\jre\bin;C:\WINDOWS\SYSTEM32;C:\WINDOWS\WinSxS\amd64_microsoft.windows.common-controls_6595b64144ccf1df_6.0.19041.4355_none_60b8b9eb71f62e16;F:\AndroidStudio\jre\bin\server;C:\Users\Sultan\.gradle\native\e1d6ef7f7dcc3fd88c89a11ec53ec762bb8ba0a96d01ffa2cd45eb1d1d8dd5c5\windows-amd64;C:\Users\Sultan\.gradle\native\5664cfc778a61ccfe75a443a1ab52a65af34e5dc3c78e0209fed803814484fcb\windows-amd64

VM Arguments:
jvm_args: --add-opens=java.base/java.util=ALL-UNNAMED --add-opens=java.base/java.lang=ALL-UNNAMED --add-opens=java.base/java.lang.invoke=ALL-UNNAMED --add-opens=java.base/java.util=ALL-UNNAMED --add-opens=java.prefs/java.util.prefs=ALL-UNNAMED --add-opens=java.prefs/java.util.prefs=ALL-UNNAMED --add-opens=java.base/java.nio.charset=ALL-UNNAMED --add-opens=java.base/java.net=ALL-UNNAMED --add-opens=java.base/java.util.concurrent.atomic=ALL-UNNAMED -Xmx2048m -Dfile.encoding=UTF-8 -Duser.country=RU -Duser.language=ru -Duser.variant 
java_command: org.gradle.launcher.daemon.bootstrap.GradleDaemon 7.3.3
java_class_path (initial): C:\Users\Sultan\.gradle\wrapper\dists\gradle-7.3.3-bin\6a41zxkdtcxs8rphpq6y0069z\gradle-7.3.3\lib\gradle-launcher-7.3.3.jar
Launcher Type: SUN_STANDARD

[Global flags]
     intx CICompilerCount                          = 3                                         {product} {ergonomic}
     uint ConcGCThreads                            = 1                                         {product} {ergonomic}
     uint G1ConcRefinementThreads                  = 4                                         {product} {ergonomic}
   size_t G1HeapRegionSize                         = 1048576                                   {product} {ergonomic}
    uintx GCDrainStackTargetSize                   = 64                                        {product} {ergonomic}
   size_t InitialHeapSize                          = 134217728                                 {product} {ergonomic}
   size_t MarkStackSize                            = 4194304                                   {product} {ergonomic}
   size_t MaxHeapSize                              = 2147483648                                {product} {command line}
   size_t MaxNewSize                               = 1287651328                                {product} {ergonomic}
   size_t MinHeapDeltaBytes                        = 1048576                                   {product} {ergonomic}
    uintx NonNMethodCodeHeapSize                   = 5830732                                {pd product} {ergonomic}
    uintx NonProfiledCodeHeapSize                  = 122913754                              {pd product} {ergonomic}
    uintx ProfiledCodeHeapSize                     = 122913754                              {pd product} {ergonomic}
    uintx ReservedCodeCacheSize                    = 251658240                              {pd product} {ergonomic}
     bool SegmentedCodeCache                       = true                                      {product} {ergonomic}
     bool UseCompressedClassPointers               = true                                 {lp64_product} {ergonomic}
     bool UseCompressedOops                        = true                                 {lp64_product} {ergonomic}
     bool UseG1GC                                  = true                                      {product} {ergonomic}
     bool UseLargePagesIndividualAllocation        = false                                  {pd product} {ergonomic}

Logging:
Log output configuration:
 #0: stdout all=warning uptime,level,tags
 #1: stderr all=off uptime,level,tags

Environment Variables:
JAVA_HOME=C:\Program Files\Java\jdk-18.0.2.1
PATH=C:\Program Files\Common Files\Oracle\Java\javapath;C:\Program Files (x86)\Common Files\Oracle\Java\javapath;C:\WINDOWS\system32;C:\WINDOWS;C:\WINDOWS\System32\Wbem;C:\WINDOWS\System32\WindowsPowerShell\v1.0\;C:\WINDOWS\System32\OpenSSH\;C:\Program Files\Java\jdk-18.0.2.1\bin;F:\Git\cmd;F:\dart-sass\dart-sass;C:\Program Files\Microsoft SQL Server\150\Tools\Binn\;C:\Program Files\Microsoft SQL Server\Client SDK\ODBC\170\Tools\Binn\;C:\Program Files\dotnet\;C:\Program Files\Cloudflare\Cloudflare WARP\;C:\Users\Sultan\AppData\Local\Microsoft\WindowsApps;;F:\IntelliJ IDEA Community Edition 2024.2.1\bin;;F:\Microsoft VS Code\bin;C:\Users\Sultan\.dotnet\tools;F:\Nmap
USERNAME=Sultan
OS=Windows_NT
PROCESSOR_IDENTIFIER=Intel64 Family 6 Model 142 Stepping 10, GenuineIntel



---------------  S Y S T E M  ---------------

OS: Windows 10 , 64 bit Build 19041 (10.0.19041.5072)
OS uptime: 0 days 6:54 hours

CPU:total 4 (initial active 4) (2 cores per cpu, 2 threads per core) family 6 model 142 stepping 10 microcode 0xb4, cmov, cx8, fxsr, mmx, sse, sse2, sse3, ssse3, sse4.1, sse4.2, popcnt, avx, avx2, aes, clmul, erms, 3dnowpref, lzcnt, ht, tsc, tscinvbit, bmi1, bmi2, adx, fma

Memory: 4k page, system-wide physical 8108M (381M free)
TotalPageFile size 10156M (AvailPageFile size 10M)
current process WorkingSet (physical memory assigned to process): 649M, peak: 658M
current process commit charge ("private bytes"): 873M, peak: 945M

vm_info: OpenJDK 64-Bit Server VM (11.0.12+7-b1504.28-7817840) for windows-amd64 JRE (11.0.12+7-b1504.28-7817840), built on Oct 13 2021 22:12:33 by "builder" with MS VC++ 14.0 (VS2015)

END.
